<?xml version="1.0" encoding="UTF-8"?>
<coverage generated="1774968897536" clover="3.2.0">
  <project timestamp="1774968897536" name="All files">
    <metrics statements="566" coveredstatements="516" conditionals="244" coveredconditionals="197" methods="67" coveredmethods="57" elements="877" coveredelements="770" complexity="0" loc="566" ncloc="566" packages="3" files="11" classes="11"/>
    <package name="apis">
      <metrics statements="103" coveredstatements="98" conditionals="86" coveredconditionals="67" methods="6" coveredmethods="6"/>
      <file name="apify.ts" path="/Users/bruno.teixeira/Downloads/bsb_price_track/src/apis/apify.ts">
        <metrics statements="68" coveredstatements="67" conditionals="58" coveredconditionals="48" methods="5" coveredmethods="5"/>
        <line num="1" count="1" type="stmt"/>
        <line num="2" count="1" type="stmt"/>
        <line num="4" count="1" type="stmt"/>
        <line num="6" count="1" type="stmt"/>
        <line num="12" count="1" type="stmt"/>
        <line num="24" count="2" type="stmt"/>
        <line num="25" count="5" type="stmt"/>
        <line num="35" count="7" type="cond" truecount="0" falsecount="1"/>
        <line num="36" count="7" type="stmt"/>
        <line num="37" count="7" type="cond" truecount="1" falsecount="0"/>
        <line num="38" count="3" type="cond" truecount="1" falsecount="0"/>
        <line num="39" count="1" type="cond" truecount="1" falsecount="1"/>
        <line num="40" count="1" type="cond" truecount="1" falsecount="2"/>
        <line num="42" count="2" type="stmt"/>
        <line num="74" count="1" type="stmt"/>
        <line num="75" count="23" type="stmt"/>
        <line num="77" count="23" type="stmt"/>
        <line num="78" count="23" type="stmt"/>
        <line num="79" count="23" type="stmt"/>
        <line num="81" count="23" type="stmt"/>
        <line num="105" count="23" type="stmt"/>
        <line num="106" count="27" type="stmt"/>
        <line num="107" count="27" type="stmt"/>
        <line num="108" count="27" type="stmt"/>
        <line num="117" count="20" type="stmt"/>
        <line num="120" count="20" type="stmt"/>
        <line num="122" count="20" type="stmt"/>
        <line num="124" count="14" type="stmt"/>
        <line num="127" count="14" type="cond" truecount="1" falsecount="0"/>
        <line num="134" count="3" type="stmt"/>
        <line num="135" count="3" type="cond" truecount="4" falsecount="0"/>
        <line num="136" count="2" type="stmt"/>
        <line num="145" count="14" type="stmt"/>
        <line num="150" count="14" type="stmt"/>
        <line num="151" count="16" type="cond" truecount="1" falsecount="0"/>
        <line num="153" count="15" type="cond" truecount="1" falsecount="1"/>
        <line num="154" count="15" type="stmt"/>
        <line num="155" count="15" type="stmt"/>
        <line num="156" count="15" type="cond" truecount="2" falsecount="0"/>
        <line num="157" count="15" type="stmt"/>
        <line num="158" count="15" type="stmt"/>
        <line num="159" count="15" type="stmt"/>
        <line num="160" count="15" type="stmt"/>
        <line num="161" count="15" type="cond" truecount="2" falsecount="0"/>
        <line num="162" count="15" type="cond" truecount="3" falsecount="1"/>
        <line num="165" count="15" type="cond" truecount="1" falsecount="1"/>
        <line num="169" count="15" type="stmt"/>
        <line num="170" count="15" type="stmt"/>
        <line num="171" count="15" type="cond" truecount="3" falsecount="0"/>
        <line num="172" count="10" type="stmt"/>
        <line num="173" count="10" type="stmt"/>
        <line num="174" count="10" type="cond" truecount="3" falsecount="0"/>
        <line num="175" count="10" type="stmt"/>
        <line num="179" count="15" type="cond" truecount="3" falsecount="0"/>
        <line num="180" count="5" type="cond" truecount="2" falsecount="0"/>
        <line num="181" count="5" type="cond" truecount="0" falsecount="1"/>
        <line num="185" count="15" type="stmt"/>
        <line num="188" count="15" type="stmt"/>
        <line num="190" count="15" type="stmt"/>
        <line num="212" count="20" type="stmt"/>
        <line num="213" count="20" type="stmt"/>
        <line num="216" count="7" type="stmt"/>
        <line num="217" count="7" type="cond" truecount="3" falsecount="0"/>
        <line num="218" count="4" type="stmt"/>
        <line num="219" count="4" type="stmt"/>
        <line num="221" count="3" type="stmt"/>
        <line num="222" count="3" type="stmt"/>
        <line num="228" count="0" type="stmt"/>
      </file>
      <file name="rapidapi.ts" path="/Users/bruno.teixeira/Downloads/bsb_price_track/src/apis/rapidapi.ts">
        <metrics statements="35" coveredstatements="31" conditionals="28" coveredconditionals="19" methods="1" coveredmethods="1"/>
        <line num="1" count="1" type="stmt"/>
        <line num="2" count="1" type="stmt"/>
        <line num="4" count="1" type="stmt"/>
        <line num="10" count="1" type="stmt"/>
        <line num="12" count="1" type="stmt"/>
        <line num="31" count="1" type="stmt"/>
        <line num="32" count="6" type="stmt"/>
        <line num="34" count="6" type="stmt"/>
        <line num="36" count="6" type="stmt"/>
        <line num="47" count="5" type="cond" truecount="2" falsecount="0"/>
        <line num="48" count="5" type="cond" truecount="2" falsecount="0"/>
        <line num="49" count="5" type="cond" truecount="2" falsecount="0"/>
        <line num="50" count="5" type="cond" truecount="2" falsecount="0"/>
        <line num="53" count="5" type="stmt"/>
        <line num="75" count="5" type="cond" truecount="1" falsecount="1"/>
        <line num="77" count="5" type="stmt"/>
        <line num="79" count="5" type="stmt"/>
        <line num="81" count="5" type="stmt"/>
        <line num="82" count="6" type="stmt"/>
        <line num="83" count="6" type="cond" truecount="3" falsecount="0"/>
        <line num="85" count="4" type="stmt"/>
        <line num="86" count="4" type="stmt"/>
        <line num="87" count="4" type="cond" truecount="1" falsecount="1"/>
        <line num="90" count="4" type="stmt"/>
        <line num="91" count="4" type="stmt"/>
        <line num="92" count="4" type="cond" truecount="3" falsecount="1"/>
        <line num="93" count="0" type="stmt"/>
        <line num="94" count="0" type="stmt"/>
        <line num="95" count="0" type="cond" truecount="0" falsecount="3"/>
        <line num="96" count="0" type="stmt"/>
        <line num="100" count="4" type="stmt"/>
        <line num="102" count="4" type="stmt"/>
        <line num="119" count="5" type="stmt"/>
        <line num="121" count="1" type="stmt"/>
        <line num="122" count="1" type="stmt"/>
      </file>
    </package>
    <package name="services">
      <metrics statements="445" coveredstatements="400" conditionals="156" coveredconditionals="128" methods="57" coveredmethods="47"/>
      <file name="currency.ts" path="/Users/bruno.teixeira/Downloads/bsb_price_track/src/services/currency.ts">
        <metrics statements="32" coveredstatements="32" conditionals="9" coveredconditionals="6" methods="4" coveredmethods="4"/>
        <line num="1" count="10" type="stmt"/>
        <line num="5" count="10" type="stmt"/>
        <line num="7" count="10" type="stmt"/>
        <line num="8" count="10" type="stmt"/>
        <line num="10" count="10" type="stmt"/>
        <line num="11" count="7" type="cond" truecount="3" falsecount="0"/>
        <line num="12" count="1" type="stmt"/>
        <line num="15" count="6" type="stmt"/>
        <line num="16" count="6" type="stmt"/>
        <line num="20" count="4" type="stmt"/>
        <line num="21" count="4" type="cond" truecount="0" falsecount="1"/>
        <line num="23" count="4" type="stmt"/>
        <line num="24" count="4" type="stmt"/>
        <line num="25" count="4" type="stmt"/>
        <line num="27" count="2" type="stmt"/>
        <line num="28" count="2" type="stmt"/>
        <line num="32" count="10" type="stmt"/>
        <line num="33" count="5" type="cond" truecount="1" falsecount="0"/>
        <line num="35" count="4" type="cond" truecount="1" falsecount="0"/>
        <line num="36" count="2" type="stmt"/>
        <line num="37" count="2" type="stmt"/>
        <line num="41" count="2" type="stmt"/>
        <line num="42" count="2" type="stmt"/>
        <line num="46" count="1" type="stmt"/>
        <line num="47" count="1" type="cond" truecount="0" falsecount="1"/>
        <line num="48" count="1" type="stmt"/>
        <line num="51" count="1" type="cond" truecount="1" falsecount="1"/>
        <line num="53" count="1" type="stmt"/>
        <line num="55" count="1" type="stmt"/>
        <line num="56" count="1" type="stmt"/>
        <line num="60" count="10" type="stmt"/>
        <line num="61" count="20" type="stmt"/>
      </file>
      <file name="healthCheck.ts" path="/Users/bruno.teixeira/Downloads/bsb_price_track/src/services/healthCheck.ts">
        <metrics statements="15" coveredstatements="15" conditionals="4" coveredconditionals="4" methods="1" coveredmethods="1"/>
        <line num="1" count="1" type="stmt"/>
        <line num="2" count="1" type="stmt"/>
        <line num="3" count="1" type="stmt"/>
        <line num="5" count="1" type="stmt"/>
        <line num="7" count="1" type="stmt"/>
        <line num="8" count="5" type="stmt"/>
        <line num="10" count="5" type="stmt"/>
        <line num="11" count="5" type="cond" truecount="1" falsecount="0"/>
        <line num="12" count="3" type="cond" truecount="2" falsecount="0"/>
        <line num="15" count="5" type="cond" truecount="1" falsecount="0"/>
        <line num="16" count="1" type="stmt"/>
        <line num="17" count="1" type="stmt"/>
        <line num="20" count="4" type="stmt"/>
        <line num="21" count="4" type="stmt"/>
        <line num="22" count="4" type="stmt"/>
      </file>
      <file name="history.ts" path="/Users/bruno.teixeira/Downloads/bsb_price_track/src/services/history.ts">
        <metrics statements="56" coveredstatements="56" conditionals="28" coveredconditionals="27" methods="6" coveredmethods="6"/>
        <line num="1" count="1" type="stmt"/>
        <line num="2" count="1" type="stmt"/>
        <line num="5" count="1" type="stmt"/>
        <line num="7" count="1" type="stmt"/>
        <line num="8" count="52" type="cond" truecount="1" falsecount="0"/>
        <line num="9" count="32" type="stmt"/>
        <line num="12" count="1" type="stmt"/>
        <line num="13" count="5" type="stmt"/>
        <line num="14" count="5" type="stmt"/>
        <line num="16" count="8" type="cond" truecount="4" falsecount="0"/>
        <line num="21" count="5" type="cond" truecount="1" falsecount="0"/>
        <line num="22" count="2" type="stmt"/>
        <line num="25" count="1" type="stmt"/>
        <line num="26" count="30" type="stmt"/>
        <line num="27" count="30" type="stmt"/>
        <line num="28" count="30" type="stmt"/>
        <line num="29" count="30" type="stmt"/>
        <line num="30" count="30" type="stmt"/>
        <line num="33" count="1" type="cond" truecount="0" falsecount="1"/>
        <line num="34" count="10" type="stmt"/>
        <line num="37" count="10" type="stmt"/>
        <line num="38" count="10" type="stmt"/>
        <line num="40" count="10" type="stmt"/>
        <line num="41" count="10" type="stmt"/>
        <line num="42" count="10" type="stmt"/>
        <line num="45" count="10" type="stmt"/>
        <line num="46" count="10" type="stmt"/>
        <line num="48" count="10" type="stmt"/>
        <line num="49" count="10" type="stmt"/>
        <line num="50" count="10" type="stmt"/>
        <line num="52" count="10" type="stmt"/>
        <line num="60" count="10" type="stmt"/>
        <line num="61" count="17" type="stmt"/>
        <line num="62" count="17" type="stmt"/>
        <line num="64" count="17" type="cond" truecount="1" falsecount="0"/>
        <line num="65" count="10" type="stmt"/>
        <line num="74" count="17" type="stmt"/>
        <line num="76" count="17" type="cond" truecount="4" falsecount="0"/>
        <line num="77" count="11" type="stmt"/>
        <line num="78" count="11" type="cond" truecount="1" falsecount="0"/>
        <line num="79" count="10" type="stmt"/>
        <line num="81" count="6" type="cond" truecount="3" falsecount="0"/>
        <line num="82" count="5" type="cond" truecount="1" falsecount="0"/>
        <line num="83" count="5" type="stmt"/>
        <line num="88" count="10" type="stmt"/>
        <line num="90" count="10" type="stmt"/>
        <line num="91" count="10" type="cond" truecount="2" falsecount="0"/>
        <line num="92" count="10" type="cond" truecount="2" falsecount="0"/>
        <line num="94" count="10" type="stmt"/>
        <line num="95" count="10" type="cond" truecount="3" falsecount="0"/>
        <line num="96" count="3" type="stmt"/>
        <line num="97" count="3" type="cond" truecount="2" falsecount="0"/>
        <line num="98" count="2" type="cond" truecount="2" falsecount="0"/>
        <line num="99" count="1" type="stmt"/>
        <line num="102" count="10" type="stmt"/>
        <line num="113" count="10" type="stmt"/>
      </file>
      <file name="telegram.ts" path="/Users/bruno.teixeira/Downloads/bsb_price_track/src/services/telegram.ts">
        <metrics statements="114" coveredstatements="96" conditionals="48" coveredconditionals="40" methods="10" coveredmethods="8"/>
        <line num="1" count="1" type="stmt"/>
        <line num="2" count="1" type="stmt"/>
        <line num="4" count="1" type="stmt"/>
        <line num="6" count="1" type="stmt"/>
        <line num="7" count="1" type="stmt"/>
        <line num="9" count="1" type="stmt"/>
        <line num="16" count="13" type="stmt"/>
        <line num="17" count="13" type="stmt"/>
        <line num="21" count="10" type="cond" truecount="2" falsecount="0"/>
        <line num="23" count="10" type="stmt"/>
        <line num="31" count="10" type="cond" truecount="1" falsecount="0"/>
        <line num="32" count="2" type="stmt"/>
        <line num="35" count="10" type="cond" truecount="1" falsecount="0"/>
        <line num="36" count="1" type="stmt"/>
        <line num="39" count="10" type="cond" truecount="2" falsecount="1"/>
        <line num="40" count="0" type="stmt"/>
        <line num="41" count="0" type="stmt"/>
        <line num="44" count="10" type="cond" truecount="0" falsecount="1"/>
        <line num="45" count="0" type="stmt"/>
        <line num="48" count="10" type="stmt"/>
        <line num="50" count="10" type="cond" truecount="3" falsecount="0"/>
        <line num="51" count="2" type="stmt"/>
        <line num="52" count="2" type="stmt"/>
        <line num="53" count="2" type="stmt"/>
        <line num="54" count="2" type="stmt"/>
        <line num="55" count="2" type="stmt"/>
        <line num="57" count="2" type="stmt"/>
        <line num="58" count="2" type="stmt"/>
        <line num="60" count="2" type="stmt"/>
        <line num="61" count="2" type="stmt"/>
        <line num="63" count="2" type="cond" truecount="2" falsecount="0"/>
        <line num="64" count="1" type="stmt"/>
        <line num="65" count="1" type="cond" truecount="1" falsecount="0"/>
        <line num="66" count="1" type="stmt"/>
        <line num="70" count="10" type="stmt"/>
        <line num="71" count="10" type="stmt"/>
        <line num="72" count="10" type="stmt"/>
        <line num="73" count="10" type="stmt"/>
        <line num="75" count="10" type="stmt"/>
        <line num="78" count="1" type="stmt"/>
        <line num="79" count="10" type="stmt"/>
        <line num="81" count="10" type="stmt"/>
        <line num="82" count="10" type="stmt"/>
        <line num="88" count="9" type="stmt"/>
        <line num="90" count="1" type="stmt"/>
        <line num="91" count="1" type="stmt"/>
        <line num="95" count="1" type="stmt"/>
        <line num="96" count="0" type="stmt"/>
        <line num="97" count="0" type="stmt"/>
        <line num="98" count="0" type="stmt"/>
        <line num="104" count="0" type="stmt"/>
        <line num="108" count="1" type="stmt"/>
        <line num="109" count="2" type="stmt"/>
        <line num="110" count="2" type="stmt"/>
        <line num="116" count="2" type="stmt"/>
        <line num="117" count="2" type="stmt"/>
        <line num="122" count="1" type="stmt"/>
        <line num="124" count="1" type="stmt"/>
        <line num="128" count="1" type="stmt"/>
        <line num="129" count="0" type="stmt"/>
        <line num="130" count="0" type="stmt"/>
        <line num="131" count="0" type="stmt"/>
        <line num="132" count="0" type="stmt"/>
        <line num="137" count="0" type="stmt"/>
        <line num="139" count="0" type="stmt"/>
        <line num="143" count="1" type="stmt"/>
        <line num="152" count="5" type="cond" truecount="2" falsecount="0"/>
        <line num="153" count="5" type="cond" truecount="2" falsecount="2"/>
        <line num="154" count="5" type="cond" truecount="2" falsecount="0"/>
        <line num="155" count="5" type="cond" truecount="2" falsecount="0"/>
        <line num="159" count="5" type="stmt"/>
        <line num="160" count="5" type="stmt"/>
        <line num="166" count="0" type="stmt"/>
        <line num="170" count="1" type="stmt"/>
        <line num="171" count="2" type="cond" truecount="1" falsecount="1"/>
        <line num="172" count="2" type="cond" truecount="2" falsecount="0"/>
        <line num="176" count="2" type="stmt"/>
        <line num="177" count="2" type="stmt"/>
        <line num="182" count="0" type="stmt"/>
        <line num="186" count="1" type="stmt"/>
        <line num="187" count="6" type="stmt"/>
        <line num="189" count="6" type="cond" truecount="1" falsecount="0"/>
        <line num="190" count="1" type="stmt"/>
        <line num="191" count="1" type="stmt"/>
        <line num="192" count="1" type="stmt"/>
        <line num="197" count="1" type="stmt"/>
        <line num="199" count="0" type="stmt"/>
        <line num="200" count="0" type="stmt"/>
        <line num="202" count="1" type="stmt"/>
        <line num="205" count="5" type="stmt"/>
        <line num="211" count="5" type="stmt"/>
        <line num="213" count="6" type="cond" truecount="2" falsecount="0"/>
        <line num="217" count="6" type="stmt"/>
        <line num="219" count="6" type="cond" truecount="1" falsecount="1"/>
        <line num="220" count="6" type="stmt"/>
        <line num="222" count="0" type="stmt"/>
        <line num="225" count="6" type="cond" truecount="2" falsecount="0"/>
        <line num="226" count="5" type="stmt"/>
        <line num="228" count="1" type="stmt"/>
        <line num="231" count="6" type="cond" truecount="4" falsecount="0"/>
        <line num="232" count="5" type="stmt"/>
        <line num="233" count="5" type="stmt"/>
        <line num="234" count="5" type="cond" truecount="2" falsecount="0"/>
        <line num="235" count="5" type="stmt"/>
        <line num="237" count="1" type="stmt"/>
        <line num="240" count="6" type="stmt"/>
        <line num="243" count="6" type="stmt"/>
        <line num="244" count="5" type="stmt"/>
        <line num="246" count="5" type="stmt"/>
        <line num="248" count="5" type="stmt"/>
        <line num="249" count="5" type="stmt"/>
        <line num="254" count="4" type="stmt"/>
        <line num="256" count="1" type="stmt"/>
        <line num="257" count="1" type="stmt"/>
      </file>
      <file name="tracker.ts" path="/Users/bruno.teixeira/Downloads/bsb_price_track/src/services/tracker.ts">
        <metrics statements="120" coveredstatements="99" conditionals="44" coveredconditionals="29" methods="19" coveredmethods="14"/>
        <line num="1" count="1" type="stmt"/>
        <line num="3" count="1" type="stmt"/>
        <line num="4" count="1" type="stmt"/>
        <line num="5" count="1" type="stmt"/>
        <line num="6" count="1" type="stmt"/>
        <line num="7" count="1" type="stmt"/>
        <line num="8" count="1" type="stmt"/>
        <line num="10" count="1" type="stmt"/>
        <line num="11" count="26" type="stmt"/>
        <line num="13" count="26" type="stmt"/>
        <line num="14" count="28" type="stmt"/>
        <line num="16" count="33" type="cond" truecount="1" falsecount="0"/>
        <line num="18" count="30" type="stmt"/>
        <line num="26" count="30" type="cond" truecount="2" falsecount="0"/>
        <line num="27" count="22" type="stmt"/>
        <line num="29" count="8" type="stmt"/>
        <line num="36" count="40" type="stmt"/>
        <line num="37" count="40" type="stmt"/>
        <line num="38" count="67" type="stmt"/>
        <line num="42" count="40" type="stmt"/>
        <line num="44" count="27" type="stmt"/>
        <line num="45" count="27" type="stmt"/>
        <line num="47" count="13" type="stmt"/>
        <line num="48" count="13" type="stmt"/>
        <line num="49" count="4" type="stmt"/>
        <line num="50" count="4" type="stmt"/>
        <line num="55" count="31" type="stmt"/>
        <line num="56" count="31" type="stmt"/>
        <line num="58" count="31" type="cond" truecount="0" falsecount="1"/>
        <line num="59" count="0" type="stmt"/>
        <line num="60" count="0" type="stmt"/>
        <line num="61" count="0" type="cond" truecount="0" falsecount="1"/>
        <line num="62" count="0" type="stmt"/>
        <line num="63" count="0" type="stmt"/>
        <line num="66" count="0" type="stmt"/>
        <line num="67" count="0" type="cond" truecount="0" falsecount="1"/>
        <line num="68" count="0" type="stmt"/>
        <line num="74" count="31" type="cond" truecount="0" falsecount="1"/>
        <line num="75" count="0" type="stmt"/>
        <line num="76" count="0" type="stmt"/>
        <line num="77" count="0" type="cond" truecount="0" falsecount="2"/>
        <line num="79" count="0" type="stmt"/>
        <line num="80" count="0" type="cond" truecount="0" falsecount="1"/>
        <line num="81" count="0" type="stmt"/>
        <line num="87" count="31" type="cond" truecount="0" falsecount="1"/>
        <line num="88" count="0" type="stmt"/>
        <line num="89" count="0" type="stmt"/>
        <line num="90" count="0" type="stmt"/>
        <line num="91" count="0" type="cond" truecount="0" falsecount="2"/>
        <line num="93" count="0" type="stmt"/>
        <line num="94" count="0" type="cond" truecount="0" falsecount="1"/>
        <line num="95" count="0" type="stmt"/>
        <line num="101" count="31" type="stmt"/>
        <line num="105" count="22" type="stmt"/>
        <line num="106" count="22" type="stmt"/>
        <line num="107" count="22" type="stmt"/>
        <line num="109" count="22" type="stmt"/>
        <line num="111" count="22" type="stmt"/>
        <line num="112" count="22" type="stmt"/>
        <line num="114" count="2" type="stmt"/>
        <line num="115" count="2" type="stmt"/>
        <line num="116" count="2" type="stmt"/>
        <line num="119" count="20" type="stmt"/>
        <line num="122" count="20" type="stmt"/>
        <line num="124" count="20" type="stmt"/>
        <line num="131" count="24" type="cond" truecount="2" falsecount="0"/>
        <line num="132" count="24" type="stmt"/>
        <line num="141" count="20" type="stmt"/>
        <line num="142" count="24" type="stmt"/>
        <line num="143" count="4" type="stmt"/>
        <line num="145" count="20" type="stmt"/>
        <line num="147" count="20" type="cond" truecount="1" falsecount="0"/>
        <line num="148" count="17" type="stmt"/>
        <line num="149" count="17" type="cond" truecount="2" falsecount="0"/>
        <line num="151" count="17" type="cond" truecount="2" falsecount="0"/>
        <line num="152" count="16" type="cond" truecount="2" falsecount="0"/>
        <line num="153" count="2" type="stmt"/>
        <line num="155" count="14" type="stmt"/>
        <line num="157" count="16" type="stmt"/>
        <line num="158" count="19" type="stmt"/>
        <line num="161" count="1" type="stmt"/>
        <line num="164" count="1" type="stmt"/>
        <line num="168" count="20" type="stmt"/>
        <line num="172" count="8" type="stmt"/>
        <line num="173" count="8" type="stmt"/>
        <line num="175" count="8" type="stmt"/>
        <line num="176" count="8" type="stmt"/>
        <line num="177" count="8" type="stmt"/>
        <line num="179" count="8" type="stmt"/>
        <line num="180" count="18" type="stmt"/>
        <line num="181" count="18" type="stmt"/>
        <line num="184" count="18" type="stmt"/>
        <line num="186" count="18" type="stmt"/>
        <line num="187" count="18" type="stmt"/>
        <line num="188" count="18" type="stmt"/>
        <line num="190" count="7" type="stmt"/>
        <line num="191" count="7" type="stmt"/>
        <line num="192" count="7" type="stmt"/>
        <line num="195" count="11" type="stmt"/>
        <line num="197" count="11" type="stmt"/>
        <line num="204" count="11" type="cond" truecount="1" falsecount="1"/>
        <line num="205" count="11" type="stmt"/>
        <line num="214" count="11" type="cond" truecount="1" falsecount="0"/>
        <line num="215" count="11" type="cond" truecount="0" falsecount="2"/>
        <line num="219" count="8" type="cond" truecount="1" falsecount="0"/>
        <line num="220" count="2" type="stmt"/>
        <line num="221" count="2" type="stmt"/>
        <line num="225" count="6" type="cond" truecount="1" falsecount="1"/>
        <line num="226" count="5" type="cond" truecount="2" falsecount="0"/>
        <line num="229" count="6" type="cond" truecount="3" falsecount="0"/>
        <line num="230" count="5" type="cond" truecount="2" falsecount="0"/>
        <line num="231" count="5" type="cond" truecount="2" falsecount="0"/>
        <line num="233" count="5" type="cond" truecount="2" falsecount="0"/>
        <line num="234" count="4" type="cond" truecount="2" falsecount="0"/>
        <line num="235" count="1" type="stmt"/>
        <line num="237" count="3" type="stmt"/>
        <line num="239" count="4" type="stmt"/>
        <line num="241" count="1" type="stmt"/>
        <line num="244" count="1" type="stmt"/>
        <line num="248" count="6" type="stmt"/>
      </file>
      <file name="webhook.ts" path="/Users/bruno.teixeira/Downloads/bsb_price_track/src/services/webhook.ts">
        <metrics statements="98" coveredstatements="92" conditionals="22" coveredconditionals="22" methods="15" coveredmethods="12"/>
        <line num="1" count="1" type="stmt"/>
        <line num="2" count="1" type="stmt"/>
        <line num="3" count="1" type="stmt"/>
        <line num="5" count="1" type="stmt"/>
        <line num="6" count="1" type="stmt"/>
        <line num="7" count="1" type="stmt"/>
        <line num="8" count="1" type="stmt"/>
        <line num="10" count="1" type="stmt"/>
        <line num="11" count="1" type="stmt"/>
        <line num="12" count="1" type="cond" truecount="2" falsecount="0"/>
        <line num="13" count="1" type="stmt"/>
        <line num="27" count="1" type="stmt"/>
        <line num="28" count="29" type="stmt"/>
        <line num="40" count="1" type="stmt"/>
        <line num="41" count="9" type="cond" truecount="1" falsecount="0"/>
        <line num="42" count="1" type="stmt"/>
        <line num="43" count="1" type="stmt"/>
        <line num="46" count="8" type="stmt"/>
        <line num="47" count="8" type="stmt"/>
        <line num="49" count="8" type="stmt"/>
        <line num="58" count="8" type="stmt"/>
        <line num="59" count="8" type="stmt"/>
        <line num="61" count="2" type="stmt"/>
        <line num="62" count="2" type="stmt"/>
        <line num="64" count="1" type="stmt"/>
        <line num="65" count="1" type="stmt"/>
        <line num="69" count="1" type="stmt"/>
        <line num="73" count="7" type="cond" truecount="1" falsecount="0"/>
        <line num="74" count="2" type="stmt"/>
        <line num="78" count="2" type="stmt"/>
        <line num="81" count="5" type="stmt"/>
        <line num="82" count="7" type="stmt"/>
        <line num="83" count="5" type="stmt"/>
        <line num="85" count="5" type="stmt"/>
        <line num="94" count="5" type="stmt"/>
        <line num="95" count="7" type="cond" truecount="2" falsecount="0"/>
        <line num="98" count="5" type="stmt"/>
        <line num="101" count="1" type="stmt"/>
        <line num="102" count="6" type="cond" truecount="1" falsecount="0"/>
        <line num="103" count="1" type="stmt"/>
        <line num="104" count="1" type="stmt"/>
        <line num="107" count="5" type="stmt"/>
        <line num="108" count="5" type="stmt"/>
        <line num="109" count="5" type="stmt"/>
        <line num="110" count="3" type="cond" truecount="2" falsecount="0"/>
        <line num="113" count="5" type="cond" truecount="1" falsecount="0"/>
        <line num="114" count="3" type="stmt"/>
        <line num="115" count="3" type="stmt"/>
        <line num="118" count="2" type="stmt"/>
        <line num="123" count="2" type="stmt"/>
        <line num="124" count="2" type="stmt"/>
        <line num="127" count="2" type="cond" truecount="2" falsecount="0"/>
        <line num="128" count="2" type="stmt"/>
        <line num="131" count="2" type="stmt"/>
        <line num="134" count="1" type="stmt"/>
        <line num="135" count="4" type="stmt"/>
        <line num="136" count="4" type="stmt"/>
        <line num="145" count="4" type="stmt"/>
        <line num="148" count="1" type="stmt"/>
        <line num="149" count="7" type="stmt"/>
        <line num="150" count="7" type="cond" truecount="1" falsecount="0"/>
        <line num="152" count="6" type="stmt"/>
        <line num="153" count="6" type="stmt"/>
        <line num="156" count="6" type="stmt"/>
        <line num="157" count="6" type="stmt"/>
        <line num="158" count="6" type="stmt"/>
        <line num="160" count="6" type="stmt"/>
        <line num="162" count="6" type="stmt"/>
        <line num="163" count="6" type="cond" truecount="2" falsecount="0"/>
        <line num="164" count="1" type="stmt"/>
        <line num="165" count="5" type="cond" truecount="2" falsecount="0"/>
        <line num="166" count="1" type="stmt"/>
        <line num="167" count="4" type="cond" truecount="2" falsecount="0"/>
        <line num="168" count="3" type="stmt"/>
        <line num="170" count="1" type="stmt"/>
        <line num="176" count="0" type="stmt"/>
        <line num="177" count="0" type="stmt"/>
        <line num="181" count="1" type="stmt"/>
        <line num="182" count="3" type="stmt"/>
        <line num="183" count="3" type="cond" truecount="1" falsecount="0"/>
        <line num="184" count="1" type="stmt"/>
        <line num="185" count="1" type="stmt"/>
        <line num="186" count="1" type="stmt"/>
        <line num="189" count="2" type="stmt"/>
        <line num="190" count="2" type="stmt"/>
        <line num="191" count="2" type="stmt"/>
        <line num="192" count="2" type="stmt"/>
        <line num="193" count="2" type="stmt"/>
        <line num="194" count="1" type="stmt"/>
        <line num="196" count="1" type="stmt"/>
        <line num="199" count="2" type="stmt"/>
        <line num="200" count="2" type="stmt"/>
        <line num="205" count="3" type="stmt"/>
        <line num="208" count="1" type="stmt"/>
        <line num="209" count="0" type="stmt"/>
        <line num="210" count="0" type="stmt"/>
        <line num="211" count="0" type="stmt"/>
        <line num="212" count="0" type="stmt"/>
      </file>
      <file name="weeklyReport.ts" path="/Users/bruno.teixeira/Downloads/bsb_price_track/src/services/weeklyReport.ts">
        <metrics statements="10" coveredstatements="10" conditionals="1" coveredconditionals="0" methods="2" coveredmethods="2"/>
        <line num="1" count="1" type="stmt"/>
        <line num="2" count="1" type="stmt"/>
        <line num="4" count="1" type="cond" truecount="0" falsecount="1"/>
        <line num="5" count="3" type="stmt"/>
        <line num="8" count="1" type="stmt"/>
        <line num="9" count="2" type="stmt"/>
        <line num="10" count="2" type="stmt"/>
        <line num="11" count="2" type="stmt"/>
        <line num="12" count="2" type="stmt"/>
        <line num="13" count="2" type="stmt"/>
      </file>
    </package>
    <package name="utils">
      <metrics statements="18" coveredstatements="18" conditionals="2" coveredconditionals="2" methods="4" coveredmethods="4"/>
      <file name="dates.ts" path="/Users/bruno.teixeira/Downloads/bsb_price_track/src/utils/dates.ts">
        <metrics statements="8" coveredstatements="8" conditionals="0" coveredconditionals="0" methods="1" coveredmethods="1"/>
        <line num="1" count="2" type="stmt"/>
        <line num="2" count="32" type="stmt"/>
        <line num="3" count="32" type="stmt"/>
        <line num="4" count="32" type="stmt"/>
        <line num="5" count="77" type="stmt"/>
        <line num="6" count="77" type="stmt"/>
        <line num="7" count="77" type="stmt"/>
        <line num="9" count="32" type="stmt"/>
      </file>
      <file name="retry.ts" path="/Users/bruno.teixeira/Downloads/bsb_price_track/src/utils/retry.ts">
        <metrics statements="10" coveredstatements="10" conditionals="2" coveredconditionals="2" methods="3" coveredmethods="3"/>
        <line num="1" count="2" type="stmt"/>
        <line num="6" count="1" type="cond" truecount="1" falsecount="0"/>
        <line num="9" count="47" type="stmt"/>
        <line num="10" count="82" type="stmt"/>
        <line num="11" count="82" type="stmt"/>
        <line num="13" count="50" type="stmt"/>
        <line num="14" count="50" type="stmt"/>
        <line num="15" count="50" type="cond" truecount="1" falsecount="0"/>
        <line num="16" count="35" type="stmt"/>
        <line num="20" count="15" type="stmt"/>
      </file>
    </package>
  </project>
</coverage>
