{"/Users/bruno.teixeira/Downloads/bsb_price_track/src/apis/apify.ts": {"path":"/Users/bruno.teixeira/Downloads/bsb_price_track/src/apis/apify.ts","statementMap":{"0":{"start":{"line":74,"column":0},"end":{"line":74,"column":7}},"1":{"start":{"line":1,"column":0},"end":{"line":1,"column":44}},"2":{"start":{"line":2,"column":0},"end":{"line":2,"column":35}},"3":{"start":{"line":4,"column":0},"end":{"line":4,"column":65}},"4":{"start":{"line":6,"column":19},"end":{"line":6,"column":45}},"5":{"start":{"line":12,"column":53},"end":{"line":16,"column":2}},"6":{"start":{"line":24,"column":2},"end":{"line":27,"column":15}},"7":{"start":{"line":25,"column":16},"end":{"line":25,"column":53}},"8":{"start":{"line":35,"column":2},"end":{"line":35,"column":39}},"9":{"start":{"line":35,"column":26},"end":{"line":35,"column":39}},"10":{"start":{"line":36,"column":17},"end":{"line":36,"column":37}},"11":{"start":{"line":37,"column":2},"end":{"line":37,"column":34}},"12":{"start":{"line":37,"column":22},"end":{"line":37,"column":34}},"13":{"start":{"line":38,"column":2},"end":{"line":41,"column":3}},"14":{"start":{"line":39,"column":17},"end":{"line":39,"column":71}},"15":{"start":{"line":40,"column":4},"end":{"line":40,"column":93}},"16":{"start":{"line":42,"column":2},"end":{"line":42,"column":15}},"17":{"start":{"line":75,"column":2},"end":{"line":75,"column":44}},"18":{"start":{"line":77,"column":17},"end":{"line":77,"column":36}},"19":{"start":{"line":78,"column":19},"end":{"line":78,"column":38}},"20":{"start":{"line":79,"column":22},"end":{"line":79,"column":70}},"21":{"start":{"line":81,"column":15},"end":{"line":101,"column":4}},"22":{"start":{"line":105,"column":2},"end":{"line":224,"column":3}},"23":{"start":{"line":105,"column":15},"end":{"line":105,"column":16}},"24":{"start":{"line":106,"column":4},"end":{"line":223,"column":5}},"25":{"start":{"line":107,"column":6},"end":{"line":107,"column":71}},"26":{"start":{"line":108,"column":23},"end":{"line":114,"column":null}},"27":{"start":{"line":117,"column":40},"end":{"line":117,"column":53}},"28":{"start":{"line":120,"column":32},"end":{"line":120,"column":34}},"29":{"start":{"line":122,"column":6},"end":{"line":210,"column":7}},"30":{"start":{"line":124,"column":28},"end":{"line":124,"column":47}},"31":{"start":{"line":127,"column":8},"end":{"line":143,"column":9}},"32":{"start":{"line":134,"column":24},"end":{"line":134,"column":47}},"33":{"start":{"line":135,"column":10},"end":{"line":142,"column":11}},"34":{"start":{"line":136,"column":12},"end":{"line":141,"column":14}},"35":{"start":{"line":145,"column":27},"end":{"line":148,"column":10}},"36":{"start":{"line":150,"column":8},"end":{"line":209,"column":9}},"37":{"start":{"line":151,"column":10},"end":{"line":151,"column":38}},"38":{"start":{"line":151,"column":29},"end":{"line":151,"column":38}},"39":{"start":{"line":153,"column":23},"end":{"line":153,"column":43}},"40":{"start":{"line":154,"column":22},"end":{"line":154,"column":29}},"41":{"start":{"line":155,"column":26},"end":{"line":155,"column":47}},"42":{"start":{"line":156,"column":32},"end":{"line":156,"column":99}},"43":{"start":{"line":157,"column":32},"end":{"line":157,"column":75}},"44":{"start":{"line":158,"column":26},"end":{"line":158,"column":38}},"45":{"start":{"line":159,"column":31},"end":{"line":159,"column":49}},"46":{"start":{"line":160,"column":27},"end":{"line":160,"column":40}},"47":{"start":{"line":161,"column":25},"end":{"line":161,"column":68}},"48":{"start":{"line":162,"column":30},"end":{"line":162,"column":89}},"49":{"start":{"line":165,"column":24},"end":{"line":165,"column":69}},"50":{"start":{"line":169,"column":26},"end":{"line":169,"column":54}},"51":{"start":{"line":170,"column":26},"end":{"line":170,"column":56}},"52":{"start":{"line":171,"column":10},"end":{"line":177,"column":11}},"53":{"start":{"line":172,"column":24},"end":{"line":172,"column":59}},"54":{"start":{"line":173,"column":24},"end":{"line":173,"column":59}},"55":{"start":{"line":174,"column":12},"end":{"line":176,"column":13}},"56":{"start":{"line":175,"column":14},"end":{"line":175,"column":85}},"57":{"start":{"line":179,"column":10},"end":{"line":182,"column":11}},"58":{"start":{"line":180,"column":26},"end":{"line":180,"column":77}},"59":{"start":{"line":180,"column":50},"end":{"line":180,"column":73}},"60":{"start":{"line":181,"column":12},"end":{"line":181,"column":51}},"61":{"start":{"line":181,"column":27},"end":{"line":181,"column":51}},"62":{"start":{"line":185,"column":27},"end":{"line":185,"column":66}},"63":{"start":{"line":188,"column":23},"end":{"line":188,"column":125}},"64":{"start":{"line":190,"column":10},"end":{"line":208,"column":13}},"65":{"start":{"line":212,"column":6},"end":{"line":212,"column":84}},"66":{"start":{"line":213,"column":6},"end":{"line":213,"column":21}},"67":{"start":{"line":216,"column":6},"end":{"line":216,"column":22}},"68":{"start":{"line":217,"column":6},"end":{"line":220,"column":7}},"69":{"start":{"line":218,"column":8},"end":{"line":218,"column":88}},"70":{"start":{"line":219,"column":8},"end":{"line":219,"column":17}},"71":{"start":{"line":221,"column":6},"end":{"line":221,"column":70}},"72":{"start":{"line":222,"column":6},"end":{"line":222,"column":16}},"73":{"start":{"line":228,"column":2},"end":{"line":228,"column":18}}},"fnMap":{"0":{"name":"toIataCodes","decl":{"start":{"line":23,"column":9},"end":{"line":23,"column":20}},"loc":{"start":{"line":23,"column":36},"end":{"line":28,"column":1}}},"1":{"name":"(anonymous_10)","decl":{"start":{"line":25,"column":9},"end":{"line":25,"column":10}},"loc":{"start":{"line":25,"column":16},"end":{"line":25,"column":53}}},"2":{"name":"isCreditsError","decl":{"start":{"line":34,"column":9},"end":{"line":34,"column":23}},"loc":{"start":{"line":34,"column":36},"end":{"line":43,"column":1}}},"3":{"name":"searchWithApify","decl":{"start":{"line":74,"column":22},"end":{"line":74,"column":37}},"loc":{"start":{"line":74,"column":58},"end":{"line":229,"column":1}}},"4":{"name":"(anonymous_13)","decl":{"start":{"line":180,"column":38},"end":{"line":180,"column":39}},"loc":{"start":{"line":180,"column":50},"end":{"line":180,"column":73}}}},"branchMap":{"0":{"loc":{"start":{"line":35,"column":2},"end":{"line":35,"column":39}},"type":"if","locations":[{"start":{"line":35,"column":2},"end":{"line":35,"column":39}}]},"1":{"loc":{"start":{"line":37,"column":2},"end":{"line":37,"column":34}},"type":"if","locations":[{"start":{"line":37,"column":2},"end":{"line":37,"column":34}}]},"2":{"loc":{"start":{"line":38,"column":2},"end":{"line":41,"column":3}},"type":"if","locations":[{"start":{"line":38,"column":2},"end":{"line":41,"column":3}}]},"3":{"loc":{"start":{"line":39,"column":32},"end":{"line":39,"column":56}},"type":"binary-expr","locations":[{"start":{"line":39,"column":32},"end":{"line":39,"column":50}},{"start":{"line":39,"column":54},"end":{"line":39,"column":56}}]},"4":{"loc":{"start":{"line":40,"column":11},"end":{"line":40,"column":92}},"type":"binary-expr","locations":[{"start":{"line":40,"column":11},"end":{"line":40,"column":34}},{"start":{"line":40,"column":38},"end":{"line":40,"column":67}},{"start":{"line":40,"column":71},"end":{"line":40,"column":92}}]},"5":{"loc":{"start":{"line":85,"column":8},"end":{"line":85,"column":67}},"type":"cond-expr","locations":[{"start":{"line":85,"column":28},"end":{"line":85,"column":62}},{"start":{"line":85,"column":65},"end":{"line":85,"column":67}}]},"6":{"loc":{"start":{"line":95,"column":8},"end":{"line":97,"column":10}},"type":"cond-expr","locations":[{"start":{"line":96,"column":8},"end":{"line":96,"column":46}},{"start":{"line":97,"column":8},"end":{"line":97,"column":10}}]},"7":{"loc":{"start":{"line":98,"column":8},"end":{"line":100,"column":10}},"type":"cond-expr","locations":[{"start":{"line":99,"column":8},"end":{"line":99,"column":67}},{"start":{"line":100,"column":8},"end":{"line":100,"column":10}}]},"8":{"loc":{"start":{"line":127,"column":8},"end":{"line":143,"column":9}},"type":"if","locations":[{"start":{"line":127,"column":8},"end":{"line":143,"column":9}}]},"9":{"loc":{"start":{"line":128,"column":10},"end":{"line":132,"column":54}},"type":"binary-expr","locations":[{"start":{"line":128,"column":10},"end":{"line":128,"column":21}},{"start":{"line":129,"column":10},"end":{"line":129,"column":54}},{"start":{"line":130,"column":10},"end":{"line":130,"column":33}},{"start":{"line":131,"column":10},"end":{"line":131,"column":56}},{"start":{"line":132,"column":10},"end":{"line":132,"column":54}}]},"10":{"loc":{"start":{"line":135,"column":10},"end":{"line":142,"column":11}},"type":"if","locations":[{"start":{"line":135,"column":10},"end":{"line":142,"column":11}}]},"11":{"loc":{"start":{"line":135,"column":14},"end":{"line":135,"column":72}},"type":"binary-expr","locations":[{"start":{"line":135,"column":14},"end":{"line":135,"column":29}},{"start":{"line":135,"column":33},"end":{"line":135,"column":52}},{"start":{"line":135,"column":56},"end":{"line":135,"column":72}}]},"12":{"loc":{"start":{"line":140,"column":18},"end":{"line":140,"column":94}},"type":"cond-expr","locations":[{"start":{"line":140,"column":46},"end":{"line":140,"column":89}},{"start":{"line":140,"column":92},"end":{"line":140,"column":94}}]},"13":{"loc":{"start":{"line":146,"column":14},"end":{"line":146,"column":37}},"type":"binary-expr","locations":[{"start":{"line":146,"column":14},"end":{"line":146,"column":31}},{"start":{"line":146,"column":35},"end":{"line":146,"column":37}}]},"14":{"loc":{"start":{"line":147,"column":14},"end":{"line":147,"column":38}},"type":"binary-expr","locations":[{"start":{"line":147,"column":14},"end":{"line":147,"column":32}},{"start":{"line":147,"column":36},"end":{"line":147,"column":38}}]},"15":{"loc":{"start":{"line":151,"column":10},"end":{"line":151,"column":38}},"type":"if","locations":[{"start":{"line":151,"column":10},"end":{"line":151,"column":38}}]},"16":{"loc":{"start":{"line":153,"column":23},"end":{"line":153,"column":43}},"type":"binary-expr","locations":[{"start":{"line":153,"column":23},"end":{"line":153,"column":37}},{"start":{"line":153,"column":41},"end":{"line":153,"column":43}}]},"17":{"loc":{"start":{"line":156,"column":32},"end":{"line":156,"column":99}},"type":"binary-expr","locations":[{"start":{"line":156,"column":32},"end":{"line":156,"column":75}},{"start":{"line":156,"column":79},"end":{"line":156,"column":99}}]},"18":{"loc":{"start":{"line":161,"column":25},"end":{"line":161,"column":68}},"type":"binary-expr","locations":[{"start":{"line":161,"column":25},"end":{"line":161,"column":51}},{"start":{"line":161,"column":55},"end":{"line":161,"column":68}}]},"19":{"loc":{"start":{"line":162,"column":30},"end":{"line":162,"column":89}},"type":"binary-expr","locations":[{"start":{"line":162,"column":30},"end":{"line":162,"column":67}},{"start":{"line":162,"column":71},"end":{"line":162,"column":89}}]},"20":{"loc":{"start":{"line":162,"column":31},"end":{"line":162,"column":45}},"type":"binary-expr","locations":[{"start":{"line":162,"column":31},"end":{"line":162,"column":38}},{"start":{"line":162,"column":42},"end":{"line":162,"column":45}}]},"21":{"loc":{"start":{"line":165,"column":24},"end":{"line":165,"column":69}},"type":"cond-expr","locations":[{"start":{"line":165,"column":42},"end":{"line":165,"column":57}},{"start":{"line":165,"column":60},"end":{"line":165,"column":69}}]},"22":{"loc":{"start":{"line":171,"column":10},"end":{"line":177,"column":11}},"type":"if","locations":[{"start":{"line":171,"column":10},"end":{"line":177,"column":11}}]},"23":{"loc":{"start":{"line":171,"column":14},"end":{"line":171,"column":32}},"type":"binary-expr","locations":[{"start":{"line":171,"column":14},"end":{"line":171,"column":21}},{"start":{"line":171,"column":25},"end":{"line":171,"column":32}}]},"24":{"loc":{"start":{"line":174,"column":12},"end":{"line":176,"column":13}},"type":"if","locations":[{"start":{"line":174,"column":12},"end":{"line":176,"column":13}}]},"25":{"loc":{"start":{"line":174,"column":16},"end":{"line":174,"column":62}},"type":"binary-expr","locations":[{"start":{"line":174,"column":16},"end":{"line":174,"column":37}},{"start":{"line":174,"column":41},"end":{"line":174,"column":62}}]},"26":{"loc":{"start":{"line":179,"column":10},"end":{"line":182,"column":11}},"type":"if","locations":[{"start":{"line":179,"column":10},"end":{"line":182,"column":11}}]},"27":{"loc":{"start":{"line":179,"column":14},"end":{"line":179,"column":67}},"type":"binary-expr","locations":[{"start":{"line":179,"column":14},"end":{"line":179,"column":43}},{"start":{"line":179,"column":47},"end":{"line":179,"column":67}}]},"28":{"loc":{"start":{"line":180,"column":57},"end":{"line":180,"column":72}},"type":"binary-expr","locations":[{"start":{"line":180,"column":57},"end":{"line":180,"column":67}},{"start":{"line":180,"column":71},"end":{"line":180,"column":72}}]},"29":{"loc":{"start":{"line":181,"column":12},"end":{"line":181,"column":51}},"type":"if","locations":[{"start":{"line":181,"column":12},"end":{"line":181,"column":51}}]},"30":{"loc":{"start":{"line":217,"column":6},"end":{"line":220,"column":7}},"type":"if","locations":[{"start":{"line":217,"column":6},"end":{"line":220,"column":7}}]},"31":{"loc":{"start":{"line":217,"column":10},"end":{"line":217,"column":54}},"type":"binary-expr","locations":[{"start":{"line":217,"column":10},"end":{"line":217,"column":29}},{"start":{"line":217,"column":33},"end":{"line":217,"column":54}}]}},"s":{"0":1,"1":1,"2":1,"3":1,"4":1,"5":1,"6":2,"7":5,"8":7,"9":0,"10":7,"11":7,"12":4,"13":3,"14":1,"15":1,"16":2,"17":23,"18":23,"19":23,"20":23,"21":23,"22":23,"23":23,"24":27,"25":27,"26":27,"27":20,"28":20,"29":20,"30":14,"31":14,"32":3,"33":3,"34":2,"35":14,"36":14,"37":16,"38":1,"39":15,"40":15,"41":15,"42":15,"43":15,"44":15,"45":15,"46":15,"47":15,"48":15,"49":15,"50":15,"51":15,"52":15,"53":10,"54":10,"55":10,"56":10,"57":15,"58":5,"59":5,"60":5,"61":0,"62":15,"63":15,"64":15,"65":20,"66":20,"67":7,"68":7,"69":4,"70":4,"71":3,"72":3,"73":0},"f":{"0":2,"1":5,"2":7,"3":23,"4":5},"b":{"0":[0],"1":[4],"2":[1],"3":[1,0],"4":[1,0,0],"5":[1,22],"6":[1,22],"7":[2,21],"8":[3],"9":[14,3,3,3,3],"10":[2],"11":[3,1,1],"12":[1,1],"13":[14,0],"14":[14,0],"15":[1],"16":[15,0],"17":[15,1],"18":[15,1],"19":[15,1],"20":[15,0],"21":[15,0],"22":[10],"23":[15,14],"24":[10],"25":[10,10],"26":[5],"27":[15,10],"28":[5,5],"29":[0],"30":[4],"31":[7,5]}}
,"/Users/bruno.teixeira/Downloads/bsb_price_track/src/apis/rapidapi.ts": {"path":"/Users/bruno.teixeira/Downloads/bsb_price_track/src/apis/rapidapi.ts","statementMap":{"0":{"start":{"line":31,"column":0},"end":{"line":31,"column":7}},"1":{"start":{"line":1,"column":0},"end":{"line":1,"column":26}},"2":{"start":{"line":2,"column":0},"end":{"line":2,"column":35}},"3":{"start":{"line":4,"column":0},"end":{"line":4,"column":52}},"4":{"start":{"line":10,"column":22},"end":{"line":10,"column":74}},"5":{"start":{"line":12,"column":16},"end":{"line":15,"column":2}},"6":{"start":{"line":32,"column":2},"end":{"line":32,"column":58}},"7":{"start":{"line":34,"column":2},"end":{"line":123,"column":3}},"8":{"start":{"line":36,"column":35},"end":{"line":45,"column":6}},"9":{"start":{"line":47,"column":29},"end":{"line":47,"column":79}},"10":{"start":{"line":48,"column":27},"end":{"line":48,"column":80}},"11":{"start":{"line":49,"column":35},"end":{"line":49,"column":77}},"12":{"start":{"line":50,"column":33},"end":{"line":50,"column":73}},"13":{"start":{"line":53,"column":27},"end":{"line":72,"column":6}},"14":{"start":{"line":75,"column":6},"end":{"line":75,"column":50}},"15":{"start":{"line":77,"column":4},"end":{"line":77,"column":78}},"16":{"start":{"line":79,"column":30},"end":{"line":79,"column":32}},"17":{"start":{"line":81,"column":4},"end":{"line":117,"column":5}},"18":{"start":{"line":82,"column":23},"end":{"line":82,"column":38}},"19":{"start":{"line":83,"column":6},"end":{"line":83,"column":48}},"20":{"start":{"line":83,"column":39},"end":{"line":83,"column":48}},"21":{"start":{"line":85,"column":18},"end":{"line":85,"column":32}},"22":{"start":{"line":86,"column":22},"end":{"line":86,"column":57}},"23":{"start":{"line":87,"column":28},"end":{"line":87,"column":81}},"24":{"start":{"line":90,"column":20},"end":{"line":90,"column":34}},"25":{"start":{"line":91,"column":48},"end":{"line":91,"column":70}},"26":{"start":{"line":92,"column":6},"end":{"line":98,"column":7}},"27":{"start":{"line":93,"column":20},"end":{"line":93,"column":43}},"28":{"start":{"line":94,"column":20},"end":{"line":94,"column":41}},"29":{"start":{"line":95,"column":8},"end":{"line":97,"column":9}},"30":{"start":{"line":96,"column":10},"end":{"line":96,"column":81}},"31":{"start":{"line":100,"column":23},"end":{"line":100,"column":58}},"32":{"start":{"line":102,"column":6},"end":{"line":116,"column":9}},"33":{"start":{"line":119,"column":4},"end":{"line":119,"column":19}},"34":{"start":{"line":121,"column":4},"end":{"line":121,"column":52}},"35":{"start":{"line":122,"column":4},"end":{"line":122,"column":14}}},"fnMap":{"0":{"name":"searchWithRapidAPI","decl":{"start":{"line":31,"column":22},"end":{"line":31,"column":40}},"loc":{"start":{"line":31,"column":61},"end":{"line":124,"column":1}}}},"branchMap":{"0":{"loc":{"start":{"line":47,"column":29},"end":{"line":47,"column":79}},"type":"binary-expr","locations":[{"start":{"line":47,"column":29},"end":{"line":47,"column":62}},{"start":{"line":47,"column":66},"end":{"line":47,"column":79}}]},"1":{"loc":{"start":{"line":48,"column":27},"end":{"line":48,"column":80}},"type":"binary-expr","locations":[{"start":{"line":48,"column":27},"end":{"line":48,"column":58}},{"start":{"line":48,"column":62},"end":{"line":48,"column":80}}]},"2":{"loc":{"start":{"line":49,"column":35},"end":{"line":49,"column":77}},"type":"binary-expr","locations":[{"start":{"line":49,"column":35},"end":{"line":49,"column":71}},{"start":{"line":49,"column":75},"end":{"line":49,"column":77}}]},"3":{"loc":{"start":{"line":50,"column":33},"end":{"line":50,"column":73}},"type":"binary-expr","locations":[{"start":{"line":50,"column":33},"end":{"line":50,"column":67}},{"start":{"line":50,"column":71},"end":{"line":50,"column":73}}]},"4":{"loc":{"start":{"line":64,"column":18},"end":{"line":64,"column":92}},"type":"cond-expr","locations":[{"start":{"line":64,"column":47},"end":{"line":64,"column":80}},{"start":{"line":64,"column":83},"end":{"line":64,"column":92}}]},"5":{"loc":{"start":{"line":75,"column":6},"end":{"line":75,"column":50}},"type":"binary-expr","locations":[{"start":{"line":75,"column":6},"end":{"line":75,"column":44}},{"start":{"line":75,"column":48},"end":{"line":75,"column":50}}]},"6":{"loc":{"start":{"line":83,"column":6},"end":{"line":83,"column":48}},"type":"if","locations":[{"start":{"line":83,"column":6},"end":{"line":83,"column":48}}]},"7":{"loc":{"start":{"line":83,"column":10},"end":{"line":83,"column":37}},"type":"binary-expr","locations":[{"start":{"line":83,"column":10},"end":{"line":83,"column":19}},{"start":{"line":83,"column":23},"end":{"line":83,"column":37}}]},"8":{"loc":{"start":{"line":87,"column":28},"end":{"line":87,"column":81}},"type":"binary-expr","locations":[{"start":{"line":87,"column":28},"end":{"line":87,"column":57}},{"start":{"line":87,"column":61},"end":{"line":87,"column":81}}]},"9":{"loc":{"start":{"line":92,"column":6},"end":{"line":98,"column":7}},"type":"if","locations":[{"start":{"line":92,"column":6},"end":{"line":98,"column":7}}]},"10":{"loc":{"start":{"line":92,"column":10},"end":{"line":92,"column":73}},"type":"binary-expr","locations":[{"start":{"line":92,"column":10},"end":{"line":92,"column":39}},{"start":{"line":92,"column":43},"end":{"line":92,"column":57}},{"start":{"line":92,"column":61},"end":{"line":92,"column":73}}]},"11":{"loc":{"start":{"line":95,"column":8},"end":{"line":97,"column":9}},"type":"if","locations":[{"start":{"line":95,"column":8},"end":{"line":97,"column":9}}]},"12":{"loc":{"start":{"line":95,"column":12},"end":{"line":95,"column":58}},"type":"binary-expr","locations":[{"start":{"line":95,"column":12},"end":{"line":95,"column":33}},{"start":{"line":95,"column":37},"end":{"line":95,"column":58}}]},"13":{"loc":{"start":{"line":103,"column":16},"end":{"line":103,"column":57}},"type":"binary-expr","locations":[{"start":{"line":103,"column":16},"end":{"line":103,"column":40}},{"start":{"line":103,"column":44},"end":{"line":103,"column":57}}]},"14":{"loc":{"start":{"line":104,"column":21},"end":{"line":104,"column":72}},"type":"binary-expr","locations":[{"start":{"line":104,"column":21},"end":{"line":104,"column":50}},{"start":{"line":104,"column":54},"end":{"line":104,"column":72}}]}},"s":{"0":1,"1":1,"2":1,"3":1,"4":1,"5":1,"6":6,"7":6,"8":6,"9":5,"10":5,"11":5,"12":5,"13":5,"14":5,"15":5,"16":5,"17":5,"18":6,"19":6,"20":2,"21":4,"22":4,"23":4,"24":4,"25":4,"26":4,"27":0,"28":0,"29":0,"30":0,"31":4,"32":4,"33":5,"34":1,"35":1},"f":{"0":6},"b":{"0":[5,1],"1":[5,1],"2":[5,1],"3":[5,1],"4":[0,5],"5":[5,0],"6":[2],"7":[6,5],"8":[4,0],"9":[0],"10":[4,4,4],"11":[0],"12":[0,0],"13":[4,0],"14":[4,0]}}
,"/Users/bruno.teixeira/Downloads/bsb_price_track/src/services/currency.ts": {"path":"/Users/bruno.teixeira/Downloads/bsb_price_track/src/services/currency.ts","statementMap":{"0":{"start":{"line":10,"column":0},"end":{"line":10,"column":7}},"1":{"start":{"line":32,"column":0},"end":{"line":32,"column":7}},"2":{"start":{"line":60,"column":0},"end":{"line":60,"column":16}},"3":{"start":{"line":1,"column":0},"end":{"line":1,"column":26}},"4":{"start":{"line":5,"column":25},"end":{"line":5,"column":28}},"5":{"start":{"line":7,"column":61},"end":{"line":7,"column":65}},"6":{"start":{"line":8,"column":21},"end":{"line":8,"column":35}},"7":{"start":{"line":11,"column":2},"end":{"line":13,"column":3}},"8":{"start":{"line":12,"column":4},"end":{"line":12,"column":27}},"9":{"start":{"line":15,"column":2},"end":{"line":29,"column":3}},"10":{"start":{"line":16,"column":21},"end":{"line":18,"column":null}},"11":{"start":{"line":20,"column":25},"end":{"line":20,"column":49}},"12":{"start":{"line":21,"column":4},"end":{"line":21,"column":53}},"13":{"start":{"line":21,"column":15},"end":{"line":21,"column":53}},"14":{"start":{"line":23,"column":4},"end":{"line":23,"column":49}},"15":{"start":{"line":24,"column":4},"end":{"line":24,"column":47}},"16":{"start":{"line":25,"column":4},"end":{"line":25,"column":16}},"17":{"start":{"line":27,"column":4},"end":{"line":27,"column":94}},"18":{"start":{"line":28,"column":4},"end":{"line":28,"column":28}},"19":{"start":{"line":33,"column":2},"end":{"line":33,"column":40}},"20":{"start":{"line":33,"column":26},"end":{"line":33,"column":40}},"21":{"start":{"line":35,"column":2},"end":{"line":38,"column":3}},"22":{"start":{"line":36,"column":17},"end":{"line":36,"column":36}},"23":{"start":{"line":37,"column":4},"end":{"line":37,"column":49}},"24":{"start":{"line":41,"column":2},"end":{"line":57,"column":3}},"25":{"start":{"line":42,"column":21},"end":{"line":44,"column":null}},"26":{"start":{"line":46,"column":30},"end":{"line":46,"column":54}},"27":{"start":{"line":47,"column":4},"end":{"line":47,"column":74}},"28":{"start":{"line":47,"column":20},"end":{"line":47,"column":74}},"29":{"start":{"line":48,"column":4},"end":{"line":48,"column":54}},"30":{"start":{"line":51,"column":28},"end":{"line":53,"column":93}},"31":{"start":{"line":53,"column":19},"end":{"line":53,"column":69}},"32":{"start":{"line":55,"column":20},"end":{"line":55,"column":39}},"33":{"start":{"line":56,"column":4},"end":{"line":56,"column":62}},"34":{"start":{"line":61,"column":2},"end":{"line":64,"column":19}}},"fnMap":{"0":{"name":"getUSDtoBRL","decl":{"start":{"line":10,"column":22},"end":{"line":10,"column":33}},"loc":{"start":{"line":10,"column":33},"end":{"line":30,"column":1}}},"1":{"name":"convertToBRL","decl":{"start":{"line":32,"column":22},"end":{"line":32,"column":34}},"loc":{"start":{"line":32,"column":67},"end":{"line":58,"column":1}}},"2":{"name":"(anonymous_3)","decl":{"start":{"line":53,"column":12},"end":{"line":53,"column":15}},"loc":{"start":{"line":53,"column":19},"end":{"line":53,"column":69}}},"3":{"name":"formatBRL","decl":{"start":{"line":60,"column":16},"end":{"line":60,"column":25}},"loc":{"start":{"line":60,"column":39},"end":{"line":65,"column":1}}}},"branchMap":{"0":{"loc":{"start":{"line":11,"column":2},"end":{"line":13,"column":3}},"type":"if","locations":[{"start":{"line":11,"column":2},"end":{"line":13,"column":3}}]},"1":{"loc":{"start":{"line":11,"column":6},"end":{"line":11,"column":68}},"type":"binary-expr","locations":[{"start":{"line":11,"column":6},"end":{"line":11,"column":16}},{"start":{"line":11,"column":20},"end":{"line":11,"column":68}}]},"2":{"loc":{"start":{"line":21,"column":4},"end":{"line":21,"column":53}},"type":"if","locations":[{"start":{"line":21,"column":4},"end":{"line":21,"column":53}}]},"3":{"loc":{"start":{"line":33,"column":2},"end":{"line":33,"column":40}},"type":"if","locations":[{"start":{"line":33,"column":2},"end":{"line":33,"column":40}}]},"4":{"loc":{"start":{"line":35,"column":2},"end":{"line":38,"column":3}},"type":"if","locations":[{"start":{"line":35,"column":2},"end":{"line":38,"column":3}}]},"5":{"loc":{"start":{"line":47,"column":4},"end":{"line":47,"column":74}},"type":"if","locations":[{"start":{"line":47,"column":4},"end":{"line":47,"column":74}}]},"6":{"loc":{"start":{"line":51,"column":28},"end":{"line":53,"column":93}},"type":"binary-expr","locations":[{"start":{"line":51,"column":28},"end":{"line":53,"column":88}},{"start":{"line":53,"column":92},"end":{"line":53,"column":93}}]}},"s":{"0":10,"1":10,"2":10,"3":10,"4":10,"5":10,"6":10,"7":7,"8":1,"9":6,"10":6,"11":4,"12":4,"13":0,"14":4,"15":4,"16":4,"17":2,"18":2,"19":5,"20":1,"21":4,"22":2,"23":2,"24":2,"25":2,"26":1,"27":1,"28":0,"29":1,"30":1,"31":1,"32":1,"33":1,"34":20},"f":{"0":7,"1":5,"2":1,"3":20},"b":{"0":[1],"1":[7,1],"2":[0],"3":[1],"4":[2],"5":[0],"6":[1,0]}}
,"/Users/bruno.teixeira/Downloads/bsb_price_track/src/services/healthCheck.ts": {"path":"/Users/bruno.teixeira/Downloads/bsb_price_track/src/services/healthCheck.ts","statementMap":{"0":{"start":{"line":7,"column":0},"end":{"line":7,"column":7}},"1":{"start":{"line":1,"column":0},"end":{"line":1,"column":20}},"2":{"start":{"line":2,"column":0},"end":{"line":2,"column":24}},"3":{"start":{"line":3,"column":0},"end":{"line":3,"column":45}},"4":{"start":{"line":5,"column":20},"end":{"line":5,"column":70}},"5":{"start":{"line":8,"column":16},"end":{"line":8,"column":54}},"6":{"start":{"line":10,"column":18},"end":{"line":10,"column":20}},"7":{"start":{"line":11,"column":2},"end":{"line":13,"column":3}},"8":{"start":{"line":12,"column":4},"end":{"line":12,"column":82}},"9":{"start":{"line":15,"column":2},"end":{"line":18,"column":3}},"10":{"start":{"line":16,"column":4},"end":{"line":16,"column":58}},"11":{"start":{"line":17,"column":4},"end":{"line":17,"column":11}},"12":{"start":{"line":20,"column":2},"end":{"line":20,"column":26}},"13":{"start":{"line":21,"column":2},"end":{"line":21,"column":63}},"14":{"start":{"line":22,"column":2},"end":{"line":22,"column":79}}},"fnMap":{"0":{"name":"maybeHealthCheck","decl":{"start":{"line":7,"column":22},"end":{"line":7,"column":38}},"loc":{"start":{"line":7,"column":38},"end":{"line":23,"column":1}}}},"branchMap":{"0":{"loc":{"start":{"line":11,"column":2},"end":{"line":13,"column":3}},"type":"if","locations":[{"start":{"line":11,"column":2},"end":{"line":13,"column":3}}]},"1":{"loc":{"start":{"line":12,"column":16},"end":{"line":12,"column":81}},"type":"binary-expr","locations":[{"start":{"line":12,"column":16},"end":{"line":12,"column":75}},{"start":{"line":12,"column":79},"end":{"line":12,"column":81}}]},"2":{"loc":{"start":{"line":15,"column":2},"end":{"line":18,"column":3}},"type":"if","locations":[{"start":{"line":15,"column":2},"end":{"line":18,"column":3}}]}},"s":{"0":1,"1":1,"2":1,"3":1,"4":1,"5":5,"6":5,"7":5,"8":3,"9":5,"10":1,"11":1,"12":4,"13":4,"14":4},"f":{"0":5},"b":{"0":[3],"1":[3,1],"2":[1]}}
,"/Users/bruno.teixeira/Downloads/bsb_price_track/src/services/history.ts": {"path":"/Users/bruno.teixeira/Downloads/bsb_price_track/src/services/history.ts","statementMap":{"0":{"start":{"line":7,"column":0},"end":{"line":7,"column":16}},"1":{"start":{"line":12,"column":0},"end":{"line":12,"column":16}},"2":{"start":{"line":25,"column":0},"end":{"line":25,"column":16}},"3":{"start":{"line":33,"column":0},"end":{"line":33,"column":16}},"4":{"start":{"line":1,"column":0},"end":{"line":1,"column":20}},"5":{"start":{"line":2,"column":0},"end":{"line":2,"column":24}},"6":{"start":{"line":5,"column":21},"end":{"line":5,"column":72}},"7":{"start":{"line":8,"column":2},"end":{"line":8,"column":46}},"8":{"start":{"line":8,"column":36},"end":{"line":8,"column":46}},"9":{"start":{"line":9,"column":2},"end":{"line":9,"column":60}},"10":{"start":{"line":13,"column":18},"end":{"line":13,"column":31}},"11":{"start":{"line":14,"column":19},"end":{"line":19,"column":null}},"12":{"start":{"line":16,"column":6},"end":{"line":19,"column":33}},"13":{"start":{"line":21,"column":2},"end":{"line":21,"column":41}},"14":{"start":{"line":21,"column":29},"end":{"line":21,"column":41}},"15":{"start":{"line":22,"column":2},"end":{"line":22,"column":56}},"16":{"start":{"line":26,"column":18},"end":{"line":26,"column":31}},"17":{"start":{"line":27,"column":2},"end":{"line":27,"column":22}},"18":{"start":{"line":28,"column":2},"end":{"line":28,"column":64}},"19":{"start":{"line":29,"column":2},"end":{"line":29,"column":67}},"20":{"start":{"line":30,"column":2},"end":{"line":30,"column":70}},"21":{"start":{"line":34,"column":18},"end":{"line":34,"column":31}},"22":{"start":{"line":37,"column":19},"end":{"line":37,"column":32}},"23":{"start":{"line":38,"column":2},"end":{"line":38,"column":37}},"24":{"start":{"line":40,"column":27},"end":{"line":40,"column":45}},"25":{"start":{"line":41,"column":2},"end":{"line":41,"column":59}},"26":{"start":{"line":42,"column":2},"end":{"line":42,"column":40}},"27":{"start":{"line":45,"column":26},"end":{"line":45,"column":52}},"28":{"start":{"line":46,"column":2},"end":{"line":46,"column":73}},"29":{"start":{"line":48,"column":28},"end":{"line":48,"column":53}},"30":{"start":{"line":49,"column":2},"end":{"line":49,"column":61}},"31":{"start":{"line":50,"column":2},"end":{"line":50,"column":41}},"32":{"start":{"line":52,"column":19},"end":{"line":52,"column":null}},"33":{"start":{"line":60,"column":2},"end":{"line":86,"column":3}},"34":{"start":{"line":61,"column":15},"end":{"line":61,"column":40}},"35":{"start":{"line":62,"column":21},"end":{"line":62,"column":59}},"36":{"start":{"line":64,"column":4},"end":{"line":72,"column":5}},"37":{"start":{"line":65,"column":6},"end":{"line":71,"column":9}},"38":{"start":{"line":74,"column":17},"end":{"line":74,"column":40}},"39":{"start":{"line":76,"column":4},"end":{"line":85,"column":5}},"40":{"start":{"line":77,"column":6},"end":{"line":77,"column":28}},"41":{"start":{"line":78,"column":6},"end":{"line":80,"column":7}},"42":{"start":{"line":79,"column":8},"end":{"line":79,"column":56}},"43":{"start":{"line":81,"column":11},"end":{"line":85,"column":5}},"44":{"start":{"line":82,"column":6},"end":{"line":84,"column":7}},"45":{"start":{"line":83,"column":8},"end":{"line":83,"column":57}},"46":{"start":{"line":88,"column":42},"end":{"line":88,"column":44}},"47":{"start":{"line":90,"column":2},"end":{"line":111,"column":3}},"48":{"start":{"line":91,"column":27},"end":{"line":91,"column":97}},"49":{"start":{"line":92,"column":28},"end":{"line":92,"column":100}},"50":{"start":{"line":94,"column":54},"end":{"line":94,"column":63}},"51":{"start":{"line":95,"column":4},"end":{"line":100,"column":5}},"52":{"start":{"line":96,"column":19},"end":{"line":96,"column":71}},"53":{"start":{"line":97,"column":6},"end":{"line":99,"column":28}},"54":{"start":{"line":97,"column":23},"end":{"line":97,"column":36}},"55":{"start":{"line":98,"column":11},"end":{"line":99,"column":28}},"56":{"start":{"line":98,"column":29},"end":{"line":98,"column":44}},"57":{"start":{"line":99,"column":11},"end":{"line":99,"column":28}},"58":{"start":{"line":102,"column":4},"end":{"line":110,"column":7}},"59":{"start":{"line":113,"column":2},"end":{"line":113,"column":66}},"60":{"start":{"line":113,"column":34},"end":{"line":113,"column":64}}},"fnMap":{"0":{"name":"loadHistory","decl":{"start":{"line":7,"column":16},"end":{"line":7,"column":27}},"loc":{"start":{"line":7,"column":27},"end":{"line":10,"column":1}}},"1":{"name":"getLastCheapestPrice","decl":{"start":{"line":12,"column":16},"end":{"line":12,"column":36}},"loc":{"start":{"line":12,"column":95},"end":{"line":23,"column":1}}},"2":{"name":"(anonymous_3)","decl":{"start":{"line":15,"column":4},"end":{"line":15,"column":5}},"loc":{"start":{"line":16,"column":6},"end":{"line":19,"column":33}}},"3":{"name":"appendHistory","decl":{"start":{"line":25,"column":16},"end":{"line":25,"column":29}},"loc":{"start":{"line":25,"column":49},"end":{"line":31,"column":1}}},"4":{"name":"getWeeklySummary","decl":{"start":{"line":33,"column":16},"end":{"line":33,"column":32}},"loc":{"start":{"line":33,"column":55},"end":{"line":114,"column":1}}},"5":{"name":"(anonymous_6)","decl":{"start":{"line":113,"column":24},"end":{"line":113,"column":25}},"loc":{"start":{"line":113,"column":34},"end":{"line":113,"column":64}}}},"branchMap":{"0":{"loc":{"start":{"line":8,"column":2},"end":{"line":8,"column":46}},"type":"if","locations":[{"start":{"line":8,"column":2},"end":{"line":8,"column":46}}]},"1":{"loc":{"start":{"line":16,"column":6},"end":{"line":19,"column":33}},"type":"binary-expr","locations":[{"start":{"line":16,"column":6},"end":{"line":16,"column":25}},{"start":{"line":17,"column":6},"end":{"line":17,"column":35}},{"start":{"line":18,"column":6},"end":{"line":18,"column":39}},{"start":{"line":19,"column":6},"end":{"line":19,"column":33}}]},"2":{"loc":{"start":{"line":21,"column":2},"end":{"line":21,"column":41}},"type":"if","locations":[{"start":{"line":21,"column":2},"end":{"line":21,"column":41}}]},"3":{"loc":{"start":{"line":33,"column":33},"end":{"line":33,"column":55}},"type":"default-arg","locations":[{"start":{"line":33,"column":45},"end":{"line":33,"column":55}}]},"4":{"loc":{"start":{"line":64,"column":4},"end":{"line":72,"column":5}},"type":"if","locations":[{"start":{"line":64,"column":4},"end":{"line":72,"column":5}}]},"5":{"loc":{"start":{"line":76,"column":4},"end":{"line":85,"column":5}},"type":"if","locations":[{"start":{"line":76,"column":4},"end":{"line":85,"column":5}},{"start":{"line":81,"column":11},"end":{"line":85,"column":5}}]},"6":{"loc":{"start":{"line":76,"column":8},"end":{"line":76,"column":48}},"type":"binary-expr","locations":[{"start":{"line":76,"column":8},"end":{"line":76,"column":30}},{"start":{"line":76,"column":34},"end":{"line":76,"column":48}}]},"7":{"loc":{"start":{"line":78,"column":6},"end":{"line":80,"column":7}},"type":"if","locations":[{"start":{"line":78,"column":6},"end":{"line":80,"column":7}}]},"8":{"loc":{"start":{"line":81,"column":11},"end":{"line":85,"column":5}},"type":"if","locations":[{"start":{"line":81,"column":11},"end":{"line":85,"column":5}}]},"9":{"loc":{"start":{"line":81,"column":15},"end":{"line":81,"column":63}},"type":"binary-expr","locations":[{"start":{"line":81,"column":15},"end":{"line":81,"column":38}},{"start":{"line":81,"column":42},"end":{"line":81,"column":63}}]},"10":{"loc":{"start":{"line":82,"column":6},"end":{"line":84,"column":7}},"type":"if","locations":[{"start":{"line":82,"column":6},"end":{"line":84,"column":7}}]},"11":{"loc":{"start":{"line":91,"column":27},"end":{"line":91,"column":97}},"type":"cond-expr","locations":[{"start":{"line":91,"column":59},"end":{"line":91,"column":90}},{"start":{"line":91,"column":93},"end":{"line":91,"column":97}}]},"12":{"loc":{"start":{"line":92,"column":28},"end":{"line":92,"column":100}},"type":"cond-expr","locations":[{"start":{"line":92,"column":61},"end":{"line":92,"column":93}},{"start":{"line":92,"column":96},"end":{"line":92,"column":100}}]},"13":{"loc":{"start":{"line":95,"column":4},"end":{"line":100,"column":5}},"type":"if","locations":[{"start":{"line":95,"column":4},"end":{"line":100,"column":5}}]},"14":{"loc":{"start":{"line":95,"column":8},"end":{"line":95,"column":59}},"type":"binary-expr","locations":[{"start":{"line":95,"column":8},"end":{"line":95,"column":31}},{"start":{"line":95,"column":35},"end":{"line":95,"column":59}}]},"15":{"loc":{"start":{"line":97,"column":6},"end":{"line":99,"column":28}},"type":"if","locations":[{"start":{"line":97,"column":6},"end":{"line":99,"column":28}},{"start":{"line":98,"column":11},"end":{"line":99,"column":28}}]},"16":{"loc":{"start":{"line":98,"column":11},"end":{"line":99,"column":28}},"type":"if","locations":[{"start":{"line":98,"column":11},"end":{"line":99,"column":28}},{"start":{"line":99,"column":11},"end":{"line":99,"column":28}}]}},"s":{"0":1,"1":1,"2":1,"3":1,"4":1,"5":1,"6":1,"7":52,"8":20,"9":32,"10":5,"11":5,"12":8,"13":5,"14":3,"15":2,"16":30,"17":30,"18":30,"19":30,"20":30,"21":10,"22":10,"23":10,"24":10,"25":10,"26":10,"27":10,"28":10,"29":10,"30":10,"31":10,"32":10,"33":10,"34":17,"35":17,"36":17,"37":10,"38":17,"39":17,"40":11,"41":11,"42":10,"43":6,"44":5,"45":5,"46":10,"47":10,"48":10,"49":10,"50":10,"51":10,"52":3,"53":3,"54":1,"55":2,"56":1,"57":1,"58":10,"59":10,"60":1},"f":{"0":52,"1":5,"2":8,"3":30,"4":10,"5":1},"b":{"0":[20],"1":[8,8,7,6],"2":[3],"3":[0],"4":[10],"5":[11,6],"6":[17,11],"7":[10],"8":[5],"9":[6,5],"10":[5],"11":[8,2],"12":[4,6],"13":[3],"14":[10,8],"15":[1,2],"16":[1,1]}}
,"/Users/bruno.teixeira/Downloads/bsb_price_track/src/services/telegram.ts": {"path":"/Users/bruno.teixeira/Downloads/bsb_price_track/src/services/telegram.ts","statementMap":{"0":{"start":{"line":78,"column":0},"end":{"line":78,"column":7}},"1":{"start":{"line":95,"column":0},"end":{"line":95,"column":7}},"2":{"start":{"line":108,"column":0},"end":{"line":108,"column":7}},"3":{"start":{"line":128,"column":0},"end":{"line":128,"column":7}},"4":{"start":{"line":143,"column":0},"end":{"line":143,"column":7}},"5":{"start":{"line":167,"column":0},"end":{"line":167,"column":7}},"6":{"start":{"line":183,"column":0},"end":{"line":183,"column":7}},"7":{"start":{"line":1,"column":0},"end":{"line":1,"column":26}},"8":{"start":{"line":2,"column":0},"end":{"line":2,"column":35}},"9":{"start":{"line":4,"column":0},"end":{"line":4,"column":53}},"10":{"start":{"line":6,"column":17},"end":{"line":6,"column":74}},"11":{"start":{"line":7,"column":19},"end":{"line":7,"column":25}},"12":{"start":{"line":9,"column":67},"end":{"line":13,"column":2}},"13":{"start":{"line":16,"column":29},"end":{"line":16,"column":47}},"14":{"start":{"line":17,"column":2},"end":{"line":17,"column":35}},"15":{"start":{"line":21,"column":20},"end":{"line":21,"column":90}},"16":{"start":{"line":23,"column":16},"end":{"line":29,"column":4}},"17":{"start":{"line":31,"column":2},"end":{"line":33,"column":3}},"18":{"start":{"line":32,"column":4},"end":{"line":32,"column":61}},"19":{"start":{"line":35,"column":2},"end":{"line":37,"column":3}},"20":{"start":{"line":36,"column":4},"end":{"line":36,"column":39}},"21":{"start":{"line":39,"column":2},"end":{"line":42,"column":3}},"22":{"start":{"line":40,"column":18},"end":{"line":40,"column":72}},"23":{"start":{"line":41,"column":4},"end":{"line":41,"column":43}},"24":{"start":{"line":44,"column":2},"end":{"line":46,"column":3}},"25":{"start":{"line":45,"column":4},"end":{"line":45,"column":54}},"26":{"start":{"line":48,"column":2},"end":{"line":48,"column":51}},"27":{"start":{"line":50,"column":2},"end":{"line":68,"column":3}},"28":{"start":{"line":51,"column":15},"end":{"line":51,"column":35}},"29":{"start":{"line":52,"column":23},"end":{"line":52,"column":52}},"30":{"start":{"line":53,"column":39},"end":{"line":53,"column":59}},"31":{"start":{"line":54,"column":24},"end":{"line":54,"column":62}},"32":{"start":{"line":55,"column":24},"end":{"line":55,"column":62}},"33":{"start":{"line":57,"column":4},"end":{"line":57,"column":19}},"34":{"start":{"line":58,"column":4},"end":{"line":58,"column":113}},"35":{"start":{"line":60,"column":24},"end":{"line":60,"column":55}},"36":{"start":{"line":61,"column":20},"end":{"line":61,"column":85}},"37":{"start":{"line":63,"column":4},"end":{"line":67,"column":5}},"38":{"start":{"line":64,"column":6},"end":{"line":64,"column":77}},"39":{"start":{"line":65,"column":11},"end":{"line":67,"column":5}},"40":{"start":{"line":66,"column":6},"end":{"line":66,"column":86}},"41":{"start":{"line":70,"column":2},"end":{"line":70,"column":17}},"42":{"start":{"line":71,"column":2},"end":{"line":71,"column":50}},"43":{"start":{"line":72,"column":2},"end":{"line":72,"column":17}},"44":{"start":{"line":73,"column":2},"end":{"line":73,"column":42}},"45":{"start":{"line":75,"column":2},"end":{"line":75,"column":26}},"46":{"start":{"line":79,"column":15},"end":{"line":79,"column":41}},"47":{"start":{"line":81,"column":2},"end":{"line":92,"column":3}},"48":{"start":{"line":82,"column":4},"end":{"line":87,"column":32}},"49":{"start":{"line":88,"column":4},"end":{"line":88,"column":115}},"50":{"start":{"line":90,"column":4},"end":{"line":90,"column":62}},"51":{"start":{"line":91,"column":4},"end":{"line":91,"column":14}},"52":{"start":{"line":96,"column":15},"end":{"line":96,"column":125}},"53":{"start":{"line":97,"column":2},"end":{"line":105,"column":3}},"54":{"start":{"line":98,"column":4},"end":{"line":102,"column":32}},"55":{"start":{"line":104,"column":4},"end":{"line":104,"column":69}},"56":{"start":{"line":109,"column":14},"end":{"line":109,"column":83}},"57":{"start":{"line":110,"column":15},"end":{"line":114,"column":14}},"58":{"start":{"line":116,"column":2},"end":{"line":125,"column":3}},"59":{"start":{"line":117,"column":4},"end":{"line":121,"column":32}},"60":{"start":{"line":122,"column":4},"end":{"line":122,"column":67}},"61":{"start":{"line":124,"column":4},"end":{"line":124,"column":69}},"62":{"start":{"line":129,"column":14},"end":{"line":129,"column":83}},"63":{"start":{"line":130,"column":15},"end":{"line":130,"column":44}},"64":{"start":{"line":131,"column":2},"end":{"line":140,"column":3}},"65":{"start":{"line":132,"column":4},"end":{"line":136,"column":32}},"66":{"start":{"line":137,"column":4},"end":{"line":137,"column":52}},"67":{"start":{"line":139,"column":4},"end":{"line":139,"column":66}},"68":{"start":{"line":150,"column":20},"end":{"line":150,"column":83}},"69":{"start":{"line":151,"column":17},"end":{"line":151,"column":63}},"70":{"start":{"line":152,"column":15},"end":{"line":154,"column":228}},"71":{"start":{"line":156,"column":2},"end":{"line":164,"column":3}},"72":{"start":{"line":157,"column":4},"end":{"line":161,"column":32}},"73":{"start":{"line":163,"column":4},"end":{"line":163,"column":73}},"74":{"start":{"line":168,"column":17},"end":{"line":168,"column":43}},"75":{"start":{"line":169,"column":15},"end":{"line":171,"column":75}},"76":{"start":{"line":173,"column":2},"end":{"line":180,"column":3}},"77":{"start":{"line":174,"column":4},"end":{"line":177,"column":32}},"78":{"start":{"line":179,"column":4},"end":{"line":179,"column":60}},"79":{"start":{"line":184,"column":14},"end":{"line":184,"column":83}},"80":{"start":{"line":186,"column":2},"end":{"line":200,"column":3}},"81":{"start":{"line":187,"column":17},"end":{"line":187,"column":91}},"82":{"start":{"line":188,"column":4},"end":{"line":198,"column":5}},"83":{"start":{"line":189,"column":6},"end":{"line":193,"column":34}},"84":{"start":{"line":194,"column":6},"end":{"line":194,"column":71}},"85":{"start":{"line":196,"column":6},"end":{"line":196,"column":73}},"86":{"start":{"line":197,"column":6},"end":{"line":197,"column":16}},"87":{"start":{"line":199,"column":4},"end":{"line":199,"column":11}},"88":{"start":{"line":202,"column":26},"end":{"line":206,"column":4}},"89":{"start":{"line":208,"column":2},"end":{"line":238,"column":3}},"90":{"start":{"line":210,"column":6},"end":{"line":212,"column":39}},"91":{"start":{"line":214,"column":4},"end":{"line":214,"column":34}},"92":{"start":{"line":216,"column":4},"end":{"line":220,"column":5}},"93":{"start":{"line":217,"column":6},"end":{"line":217,"column":81}},"94":{"start":{"line":219,"column":6},"end":{"line":219,"column":45}},"95":{"start":{"line":222,"column":4},"end":{"line":226,"column":5}},"96":{"start":{"line":223,"column":6},"end":{"line":223,"column":72}},"97":{"start":{"line":225,"column":6},"end":{"line":225,"column":50}},"98":{"start":{"line":228,"column":4},"end":{"line":235,"column":5}},"99":{"start":{"line":229,"column":19},"end":{"line":229,"column":55}},"100":{"start":{"line":230,"column":18},"end":{"line":230,"column":63}},"101":{"start":{"line":231,"column":19},"end":{"line":231,"column":38}},"102":{"start":{"line":232,"column":6},"end":{"line":232,"column":87}},"103":{"start":{"line":234,"column":6},"end":{"line":234,"column":81}},"104":{"start":{"line":237,"column":4},"end":{"line":237,"column":19}},"105":{"start":{"line":240,"column":22},"end":{"line":240,"column":77}},"106":{"start":{"line":240,"column":51},"end":{"line":240,"column":73}},"107":{"start":{"line":241,"column":2},"end":{"line":241,"column":73}},"108":{"start":{"line":243,"column":15},"end":{"line":243,"column":31}},"109":{"start":{"line":245,"column":2},"end":{"line":255,"column":3}},"110":{"start":{"line":246,"column":4},"end":{"line":250,"column":32}},"111":{"start":{"line":251,"column":4},"end":{"line":251,"column":89}},"112":{"start":{"line":253,"column":4},"end":{"line":253,"column":71}},"113":{"start":{"line":254,"column":4},"end":{"line":254,"column":14}}},"fnMap":{"0":{"name":"formatDate","decl":{"start":{"line":15,"column":9},"end":{"line":15,"column":19}},"loc":{"start":{"line":15,"column":35},"end":{"line":18,"column":1}}},"1":{"name":"buildMessage","decl":{"start":{"line":20,"column":15},"end":{"line":20,"column":27}},"loc":{"start":{"line":20,"column":42},"end":{"line":76,"column":1}}},"2":{"name":"sendFlightAlert","decl":{"start":{"line":78,"column":22},"end":{"line":78,"column":37}},"loc":{"start":{"line":78,"column":52},"end":{"line":93,"column":1}}},"3":{"name":"sendAntiSpamNotice","decl":{"start":{"line":95,"column":22},"end":{"line":95,"column":40}},"loc":{"start":{"line":95,"column":95},"end":{"line":106,"column":1}}},"4":{"name":"sendErrorAlert","decl":{"start":{"line":108,"column":22},"end":{"line":108,"column":36}},"loc":{"start":{"line":108,"column":67},"end":{"line":126,"column":1}}},"5":{"name":"sendHealthCheck","decl":{"start":{"line":128,"column":22},"end":{"line":128,"column":37}},"loc":{"start":{"line":128,"column":37},"end":{"line":141,"column":1}}},"6":{"name":"sendDateRangeSummary","decl":{"start":{"line":143,"column":22},"end":{"line":143,"column":42}},"loc":{"start":{"line":148,"column":32},"end":{"line":165,"column":1}}},"7":{"name":"sendSummary","decl":{"start":{"line":167,"column":22},"end":{"line":167,"column":33}},"loc":{"start":{"line":167,"column":80},"end":{"line":181,"column":1}}},"8":{"name":"sendWeeklyReport","decl":{"start":{"line":183,"column":22},"end":{"line":183,"column":38}},"loc":{"start":{"line":183,"column":70},"end":{"line":256,"column":1}}},"9":{"name":"(anonymous_10)","decl":{"start":{"line":240,"column":39},"end":{"line":240,"column":40}},"loc":{"start":{"line":240,"column":51},"end":{"line":240,"column":73}}}},"branchMap":{"0":{"loc":{"start":{"line":21,"column":20},"end":{"line":21,"column":90}},"type":"cond-expr","locations":[{"start":{"line":21,"column":55},"end":{"line":21,"column":71}},{"start":{"line":21,"column":74},"end":{"line":21,"column":90}}]},"1":{"loc":{"start":{"line":31,"column":2},"end":{"line":33,"column":3}},"type":"if","locations":[{"start":{"line":31,"column":2},"end":{"line":33,"column":3}}]},"2":{"loc":{"start":{"line":35,"column":2},"end":{"line":37,"column":3}},"type":"if","locations":[{"start":{"line":35,"column":2},"end":{"line":37,"column":3}}]},"3":{"loc":{"start":{"line":39,"column":2},"end":{"line":42,"column":3}},"type":"if","locations":[{"start":{"line":39,"column":2},"end":{"line":42,"column":3}}]},"4":{"loc":{"start":{"line":39,"column":6},"end":{"line":39,"column":44}},"type":"binary-expr","locations":[{"start":{"line":39,"column":6},"end":{"line":39,"column":25}},{"start":{"line":39,"column":29},"end":{"line":39,"column":44}}]},"5":{"loc":{"start":{"line":44,"column":2},"end":{"line":46,"column":3}},"type":"if","locations":[{"start":{"line":44,"column":2},"end":{"line":46,"column":3}}]},"6":{"loc":{"start":{"line":50,"column":2},"end":{"line":68,"column":3}},"type":"if","locations":[{"start":{"line":50,"column":2},"end":{"line":68,"column":3}}]},"7":{"loc":{"start":{"line":50,"column":6},"end":{"line":50,"column":55}},"type":"binary-expr","locations":[{"start":{"line":50,"column":6},"end":{"line":50,"column":31}},{"start":{"line":50,"column":35},"end":{"line":50,"column":55}}]},"8":{"loc":{"start":{"line":63,"column":4},"end":{"line":67,"column":5}},"type":"if","locations":[{"start":{"line":63,"column":4},"end":{"line":67,"column":5}},{"start":{"line":65,"column":11},"end":{"line":67,"column":5}}]},"9":{"loc":{"start":{"line":65,"column":11},"end":{"line":67,"column":5}},"type":"if","locations":[{"start":{"line":65,"column":11},"end":{"line":67,"column":5}}]},"10":{"loc":{"start":{"line":148,"column":2},"end":{"line":148,"column":32}},"type":"default-arg","locations":[{"start":{"line":148,"column":23},"end":{"line":148,"column":32}}]},"11":{"loc":{"start":{"line":150,"column":20},"end":{"line":150,"column":83}},"type":"cond-expr","locations":[{"start":{"line":150,"column":48},"end":{"line":150,"column":64}},{"start":{"line":150,"column":67},"end":{"line":150,"column":83}}]},"12":{"loc":{"start":{"line":151,"column":17},"end":{"line":151,"column":63}},"type":"binary-expr","locations":[{"start":{"line":151,"column":17},"end":{"line":151,"column":28}},{"start":{"line":151,"column":32},"end":{"line":151,"column":63}}]},"13":{"loc":{"start":{"line":152,"column":15},"end":{"line":154,"column":228}},"type":"cond-expr","locations":[{"start":{"line":153,"column":6},"end":{"line":153,"column":124}},{"start":{"line":154,"column":6},"end":{"line":154,"column":228}}]},"14":{"loc":{"start":{"line":154,"column":172},"end":{"line":154,"column":226}},"type":"cond-expr","locations":[{"start":{"line":154,"column":194},"end":{"line":154,"column":221}},{"start":{"line":154,"column":224},"end":{"line":154,"column":226}}]},"15":{"loc":{"start":{"line":168,"column":17},"end":{"line":168,"column":43}},"type":"cond-expr","locations":[{"start":{"line":168,"column":25},"end":{"line":168,"column":38}},{"start":{"line":168,"column":41},"end":{"line":168,"column":43}}]},"16":{"loc":{"start":{"line":169,"column":15},"end":{"line":171,"column":75}},"type":"cond-expr","locations":[{"start":{"line":170,"column":6},"end":{"line":170,"column":89}},{"start":{"line":171,"column":6},"end":{"line":171,"column":75}}]},"17":{"loc":{"start":{"line":186,"column":2},"end":{"line":200,"column":3}},"type":"if","locations":[{"start":{"line":186,"column":2},"end":{"line":200,"column":3}}]},"18":{"loc":{"start":{"line":210,"column":6},"end":{"line":212,"column":39}},"type":"cond-expr","locations":[{"start":{"line":210,"column":25},"end":{"line":210,"column":29}},{"start":{"line":211,"column":6},"end":{"line":212,"column":39}}]},"19":{"loc":{"start":{"line":211,"column":6},"end":{"line":212,"column":39}},"type":"cond-expr","locations":[{"start":{"line":211,"column":27},"end":{"line":211,"column":31}},{"start":{"line":212,"column":6},"end":{"line":212,"column":39}}]},"20":{"loc":{"start":{"line":212,"column":6},"end":{"line":212,"column":39}},"type":"cond-expr","locations":[{"start":{"line":212,"column":29},"end":{"line":212,"column":33}},{"start":{"line":212,"column":36},"end":{"line":212,"column":39}}]},"21":{"loc":{"start":{"line":216,"column":4},"end":{"line":220,"column":5}},"type":"if","locations":[{"start":{"line":216,"column":4},"end":{"line":220,"column":5}},{"start":{"line":218,"column":11},"end":{"line":220,"column":5}}]},"22":{"loc":{"start":{"line":222,"column":4},"end":{"line":226,"column":5}},"type":"if","locations":[{"start":{"line":222,"column":4},"end":{"line":226,"column":5}},{"start":{"line":224,"column":11},"end":{"line":226,"column":5}}]},"23":{"loc":{"start":{"line":228,"column":4},"end":{"line":235,"column":5}},"type":"if","locations":[{"start":{"line":228,"column":4},"end":{"line":235,"column":5}},{"start":{"line":233,"column":11},"end":{"line":235,"column":5}}]},"24":{"loc":{"start":{"line":228,"column":8},"end":{"line":228,"column":63}},"type":"binary-expr","locations":[{"start":{"line":228,"column":8},"end":{"line":228,"column":33}},{"start":{"line":228,"column":37},"end":{"line":228,"column":63}}]},"25":{"loc":{"start":{"line":231,"column":19},"end":{"line":231,"column":38}},"type":"cond-expr","locations":[{"start":{"line":231,"column":30},"end":{"line":231,"column":33}},{"start":{"line":231,"column":36},"end":{"line":231,"column":38}}]}},"s":{"0":1,"1":1,"2":1,"3":1,"4":1,"5":1,"6":1,"7":1,"8":1,"9":1,"10":1,"11":1,"12":1,"13":13,"14":13,"15":10,"16":10,"17":10,"18":2,"19":10,"20":1,"21":10,"22":0,"23":0,"24":10,"25":0,"26":10,"27":10,"28":2,"29":2,"30":2,"31":2,"32":2,"33":2,"34":2,"35":2,"36":2,"37":2,"38":1,"39":1,"40":1,"41":10,"42":10,"43":10,"44":10,"45":10,"46":10,"47":10,"48":10,"49":9,"50":1,"51":1,"52":0,"53":0,"54":0,"55":0,"56":2,"57":2,"58":2,"59":2,"60":1,"61":1,"62":0,"63":0,"64":0,"65":0,"66":0,"67":0,"68":5,"69":5,"70":5,"71":5,"72":5,"73":0,"74":2,"75":2,"76":2,"77":2,"78":0,"79":6,"80":6,"81":1,"82":1,"83":1,"84":1,"85":0,"86":0,"87":1,"88":5,"89":5,"90":6,"91":6,"92":6,"93":6,"94":0,"95":6,"96":5,"97":1,"98":6,"99":5,"100":5,"101":5,"102":5,"103":1,"104":6,"105":5,"106":6,"107":5,"108":5,"109":5,"110":5,"111":4,"112":1,"113":1},"f":{"0":13,"1":10,"2":10,"3":0,"4":2,"5":0,"6":5,"7":2,"8":6,"9":6},"b":{"0":[1,9],"1":[2],"2":[1],"3":[0],"4":[10,10],"5":[0],"6":[2],"7":[10,9],"8":[1,1],"9":[1],"10":[3],"11":[1,4],"12":[5,2],"13":[4,1],"14":[1,0],"15":[0,2],"16":[1,1],"17":[1],"18":[2,4],"19":[3,1],"20":[0,1],"21":[6,0],"22":[5,1],"23":[5,1],"24":[6,6],"25":[2,3]}}
,"/Users/bruno.teixeira/Downloads/bsb_price_track/src/services/tracker.ts": {"path":"/Users/bruno.teixeira/Downloads/bsb_price_track/src/services/tracker.ts","statementMap":{"0":{"start":{"line":10,"column":0},"end":{"line":10,"column":7}},"1":{"start":{"line":1,"column":0},"end":{"line":1,"column":35}},"2":{"start":{"line":3,"column":0},"end":{"line":3,"column":48}},"3":{"start":{"line":4,"column":0},"end":{"line":4,"column":54}},"4":{"start":{"line":5,"column":0},"end":{"line":5,"column":116}},"5":{"start":{"line":6,"column":0},"end":{"line":6,"column":64}},"6":{"start":{"line":7,"column":0},"end":{"line":7,"column":43}},"7":{"start":{"line":8,"column":0},"end":{"line":8,"column":51}},"8":{"start":{"line":11,"column":16},"end":{"line":11,"column":91}},"9":{"start":{"line":13,"column":2},"end":{"line":32,"column":3}},"10":{"start":{"line":14,"column":4},"end":{"line":31,"column":5}},"11":{"start":{"line":16,"column":6},"end":{"line":16,"column":43}},"12":{"start":{"line":16,"column":34},"end":{"line":16,"column":43}},"13":{"start":{"line":18,"column":35},"end":{"line":24,"column":8}},"14":{"start":{"line":26,"column":6},"end":{"line":30,"column":7}},"15":{"start":{"line":27,"column":8},"end":{"line":27,"column":38}},"16":{"start":{"line":29,"column":8},"end":{"line":29,"column":45}},"17":{"start":{"line":36,"column":2},"end":{"line":51,"column":3}},"18":{"start":{"line":37,"column":20},"end":{"line":42,"column":null}},"19":{"start":{"line":38,"column":12},"end":{"line":38,"column":35}},"20":{"start":{"line":42,"column":8},"end":{"line":42,"column":94}},"21":{"start":{"line":44,"column":4},"end":{"line":44,"column":69}},"22":{"start":{"line":45,"column":4},"end":{"line":45,"column":19}},"23":{"start":{"line":47,"column":4},"end":{"line":47,"column":83}},"24":{"start":{"line":48,"column":20},"end":{"line":48,"column":52}},"25":{"start":{"line":49,"column":4},"end":{"line":49,"column":72}},"26":{"start":{"line":50,"column":4},"end":{"line":50,"column":19}},"27":{"start":{"line":55,"column":60},"end":{"line":55,"column":74}},"28":{"start":{"line":56,"column":17},"end":{"line":56,"column":24}},"29":{"start":{"line":58,"column":2},"end":{"line":72,"column":3}},"30":{"start":{"line":59,"column":19},"end":{"line":59,"column":34}},"31":{"start":{"line":60,"column":4},"end":{"line":65,"column":7}},"32":{"start":{"line":61,"column":6},"end":{"line":61,"column":35}},"33":{"start":{"line":61,"column":22},"end":{"line":61,"column":35}},"34":{"start":{"line":62,"column":6},"end":{"line":64,"column":8}},"35":{"start":{"line":63,"column":8},"end":{"line":63,"column":58}},"36":{"start":{"line":66,"column":20},"end":{"line":66,"column":44}},"37":{"start":{"line":67,"column":4},"end":{"line":71,"column":5}},"38":{"start":{"line":68,"column":6},"end":{"line":70,"column":8}},"39":{"start":{"line":74,"column":2},"end":{"line":85,"column":3}},"40":{"start":{"line":75,"column":19},"end":{"line":75,"column":34}},"41":{"start":{"line":76,"column":4},"end":{"line":78,"column":6}},"42":{"start":{"line":77,"column":13},"end":{"line":77,"column":57}},"43":{"start":{"line":79,"column":20},"end":{"line":79,"column":44}},"44":{"start":{"line":80,"column":4},"end":{"line":84,"column":5}},"45":{"start":{"line":81,"column":6},"end":{"line":83,"column":8}},"46":{"start":{"line":87,"column":2},"end":{"line":99,"column":3}},"47":{"start":{"line":88,"column":23},"end":{"line":88,"column":44}},"48":{"start":{"line":89,"column":19},"end":{"line":89,"column":34}},"49":{"start":{"line":90,"column":4},"end":{"line":92,"column":6}},"50":{"start":{"line":91,"column":13},"end":{"line":91,"column":79}},"51":{"start":{"line":93,"column":20},"end":{"line":93,"column":44}},"52":{"start":{"line":94,"column":4},"end":{"line":98,"column":5}},"53":{"start":{"line":95,"column":6},"end":{"line":97,"column":8}},"54":{"start":{"line":101,"column":2},"end":{"line":101,"column":18}},"55":{"start":{"line":105,"column":16},"end":{"line":105,"column":56}},"56":{"start":{"line":106,"column":2},"end":{"line":106,"column":77}},"57":{"start":{"line":107,"column":2},"end":{"line":107,"column":70}},"58":{"start":{"line":109,"column":26},"end":{"line":109,"column":28}},"59":{"start":{"line":111,"column":2},"end":{"line":117,"column":3}},"60":{"start":{"line":112,"column":4},"end":{"line":112,"column":41}},"61":{"start":{"line":114,"column":4},"end":{"line":114,"column":60}},"62":{"start":{"line":115,"column":4},"end":{"line":115,"column":108}},"63":{"start":{"line":116,"column":4},"end":{"line":116,"column":58}},"64":{"start":{"line":119,"column":2},"end":{"line":119,"column":42}},"65":{"start":{"line":122,"column":27},"end":{"line":122,"column":104}},"66":{"start":{"line":124,"column":2},"end":{"line":139,"column":5}},"67":{"start":{"line":131,"column":74},"end":{"line":131,"column":84}},"68":{"start":{"line":132,"column":33},"end":{"line":138,"column":6}},"69":{"start":{"line":141,"column":23},"end":{"line":143,"column":44}},"70":{"start":{"line":142,"column":19},"end":{"line":142,"column":58}},"71":{"start":{"line":143,"column":20},"end":{"line":143,"column":43}},"72":{"start":{"line":145,"column":2},"end":{"line":145,"column":99}},"73":{"start":{"line":147,"column":2},"end":{"line":166,"column":3}},"74":{"start":{"line":148,"column":28},"end":{"line":148,"column":52}},"75":{"start":{"line":149,"column":22},"end":{"line":149,"column":93}},"76":{"start":{"line":151,"column":4},"end":{"line":165,"column":5}},"77":{"start":{"line":152,"column":6},"end":{"line":156,"column":7}},"78":{"start":{"line":153,"column":8},"end":{"line":153,"column":114}},"79":{"start":{"line":155,"column":8},"end":{"line":155,"column":87}},"80":{"start":{"line":157,"column":6},"end":{"line":159,"column":7}},"81":{"start":{"line":158,"column":8},"end":{"line":158,"column":38}},"82":{"start":{"line":161,"column":6},"end":{"line":163,"column":8}},"83":{"start":{"line":164,"column":6},"end":{"line":164,"column":74}},"84":{"start":{"line":168,"column":2},"end":{"line":168,"column":64}},"85":{"start":{"line":172,"column":16},"end":{"line":172,"column":64}},"86":{"start":{"line":173,"column":2},"end":{"line":173,"column":77}},"87":{"start":{"line":175,"column":36},"end":{"line":175,"column":38}},"88":{"start":{"line":176,"column":31},"end":{"line":176,"column":63}},"89":{"start":{"line":177,"column":20},"end":{"line":177,"column":21}},"90":{"start":{"line":179,"column":2},"end":{"line":217,"column":3}},"91":{"start":{"line":180,"column":33},"end":{"line":180,"column":71}},"92":{"start":{"line":181,"column":4},"end":{"line":181,"column":58}},"93":{"start":{"line":184,"column":4},"end":{"line":184,"column":106}},"94":{"start":{"line":186,"column":28},"end":{"line":186,"column":30}},"95":{"start":{"line":187,"column":4},"end":{"line":193,"column":5}},"96":{"start":{"line":188,"column":6},"end":{"line":188,"column":43}},"97":{"start":{"line":190,"column":6},"end":{"line":190,"column":20}},"98":{"start":{"line":191,"column":6},"end":{"line":191,"column":95}},"99":{"start":{"line":192,"column":6},"end":{"line":192,"column":15}},"100":{"start":{"line":195,"column":4},"end":{"line":195,"column":44}},"101":{"start":{"line":197,"column":4},"end":{"line":212,"column":7}},"102":{"start":{"line":204,"column":76},"end":{"line":204,"column":86}},"103":{"start":{"line":205,"column":35},"end":{"line":211,"column":8}},"104":{"start":{"line":214,"column":4},"end":{"line":216,"column":5}},"105":{"start":{"line":215,"column":6},"end":{"line":215,"column":88}},"106":{"start":{"line":215,"column":53},"end":{"line":215,"column":84}},"107":{"start":{"line":219,"column":2},"end":{"line":222,"column":3}},"108":{"start":{"line":220,"column":4},"end":{"line":220,"column":122}},"109":{"start":{"line":221,"column":4},"end":{"line":221,"column":11}},"110":{"start":{"line":225,"column":4},"end":{"line":227,"column":12}},"111":{"start":{"line":226,"column":42},"end":{"line":226,"column":73}},"112":{"start":{"line":229,"column":2},"end":{"line":246,"column":3}},"113":{"start":{"line":230,"column":29},"end":{"line":230,"column":81}},"114":{"start":{"line":231,"column":22},"end":{"line":231,"column":91}},"115":{"start":{"line":233,"column":4},"end":{"line":245,"column":5}},"116":{"start":{"line":234,"column":6},"end":{"line":238,"column":7}},"117":{"start":{"line":235,"column":8},"end":{"line":235,"column":136}},"118":{"start":{"line":237,"column":8},"end":{"line":237,"column":86}},"119":{"start":{"line":239,"column":6},"end":{"line":239,"column":34}},"120":{"start":{"line":241,"column":6},"end":{"line":243,"column":8}},"121":{"start":{"line":244,"column":6},"end":{"line":244,"column":72}},"122":{"start":{"line":248,"column":2},"end":{"line":248,"column":107}}},"fnMap":{"0":{"name":"runTracker","decl":{"start":{"line":10,"column":22},"end":{"line":10,"column":32}},"loc":{"start":{"line":10,"column":32},"end":{"line":33,"column":1}}},"1":{"name":"fetchFlights","decl":{"start":{"line":35,"column":15},"end":{"line":35,"column":27}},"loc":{"start":{"line":35,"column":48},"end":{"line":52,"column":1}}},"2":{"name":"(anonymous_2)","decl":{"start":{"line":38,"column":6},"end":{"line":38,"column":9}},"loc":{"start":{"line":38,"column":12},"end":{"line":38,"column":35}}},"3":{"name":"(anonymous_3)","decl":{"start":{"line":41,"column":6},"end":{"line":41,"column":7}},"loc":{"start":{"line":42,"column":8},"end":{"line":42,"column":94}}},"4":{"name":"applyAdvancedFilters","decl":{"start":{"line":54,"column":9},"end":{"line":54,"column":29}},"loc":{"start":{"line":54,"column":47},"end":{"line":102,"column":1}}},"5":{"name":"(anonymous_5)","decl":{"start":{"line":60,"column":31},"end":{"line":60,"column":32}},"loc":{"start":{"line":60,"column":37},"end":{"line":65,"column":5}}},"6":{"name":"(anonymous_6)","decl":{"start":{"line":62,"column":36},"end":{"line":62,"column":37}},"loc":{"start":{"line":63,"column":8},"end":{"line":63,"column":58}}},"7":{"name":"(anonymous_7)","decl":{"start":{"line":77,"column":6},"end":{"line":77,"column":7}},"loc":{"start":{"line":77,"column":13},"end":{"line":77,"column":57}}},"8":{"name":"(anonymous_8)","decl":{"start":{"line":91,"column":6},"end":{"line":91,"column":7}},"loc":{"start":{"line":91,"column":13},"end":{"line":91,"column":79}}},"9":{"name":"searchAndNotify","decl":{"start":{"line":104,"column":15},"end":{"line":104,"column":30}},"loc":{"start":{"line":104,"column":51},"end":{"line":169,"column":1}}},"10":{"name":"(anonymous_10)","decl":{"start":{"line":131,"column":67},"end":{"line":131,"column":68}},"loc":{"start":{"line":131,"column":74},"end":{"line":131,"column":84}}},"11":{"name":"(anonymous_11)","decl":{"start":{"line":132,"column":25},"end":{"line":132,"column":26}},"loc":{"start":{"line":132,"column":33},"end":{"line":138,"column":6}}},"12":{"name":"(anonymous_12)","decl":{"start":{"line":142,"column":12},"end":{"line":142,"column":13}},"loc":{"start":{"line":142,"column":19},"end":{"line":142,"column":58}}},"13":{"name":"(anonymous_13)","decl":{"start":{"line":143,"column":10},"end":{"line":143,"column":11}},"loc":{"start":{"line":143,"column":20},"end":{"line":143,"column":43}}},"14":{"name":"searchDateRange","decl":{"start":{"line":171,"column":15},"end":{"line":171,"column":30}},"loc":{"start":{"line":171,"column":72},"end":{"line":249,"column":1}}},"15":{"name":"(anonymous_15)","decl":{"start":{"line":204,"column":69},"end":{"line":204,"column":70}},"loc":{"start":{"line":204,"column":76},"end":{"line":204,"column":86}}},"16":{"name":"(anonymous_16)","decl":{"start":{"line":205,"column":27},"end":{"line":205,"column":28}},"loc":{"start":{"line":205,"column":35},"end":{"line":211,"column":8}}},"17":{"name":"(anonymous_17)","decl":{"start":{"line":215,"column":42},"end":{"line":215,"column":43}},"loc":{"start":{"line":215,"column":53},"end":{"line":215,"column":84}}},"18":{"name":"(anonymous_18)","decl":{"start":{"line":226,"column":31},"end":{"line":226,"column":32}},"loc":{"start":{"line":226,"column":42},"end":{"line":226,"column":73}}}},"branchMap":{"0":{"loc":{"start":{"line":16,"column":6},"end":{"line":16,"column":43}},"type":"if","locations":[{"start":{"line":16,"column":6},"end":{"line":16,"column":43}}]},"1":{"loc":{"start":{"line":26,"column":6},"end":{"line":30,"column":7}},"type":"if","locations":[{"start":{"line":26,"column":6},"end":{"line":30,"column":7}},{"start":{"line":28,"column":13},"end":{"line":30,"column":7}}]},"2":{"loc":{"start":{"line":58,"column":2},"end":{"line":72,"column":3}},"type":"if","locations":[{"start":{"line":58,"column":2},"end":{"line":72,"column":3}}]},"3":{"loc":{"start":{"line":61,"column":6},"end":{"line":61,"column":35}},"type":"if","locations":[{"start":{"line":61,"column":6},"end":{"line":61,"column":35}}]},"4":{"loc":{"start":{"line":67,"column":4},"end":{"line":71,"column":5}},"type":"if","locations":[{"start":{"line":67,"column":4},"end":{"line":71,"column":5}}]},"5":{"loc":{"start":{"line":74,"column":2},"end":{"line":85,"column":3}},"type":"if","locations":[{"start":{"line":74,"column":2},"end":{"line":85,"column":3}}]},"6":{"loc":{"start":{"line":77,"column":13},"end":{"line":77,"column":57}},"type":"binary-expr","locations":[{"start":{"line":77,"column":13},"end":{"line":77,"column":34}},{"start":{"line":77,"column":38},"end":{"line":77,"column":57}}]},"7":{"loc":{"start":{"line":80,"column":4},"end":{"line":84,"column":5}},"type":"if","locations":[{"start":{"line":80,"column":4},"end":{"line":84,"column":5}}]},"8":{"loc":{"start":{"line":87,"column":2},"end":{"line":99,"column":3}},"type":"if","locations":[{"start":{"line":87,"column":2},"end":{"line":99,"column":3}}]},"9":{"loc":{"start":{"line":91,"column":13},"end":{"line":91,"column":79}},"type":"binary-expr","locations":[{"start":{"line":91,"column":13},"end":{"line":91,"column":44}},{"start":{"line":91,"column":48},"end":{"line":91,"column":79}}]},"10":{"loc":{"start":{"line":94,"column":4},"end":{"line":98,"column":5}},"type":"if","locations":[{"start":{"line":94,"column":4},"end":{"line":98,"column":5}}]},"11":{"loc":{"start":{"line":131,"column":22},"end":{"line":131,"column":93}},"type":"cond-expr","locations":[{"start":{"line":131,"column":43},"end":{"line":131,"column":86}},{"start":{"line":131,"column":89},"end":{"line":131,"column":93}}]},"12":{"loc":{"start":{"line":147,"column":2},"end":{"line":166,"column":3}},"type":"if","locations":[{"start":{"line":147,"column":2},"end":{"line":166,"column":3}}]},"13":{"loc":{"start":{"line":149,"column":22},"end":{"line":149,"column":93}},"type":"binary-expr","locations":[{"start":{"line":149,"column":22},"end":{"line":149,"column":47}},{"start":{"line":149,"column":51},"end":{"line":149,"column":93}}]},"14":{"loc":{"start":{"line":151,"column":4},"end":{"line":165,"column":5}},"type":"if","locations":[{"start":{"line":151,"column":4},"end":{"line":165,"column":5}},{"start":{"line":160,"column":11},"end":{"line":165,"column":5}}]},"15":{"loc":{"start":{"line":152,"column":6},"end":{"line":156,"column":7}},"type":"if","locations":[{"start":{"line":152,"column":6},"end":{"line":156,"column":7}},{"start":{"line":154,"column":13},"end":{"line":156,"column":7}}]},"16":{"loc":{"start":{"line":204,"column":24},"end":{"line":204,"column":95}},"type":"cond-expr","locations":[{"start":{"line":204,"column":45},"end":{"line":204,"column":88}},{"start":{"line":204,"column":91},"end":{"line":204,"column":95}}]},"17":{"loc":{"start":{"line":214,"column":4},"end":{"line":216,"column":5}},"type":"if","locations":[{"start":{"line":214,"column":4},"end":{"line":216,"column":5}}]},"18":{"loc":{"start":{"line":215,"column":53},"end":{"line":215,"column":84}},"type":"cond-expr","locations":[{"start":{"line":215,"column":79},"end":{"line":215,"column":80}},{"start":{"line":215,"column":83},"end":{"line":215,"column":84}}]},"19":{"loc":{"start":{"line":219,"column":2},"end":{"line":222,"column":3}},"type":"if","locations":[{"start":{"line":219,"column":2},"end":{"line":222,"column":3}}]},"20":{"loc":{"start":{"line":225,"column":4},"end":{"line":227,"column":12}},"type":"cond-expr","locations":[{"start":{"line":226,"column":8},"end":{"line":226,"column":75}},{"start":{"line":227,"column":8},"end":{"line":227,"column":12}}]},"21":{"loc":{"start":{"line":226,"column":42},"end":{"line":226,"column":73}},"type":"cond-expr","locations":[{"start":{"line":226,"column":68},"end":{"line":226,"column":69}},{"start":{"line":226,"column":72},"end":{"line":226,"column":73}}]},"22":{"loc":{"start":{"line":229,"column":2},"end":{"line":246,"column":3}},"type":"if","locations":[{"start":{"line":229,"column":2},"end":{"line":246,"column":3}}]},"23":{"loc":{"start":{"line":229,"column":6},"end":{"line":229,"column":56}},"type":"binary-expr","locations":[{"start":{"line":229,"column":6},"end":{"line":229,"column":10}},{"start":{"line":229,"column":14},"end":{"line":229,"column":56}}]},"24":{"loc":{"start":{"line":230,"column":29},"end":{"line":230,"column":81}},"type":"binary-expr","locations":[{"start":{"line":230,"column":29},"end":{"line":230,"column":73}},{"start":{"line":230,"column":77},"end":{"line":230,"column":81}}]},"25":{"loc":{"start":{"line":231,"column":22},"end":{"line":231,"column":91}},"type":"binary-expr","locations":[{"start":{"line":231,"column":22},"end":{"line":231,"column":47}},{"start":{"line":231,"column":51},"end":{"line":231,"column":91}}]},"26":{"loc":{"start":{"line":233,"column":4},"end":{"line":245,"column":5}},"type":"if","locations":[{"start":{"line":233,"column":4},"end":{"line":245,"column":5}},{"start":{"line":240,"column":11},"end":{"line":245,"column":5}}]},"27":{"loc":{"start":{"line":234,"column":6},"end":{"line":238,"column":7}},"type":"if","locations":[{"start":{"line":234,"column":6},"end":{"line":238,"column":7}},{"start":{"line":236,"column":13},"end":{"line":238,"column":7}}]}},"s":{"0":1,"1":1,"2":1,"3":1,"4":1,"5":1,"6":1,"7":1,"8":26,"9":26,"10":28,"11":33,"12":3,"13":30,"14":30,"15":22,"16":8,"17":40,"18":40,"19":67,"20":40,"21":27,"22":27,"23":13,"24":13,"25":4,"26":4,"27":31,"28":31,"29":31,"30":0,"31":0,"32":0,"33":0,"34":0,"35":0,"36":0,"37":0,"38":0,"39":31,"40":0,"41":0,"42":0,"43":0,"44":0,"45":0,"46":31,"47":0,"48":0,"49":0,"50":0,"51":0,"52":0,"53":0,"54":31,"55":22,"56":22,"57":22,"58":22,"59":22,"60":22,"61":2,"62":2,"63":2,"64":20,"65":20,"66":20,"67":24,"68":24,"69":20,"70":24,"71":4,"72":20,"73":20,"74":17,"75":17,"76":17,"77":16,"78":2,"79":14,"80":16,"81":19,"82":1,"83":1,"84":20,"85":8,"86":8,"87":8,"88":8,"89":8,"90":8,"91":18,"92":18,"93":18,"94":18,"95":18,"96":18,"97":7,"98":7,"99":7,"100":11,"101":11,"102":11,"103":11,"104":11,"105":11,"106":0,"107":8,"108":2,"109":2,"110":6,"111":5,"112":6,"113":5,"114":5,"115":5,"116":4,"117":1,"118":3,"119":4,"120":1,"121":1,"122":6},"f":{"0":26,"1":40,"2":67,"3":40,"4":31,"5":0,"6":0,"7":0,"8":0,"9":22,"10":24,"11":24,"12":24,"13":4,"14":8,"15":11,"16":11,"17":0,"18":5},"b":{"0":[3],"1":[22,8],"2":[0],"3":[0],"4":[0],"5":[0],"6":[0,0],"7":[0],"8":[0],"9":[0,0],"10":[0],"11":[19,1],"12":[17],"13":[17,3],"14":[16,1],"15":[2,14],"16":[11,0],"17":[11],"18":[0,0],"19":[2],"20":[6,0],"21":[3,2],"22":[5],"23":[6,6],"24":[5,3],"25":[5,2],"26":[4,1],"27":[1,3]}}
,"/Users/bruno.teixeira/Downloads/bsb_price_track/src/services/webhook.ts": {"path":"/Users/bruno.teixeira/Downloads/bsb_price_track/src/services/webhook.ts","statementMap":{"0":{"start":{"line":27,"column":0},"end":{"line":27,"column":7}},"1":{"start":{"line":40,"column":0},"end":{"line":40,"column":7}},"2":{"start":{"line":101,"column":0},"end":{"line":101,"column":7}},"3":{"start":{"line":134,"column":0},"end":{"line":134,"column":7}},"4":{"start":{"line":148,"column":0},"end":{"line":148,"column":7}},"5":{"start":{"line":181,"column":0},"end":{"line":181,"column":16}},"6":{"start":{"line":208,"column":0},"end":{"line":208,"column":16}},"7":{"start":{"line":1,"column":0},"end":{"line":1,"column":24}},"8":{"start":{"line":2,"column":0},"end":{"line":2,"column":26}},"9":{"start":{"line":3,"column":0},"end":{"line":3,"column":35}},"10":{"start":{"line":5,"column":0},"end":{"line":5,"column":48}},"11":{"start":{"line":6,"column":0},"end":{"line":6,"column":54}},"12":{"start":{"line":7,"column":0},"end":{"line":7,"column":40}},"13":{"start":{"line":8,"column":0},"end":{"line":8,"column":39}},"14":{"start":{"line":10,"column":17},"end":{"line":10,"column":74}},"15":{"start":{"line":11,"column":19},"end":{"line":11,"column":25}},"16":{"start":{"line":12,"column":21},"end":{"line":12,"column":63}},"17":{"start":{"line":13,"column":28},"end":{"line":13,"column":29}},"18":{"start":{"line":28,"column":2},"end":{"line":37,"column":4}},"19":{"start":{"line":41,"column":2},"end":{"line":44,"column":3}},"20":{"start":{"line":42,"column":4},"end":{"line":42,"column":76}},"21":{"start":{"line":43,"column":4},"end":{"line":43,"column":11}},"22":{"start":{"line":46,"column":15},"end":{"line":46,"column":40}},"23":{"start":{"line":47,"column":2},"end":{"line":47,"column":92}},"24":{"start":{"line":49,"column":31},"end":{"line":55,"column":4}},"25":{"start":{"line":58,"column":2},"end":{"line":71,"column":3}},"26":{"start":{"line":59,"column":4},"end":{"line":59,"column":44}},"27":{"start":{"line":61,"column":4},"end":{"line":70,"column":5}},"28":{"start":{"line":62,"column":6},"end":{"line":62,"column":49}},"29":{"start":{"line":64,"column":6},"end":{"line":64,"column":75}},"30":{"start":{"line":65,"column":6},"end":{"line":68,"column":8}},"31":{"start":{"line":69,"column":6},"end":{"line":69,"column":13}},"32":{"start":{"line":73,"column":2},"end":{"line":79,"column":3}},"33":{"start":{"line":74,"column":4},"end":{"line":77,"column":6}},"34":{"start":{"line":78,"column":4},"end":{"line":78,"column":11}},"35":{"start":{"line":81,"column":17},"end":{"line":81,"column":69}},"36":{"start":{"line":81,"column":45},"end":{"line":81,"column":68}},"37":{"start":{"line":82,"column":16},"end":{"line":82,"column":77}},"38":{"start":{"line":82,"column":37},"end":{"line":82,"column":76}},"39":{"start":{"line":83,"column":15},"end":{"line":83,"column":33}},"40":{"start":{"line":85,"column":16},"end":{"line":92,"column":4}},"41":{"start":{"line":94,"column":2},"end":{"line":96,"column":3}},"42":{"start":{"line":95,"column":4},"end":{"line":95,"column":82}},"43":{"start":{"line":98,"column":2},"end":{"line":98,"column":44}},"44":{"start":{"line":102,"column":2},"end":{"line":105,"column":3}},"45":{"start":{"line":103,"column":4},"end":{"line":103,"column":82}},"46":{"start":{"line":104,"column":4},"end":{"line":104,"column":11}},"47":{"start":{"line":107,"column":15},"end":{"line":107,"column":40}},"48":{"start":{"line":108,"column":18},"end":{"line":108,"column":31}},"49":{"start":{"line":109,"column":19},"end":{"line":111,"column":32}},"50":{"start":{"line":110,"column":19},"end":{"line":110,"column":78}},"51":{"start":{"line":113,"column":2},"end":{"line":116,"column":3}},"52":{"start":{"line":114,"column":4},"end":{"line":114,"column":88}},"53":{"start":{"line":115,"column":4},"end":{"line":115,"column":11}},"54":{"start":{"line":118,"column":16},"end":{"line":121,"column":4}},"55":{"start":{"line":123,"column":2},"end":{"line":129,"column":3}},"56":{"start":{"line":124,"column":17},"end":{"line":126,"column":6}},"57":{"start":{"line":127,"column":18},"end":{"line":127,"column":91}},"58":{"start":{"line":128,"column":4},"end":{"line":128,"column":79}},"59":{"start":{"line":131,"column":2},"end":{"line":131,"column":44}},"60":{"start":{"line":135,"column":14},"end":{"line":135,"column":83}},"61":{"start":{"line":136,"column":15},"end":{"line":144,"column":14}},"62":{"start":{"line":145,"column":2},"end":{"line":145,"column":32}},"63":{"start":{"line":149,"column":14},"end":{"line":149,"column":28}},"64":{"start":{"line":150,"column":2},"end":{"line":150,"column":25}},"65":{"start":{"line":150,"column":18},"end":{"line":150,"column":25}},"66":{"start":{"line":152,"column":17},"end":{"line":152,"column":28}},"67":{"start":{"line":153,"column":15},"end":{"line":153,"column":30}},"68":{"start":{"line":156,"column":28},"end":{"line":156,"column":45}},"69":{"start":{"line":157,"column":14},"end":{"line":157,"column":48}},"70":{"start":{"line":158,"column":14},"end":{"line":158,"column":35}},"71":{"start":{"line":160,"column":2},"end":{"line":160,"column":76}},"72":{"start":{"line":162,"column":2},"end":{"line":178,"column":3}},"73":{"start":{"line":163,"column":4},"end":{"line":174,"column":5}},"74":{"start":{"line":164,"column":6},"end":{"line":164,"column":38}},"75":{"start":{"line":165,"column":11},"end":{"line":174,"column":5}},"76":{"start":{"line":166,"column":6},"end":{"line":166,"column":41}},"77":{"start":{"line":167,"column":11},"end":{"line":174,"column":5}},"78":{"start":{"line":168,"column":6},"end":{"line":168,"column":33}},"79":{"start":{"line":170,"column":6},"end":{"line":173,"column":8}},"80":{"start":{"line":176,"column":4},"end":{"line":176,"column":70}},"81":{"start":{"line":177,"column":4},"end":{"line":177,"column":86}},"82":{"start":{"line":182,"column":17},"end":{"line":203,"column":4}},"83":{"start":{"line":183,"column":4},"end":{"line":187,"column":5}},"84":{"start":{"line":184,"column":6},"end":{"line":184,"column":25}},"85":{"start":{"line":185,"column":6},"end":{"line":185,"column":36}},"86":{"start":{"line":186,"column":6},"end":{"line":186,"column":13}},"87":{"start":{"line":189,"column":15},"end":{"line":189,"column":17}},"88":{"start":{"line":190,"column":4},"end":{"line":190,"column":66}},"89":{"start":{"line":190,"column":39},"end":{"line":190,"column":63}},"90":{"start":{"line":191,"column":4},"end":{"line":202,"column":7}},"91":{"start":{"line":192,"column":6},"end":{"line":201,"column":7}},"92":{"start":{"line":193,"column":39},"end":{"line":193,"column":55}},"93":{"start":{"line":194,"column":8},"end":{"line":194,"column":35}},"94":{"start":{"line":196,"column":8},"end":{"line":196,"column":66}},"95":{"start":{"line":199,"column":8},"end":{"line":199,"column":27}},"96":{"start":{"line":200,"column":8},"end":{"line":200,"column":22}},"97":{"start":{"line":205,"column":2},"end":{"line":205,"column":16}},"98":{"start":{"line":209,"column":17},"end":{"line":209,"column":38}},"99":{"start":{"line":210,"column":2},"end":{"line":213,"column":5}},"100":{"start":{"line":211,"column":4},"end":{"line":211,"column":72}},"101":{"start":{"line":212,"column":4},"end":{"line":212,"column":80}}},"fnMap":{"0":{"name":"sendReply","decl":{"start":{"line":27,"column":22},"end":{"line":27,"column":31}},"loc":{"start":{"line":27,"column":60},"end":{"line":38,"column":1}}},"1":{"name":"handleBuscar","decl":{"start":{"line":40,"column":22},"end":{"line":40,"column":34}},"loc":{"start":{"line":40,"column":70},"end":{"line":99,"column":1}}},"2":{"name":"(anonymous_3)","decl":{"start":{"line":81,"column":35},"end":{"line":81,"column":36}},"loc":{"start":{"line":81,"column":45},"end":{"line":81,"column":68}}},"3":{"name":"(anonymous_4)","decl":{"start":{"line":82,"column":30},"end":{"line":82,"column":31}},"loc":{"start":{"line":82,"column":37},"end":{"line":82,"column":76}}},"4":{"name":"handleHistorico","decl":{"start":{"line":101,"column":22},"end":{"line":101,"column":37}},"loc":{"start":{"line":101,"column":73},"end":{"line":132,"column":1}}},"5":{"name":"(anonymous_6)","decl":{"start":{"line":110,"column":12},"end":{"line":110,"column":13}},"loc":{"start":{"line":110,"column":19},"end":{"line":110,"column":78}}},"6":{"name":"handleStatus","decl":{"start":{"line":134,"column":22},"end":{"line":134,"column":34}},"loc":{"start":{"line":134,"column":49},"end":{"line":146,"column":1}}},"7":{"name":"handleUpdate","decl":{"start":{"line":148,"column":22},"end":{"line":148,"column":34}},"loc":{"start":{"line":148,"column":57},"end":{"line":179,"column":1}}},"8":{"name":"(anonymous_9)","decl":{"start":{"line":177,"column":76},"end":{"line":177,"column":79}},"loc":{"start":{"line":177,"column":81},"end":{"line":177,"column":84}}},"9":{"name":"createWebhookServer","decl":{"start":{"line":181,"column":16},"end":{"line":181,"column":35}},"loc":{"start":{"line":181,"column":35},"end":{"line":206,"column":1}}},"10":{"name":"(anonymous_11)","decl":{"start":{"line":182,"column":35},"end":{"line":182,"column":40}},"loc":{"start":{"line":182,"column":54},"end":{"line":203,"column":3}}},"11":{"name":"(anonymous_12)","decl":{"start":{"line":190,"column":19},"end":{"line":190,"column":20}},"loc":{"start":{"line":190,"column":39},"end":{"line":190,"column":63}}},"12":{"name":"(anonymous_13)","decl":{"start":{"line":191,"column":18},"end":{"line":191,"column":23}},"loc":{"start":{"line":191,"column":29},"end":{"line":202,"column":5}}},"13":{"name":"startWebhookServer","decl":{"start":{"line":208,"column":16},"end":{"line":208,"column":34}},"loc":{"start":{"line":208,"column":34},"end":{"line":214,"column":1}}},"14":{"name":"(anonymous_15)","decl":{"start":{"line":210,"column":30},"end":{"line":210,"column":33}},"loc":{"start":{"line":210,"column":35},"end":{"line":213,"column":3}}}},"branchMap":{"0":{"loc":{"start":{"line":12,"column":28},"end":{"line":12,"column":62}},"type":"binary-expr","locations":[{"start":{"line":12,"column":28},"end":{"line":12,"column":52}},{"start":{"line":12,"column":56},"end":{"line":12,"column":62}}]},"1":{"loc":{"start":{"line":41,"column":2},"end":{"line":44,"column":3}},"type":"if","locations":[{"start":{"line":41,"column":2},"end":{"line":44,"column":3}}]},"2":{"loc":{"start":{"line":73,"column":2},"end":{"line":79,"column":3}},"type":"if","locations":[{"start":{"line":73,"column":2},"end":{"line":79,"column":3}}]},"3":{"loc":{"start":{"line":87,"column":4},"end":{"line":89,"column":69}},"type":"cond-expr","locations":[{"start":{"line":88,"column":8},"end":{"line":88,"column":79}},{"start":{"line":89,"column":8},"end":{"line":89,"column":69}}]},"4":{"loc":{"start":{"line":95,"column":44},"end":{"line":95,"column":78}},"type":"cond-expr","locations":[{"start":{"line":95,"column":56},"end":{"line":95,"column":73}},{"start":{"line":95,"column":76},"end":{"line":95,"column":78}}]},"5":{"loc":{"start":{"line":102,"column":2},"end":{"line":105,"column":3}},"type":"if","locations":[{"start":{"line":102,"column":2},"end":{"line":105,"column":3}}]},"6":{"loc":{"start":{"line":110,"column":19},"end":{"line":110,"column":78}},"type":"binary-expr","locations":[{"start":{"line":110,"column":19},"end":{"line":110,"column":52}},{"start":{"line":110,"column":56},"end":{"line":110,"column":78}}]},"7":{"loc":{"start":{"line":113,"column":2},"end":{"line":116,"column":3}},"type":"if","locations":[{"start":{"line":113,"column":2},"end":{"line":116,"column":3}}]},"8":{"loc":{"start":{"line":127,"column":18},"end":{"line":127,"column":91}},"type":"cond-expr","locations":[{"start":{"line":127,"column":52},"end":{"line":127,"column":85}},{"start":{"line":127,"column":88},"end":{"line":127,"column":91}}]},"9":{"loc":{"start":{"line":150,"column":2},"end":{"line":150,"column":25}},"type":"if","locations":[{"start":{"line":150,"column":2},"end":{"line":150,"column":25}}]},"10":{"loc":{"start":{"line":163,"column":4},"end":{"line":174,"column":5}},"type":"if","locations":[{"start":{"line":163,"column":4},"end":{"line":174,"column":5}},{"start":{"line":165,"column":11},"end":{"line":174,"column":5}}]},"11":{"loc":{"start":{"line":165,"column":11},"end":{"line":174,"column":5}},"type":"if","locations":[{"start":{"line":165,"column":11},"end":{"line":174,"column":5}},{"start":{"line":167,"column":11},"end":{"line":174,"column":5}}]},"12":{"loc":{"start":{"line":167,"column":11},"end":{"line":174,"column":5}},"type":"if","locations":[{"start":{"line":167,"column":11},"end":{"line":174,"column":5}},{"start":{"line":169,"column":11},"end":{"line":174,"column":5}}]},"13":{"loc":{"start":{"line":183,"column":4},"end":{"line":187,"column":5}},"type":"if","locations":[{"start":{"line":183,"column":4},"end":{"line":187,"column":5}}]}},"s":{"0":1,"1":1,"2":1,"3":1,"4":1,"5":1,"6":1,"7":1,"8":1,"9":1,"10":1,"11":1,"12":1,"13":1,"14":1,"15":1,"16":1,"17":1,"18":29,"19":9,"20":1,"21":1,"22":8,"23":8,"24":8,"25":8,"26":8,"27":2,"28":2,"29":1,"30":1,"31":1,"32":7,"33":2,"34":2,"35":5,"36":2,"37":5,"38":7,"39":5,"40":5,"41":5,"42":7,"43":5,"44":6,"45":1,"46":1,"47":5,"48":5,"49":5,"50":3,"51":5,"52":3,"53":3,"54":2,"55":2,"56":2,"57":2,"58":2,"59":2,"60":4,"61":4,"62":4,"63":7,"64":7,"65":1,"66":6,"67":6,"68":6,"69":6,"70":6,"71":6,"72":6,"73":6,"74":1,"75":5,"76":1,"77":4,"78":3,"79":1,"80":0,"81":0,"82":3,"83":3,"84":1,"85":1,"86":1,"87":2,"88":2,"89":2,"90":2,"91":2,"92":2,"93":1,"94":1,"95":2,"96":2,"97":3,"98":0,"99":0,"100":0,"101":0},"f":{"0":29,"1":9,"2":2,"3":7,"4":6,"5":3,"6":4,"7":7,"8":0,"9":3,"10":3,"11":2,"12":2,"13":0,"14":0},"b":{"0":[1,1],"1":[1],"2":[2],"3":[4,1],"4":[1,6],"5":[1],"6":[3,3],"7":[3],"8":[1,1],"9":[1],"10":[1,5],"11":[1,4],"12":[3,1],"13":[1]}}
,"/Users/bruno.teixeira/Downloads/bsb_price_track/src/services/weeklyReport.ts": {"path":"/Users/bruno.teixeira/Downloads/bsb_price_track/src/services/weeklyReport.ts","statementMap":{"0":{"start":{"line":4,"column":0},"end":{"line":4,"column":16}},"1":{"start":{"line":8,"column":0},"end":{"line":8,"column":7}},"2":{"start":{"line":1,"column":0},"end":{"line":1,"column":45}},"3":{"start":{"line":2,"column":0},"end":{"line":2,"column":46}},"4":{"start":{"line":5,"column":2},"end":{"line":5,"column":29}},"5":{"start":{"line":9,"column":2},"end":{"line":9,"column":61}},"6":{"start":{"line":10,"column":20},"end":{"line":10,"column":38}},"7":{"start":{"line":11,"column":2},"end":{"line":11,"column":88}},"8":{"start":{"line":12,"column":2},"end":{"line":12,"column":36}},"9":{"start":{"line":13,"column":2},"end":{"line":13,"column":61}}},"fnMap":{"0":{"name":"isSunday","decl":{"start":{"line":4,"column":16},"end":{"line":4,"column":24}},"loc":{"start":{"line":4,"column":48},"end":{"line":6,"column":1}}},"1":{"name":"runWeeklyReport","decl":{"start":{"line":8,"column":22},"end":{"line":8,"column":37}},"loc":{"start":{"line":8,"column":37},"end":{"line":14,"column":1}}}},"branchMap":{"0":{"loc":{"start":{"line":4,"column":25},"end":{"line":4,"column":48}},"type":"default-arg","locations":[{"start":{"line":4,"column":38},"end":{"line":4,"column":48}}]}},"s":{"0":1,"1":1,"2":1,"3":1,"4":3,"5":2,"6":2,"7":2,"8":2,"9":2},"f":{"0":3,"1":2},"b":{"0":[0]}}
,"/Users/bruno.teixeira/Downloads/bsb_price_track/src/utils/dates.ts": {"path":"/Users/bruno.teixeira/Downloads/bsb_price_track/src/utils/dates.ts","statementMap":{"0":{"start":{"line":1,"column":0},"end":{"line":1,"column":16}},"1":{"start":{"line":2,"column":26},"end":{"line":2,"column":28}},"2":{"start":{"line":3,"column":15},"end":{"line":3,"column":44}},"3":{"start":{"line":4,"column":2},"end":{"line":8,"column":3}},"4":{"start":{"line":4,"column":15},"end":{"line":4,"column":16}},"5":{"start":{"line":5,"column":14},"end":{"line":5,"column":28}},"6":{"start":{"line":6,"column":4},"end":{"line":6,"column":37}},"7":{"start":{"line":7,"column":4},"end":{"line":7,"column":46}},"8":{"start":{"line":9,"column":2},"end":{"line":9,"column":15}}},"fnMap":{"0":{"name":"generateDateRange","decl":{"start":{"line":1,"column":16},"end":{"line":1,"column":33}},"loc":{"start":{"line":1,"column":60},"end":{"line":10,"column":1}}}},"branchMap":{},"s":{"0":2,"1":32,"2":32,"3":32,"4":32,"5":77,"6":77,"7":77,"8":32},"f":{"0":32},"b":{}}
,"/Users/bruno.teixeira/Downloads/bsb_price_track/src/utils/retry.ts": {"path":"/Users/bruno.teixeira/Downloads/bsb_price_track/src/utils/retry.ts","statementMap":{"0":{"start":{"line":1,"column":0},"end":{"line":1,"column":7}},"1":{"start":{"line":6,"column":49},"end":{"line":6,"column":86}},"2":{"start":{"line":6,"column":68},"end":{"line":6,"column":85}},"3":{"start":{"line":9,"column":2},"end":{"line":19,"column":3}},"4":{"start":{"line":9,"column":21},"end":{"line":9,"column":22}},"5":{"start":{"line":10,"column":4},"end":{"line":18,"column":5}},"6":{"start":{"line":11,"column":6},"end":{"line":11,"column":24}},"7":{"start":{"line":13,"column":6},"end":{"line":13,"column":20}},"8":{"start":{"line":14,"column":6},"end":{"line":14,"column":30}},"9":{"start":{"line":15,"column":6},"end":{"line":17,"column":7}},"10":{"start":{"line":16,"column":8},"end":{"line":16,"column":56}},"11":{"start":{"line":20,"column":2},"end":{"line":20,"column":16}}},"fnMap":{"0":{"name":"withRetry","decl":{"start":{"line":1,"column":22},"end":{"line":1,"column":31}},"loc":{"start":{"line":6,"column":86},"end":{"line":21,"column":1}}},"1":{"name":"(anonymous_1)","decl":{"start":{"line":6,"column":41},"end":{"line":6,"column":42}},"loc":{"start":{"line":6,"column":49},"end":{"line":6,"column":86}}},"2":{"name":"(anonymous_2)","decl":{"start":{"line":6,"column":61},"end":{"line":6,"column":62}},"loc":{"start":{"line":6,"column":68},"end":{"line":6,"column":85}}}},"branchMap":{"0":{"loc":{"start":{"line":6,"column":2},"end":{"line":6,"column":86}},"type":"default-arg","locations":[{"start":{"line":6,"column":41},"end":{"line":6,"column":86}}]},"1":{"loc":{"start":{"line":15,"column":6},"end":{"line":17,"column":7}},"type":"if","locations":[{"start":{"line":15,"column":6},"end":{"line":17,"column":7}}]}},"s":{"0":2,"1":1,"2":1,"3":47,"4":47,"5":82,"6":82,"7":50,"8":50,"9":50,"10":35,"11":15},"f":{"0":47,"1":1,"2":1},"b":{"0":[1],"1":[35]}}
}
