{"/Users/bruno.teixeira/Downloads/bsb_price_track/src/apis/apify.ts": {"path":"/Users/bruno.teixeira/Downloads/bsb_price_track/src/apis/apify.ts","statementMap":{"0":{"start":{"line":77,"column":0},"end":{"line":77,"column":7}},"1":{"start":{"line":1,"column":0},"end":{"line":1,"column":44}},"2":{"start":{"line":2,"column":0},"end":{"line":2,"column":35}},"3":{"start":{"line":4,"column":0},"end":{"line":4,"column":65}},"4":{"start":{"line":6,"column":19},"end":{"line":6,"column":45}},"5":{"start":{"line":12,"column":53},"end":{"line":16,"column":2}},"6":{"start":{"line":24,"column":2},"end":{"line":27,"column":15}},"7":{"start":{"line":25,"column":16},"end":{"line":25,"column":53}},"8":{"start":{"line":31,"column":2},"end":{"line":33,"column":3}},"9":{"start":{"line":32,"column":4},"end":{"line":32,"column":65}},"10":{"start":{"line":34,"column":2},"end":{"line":34,"column":58}},"11":{"start":{"line":42,"column":2},"end":{"line":42,"column":39}},"12":{"start":{"line":42,"column":26},"end":{"line":42,"column":39}},"13":{"start":{"line":43,"column":17},"end":{"line":43,"column":37}},"14":{"start":{"line":45,"column":2},"end":{"line":45,"column":42}},"15":{"start":{"line":78,"column":2},"end":{"line":78,"column":44}},"16":{"start":{"line":80,"column":17},"end":{"line":80,"column":36}},"17":{"start":{"line":81,"column":19},"end":{"line":81,"column":38}},"18":{"start":{"line":82,"column":22},"end":{"line":82,"column":70}},"19":{"start":{"line":84,"column":15},"end":{"line":104,"column":4}},"20":{"start":{"line":108,"column":2},"end":{"line":227,"column":3}},"21":{"start":{"line":108,"column":15},"end":{"line":108,"column":16}},"22":{"start":{"line":109,"column":4},"end":{"line":226,"column":5}},"23":{"start":{"line":110,"column":6},"end":{"line":110,"column":71}},"24":{"start":{"line":111,"column":23},"end":{"line":117,"column":null}},"25":{"start":{"line":120,"column":40},"end":{"line":120,"column":53}},"26":{"start":{"line":123,"column":32},"end":{"line":123,"column":34}},"27":{"start":{"line":125,"column":6},"end":{"line":213,"column":7}},"28":{"start":{"line":127,"column":28},"end":{"line":127,"column":47}},"29":{"start":{"line":130,"column":8},"end":{"line":146,"column":9}},"30":{"start":{"line":137,"column":24},"end":{"line":137,"column":47}},"31":{"start":{"line":138,"column":10},"end":{"line":145,"column":11}},"32":{"start":{"line":139,"column":12},"end":{"line":144,"column":14}},"33":{"start":{"line":148,"column":27},"end":{"line":151,"column":10}},"34":{"start":{"line":153,"column":8},"end":{"line":212,"column":9}},"35":{"start":{"line":154,"column":10},"end":{"line":154,"column":38}},"36":{"start":{"line":154,"column":29},"end":{"line":154,"column":38}},"37":{"start":{"line":156,"column":23},"end":{"line":156,"column":43}},"38":{"start":{"line":157,"column":22},"end":{"line":157,"column":29}},"39":{"start":{"line":158,"column":26},"end":{"line":158,"column":47}},"40":{"start":{"line":159,"column":32},"end":{"line":159,"column":99}},"41":{"start":{"line":160,"column":32},"end":{"line":160,"column":75}},"42":{"start":{"line":161,"column":26},"end":{"line":161,"column":38}},"43":{"start":{"line":162,"column":31},"end":{"line":162,"column":49}},"44":{"start":{"line":163,"column":27},"end":{"line":163,"column":40}},"45":{"start":{"line":164,"column":25},"end":{"line":164,"column":68}},"46":{"start":{"line":165,"column":30},"end":{"line":165,"column":89}},"47":{"start":{"line":168,"column":24},"end":{"line":168,"column":69}},"48":{"start":{"line":172,"column":26},"end":{"line":172,"column":54}},"49":{"start":{"line":173,"column":26},"end":{"line":173,"column":56}},"50":{"start":{"line":174,"column":10},"end":{"line":180,"column":11}},"51":{"start":{"line":175,"column":24},"end":{"line":175,"column":59}},"52":{"start":{"line":176,"column":24},"end":{"line":176,"column":59}},"53":{"start":{"line":177,"column":12},"end":{"line":179,"column":13}},"54":{"start":{"line":178,"column":14},"end":{"line":178,"column":85}},"55":{"start":{"line":182,"column":10},"end":{"line":185,"column":11}},"56":{"start":{"line":183,"column":26},"end":{"line":183,"column":77}},"57":{"start":{"line":183,"column":50},"end":{"line":183,"column":73}},"58":{"start":{"line":184,"column":12},"end":{"line":184,"column":51}},"59":{"start":{"line":184,"column":27},"end":{"line":184,"column":51}},"60":{"start":{"line":188,"column":27},"end":{"line":188,"column":66}},"61":{"start":{"line":191,"column":23},"end":{"line":191,"column":125}},"62":{"start":{"line":193,"column":10},"end":{"line":211,"column":13}},"63":{"start":{"line":215,"column":6},"end":{"line":215,"column":84}},"64":{"start":{"line":216,"column":6},"end":{"line":216,"column":21}},"65":{"start":{"line":219,"column":6},"end":{"line":219,"column":22}},"66":{"start":{"line":220,"column":6},"end":{"line":223,"column":7}},"67":{"start":{"line":221,"column":8},"end":{"line":221,"column":88}},"68":{"start":{"line":222,"column":8},"end":{"line":222,"column":17}},"69":{"start":{"line":224,"column":6},"end":{"line":224,"column":85}},"70":{"start":{"line":225,"column":6},"end":{"line":225,"column":16}},"71":{"start":{"line":231,"column":2},"end":{"line":231,"column":18}}},"fnMap":{"0":{"name":"toIataCodes","decl":{"start":{"line":23,"column":9},"end":{"line":23,"column":20}},"loc":{"start":{"line":23,"column":36},"end":{"line":28,"column":1}}},"1":{"name":"(anonymous_10)","decl":{"start":{"line":25,"column":9},"end":{"line":25,"column":10}},"loc":{"start":{"line":25,"column":16},"end":{"line":25,"column":53}}},"2":{"name":"formatError","decl":{"start":{"line":30,"column":9},"end":{"line":30,"column":20}},"loc":{"start":{"line":30,"column":33},"end":{"line":35,"column":1}}},"3":{"name":"isCreditsError","decl":{"start":{"line":41,"column":9},"end":{"line":41,"column":23}},"loc":{"start":{"line":41,"column":36},"end":{"line":46,"column":1}}},"4":{"name":"searchWithApify","decl":{"start":{"line":77,"column":22},"end":{"line":77,"column":37}},"loc":{"start":{"line":77,"column":58},"end":{"line":232,"column":1}}},"5":{"name":"(anonymous_14)","decl":{"start":{"line":183,"column":38},"end":{"line":183,"column":39}},"loc":{"start":{"line":183,"column":50},"end":{"line":183,"column":73}}}},"branchMap":{"0":{"loc":{"start":{"line":31,"column":2},"end":{"line":33,"column":3}},"type":"if","locations":[{"start":{"line":31,"column":2},"end":{"line":33,"column":3}}]},"1":{"loc":{"start":{"line":32,"column":19},"end":{"line":32,"column":46}},"type":"binary-expr","locations":[{"start":{"line":32,"column":19},"end":{"line":32,"column":39}},{"start":{"line":32,"column":43},"end":{"line":32,"column":46}}]},"2":{"loc":{"start":{"line":34,"column":9},"end":{"line":34,"column":57}},"type":"cond-expr","locations":[{"start":{"line":34,"column":32},"end":{"line":34,"column":43}},{"start":{"line":34,"column":46},"end":{"line":34,"column":57}}]},"3":{"loc":{"start":{"line":42,"column":2},"end":{"line":42,"column":39}},"type":"if","locations":[{"start":{"line":42,"column":2},"end":{"line":42,"column":39}}]},"4":{"loc":{"start":{"line":45,"column":9},"end":{"line":45,"column":41}},"type":"binary-expr","locations":[{"start":{"line":45,"column":9},"end":{"line":45,"column":23}},{"start":{"line":45,"column":27},"end":{"line":45,"column":41}}]},"5":{"loc":{"start":{"line":88,"column":8},"end":{"line":88,"column":67}},"type":"cond-expr","locations":[{"start":{"line":88,"column":28},"end":{"line":88,"column":62}},{"start":{"line":88,"column":65},"end":{"line":88,"column":67}}]},"6":{"loc":{"start":{"line":98,"column":8},"end":{"line":100,"column":10}},"type":"cond-expr","locations":[{"start":{"line":99,"column":8},"end":{"line":99,"column":46}},{"start":{"line":100,"column":8},"end":{"line":100,"column":10}}]},"7":{"loc":{"start":{"line":101,"column":8},"end":{"line":103,"column":10}},"type":"cond-expr","locations":[{"start":{"line":102,"column":8},"end":{"line":102,"column":67}},{"start":{"line":103,"column":8},"end":{"line":103,"column":10}}]},"8":{"loc":{"start":{"line":130,"column":8},"end":{"line":146,"column":9}},"type":"if","locations":[{"start":{"line":130,"column":8},"end":{"line":146,"column":9}}]},"9":{"loc":{"start":{"line":131,"column":10},"end":{"line":135,"column":54}},"type":"binary-expr","locations":[{"start":{"line":131,"column":10},"end":{"line":131,"column":21}},{"start":{"line":132,"column":10},"end":{"line":132,"column":54}},{"start":{"line":133,"column":10},"end":{"line":133,"column":33}},{"start":{"line":134,"column":10},"end":{"line":134,"column":56}},{"start":{"line":135,"column":10},"end":{"line":135,"column":54}}]},"10":{"loc":{"start":{"line":138,"column":10},"end":{"line":145,"column":11}},"type":"if","locations":[{"start":{"line":138,"column":10},"end":{"line":145,"column":11}}]},"11":{"loc":{"start":{"line":138,"column":14},"end":{"line":138,"column":72}},"type":"binary-expr","locations":[{"start":{"line":138,"column":14},"end":{"line":138,"column":29}},{"start":{"line":138,"column":33},"end":{"line":138,"column":52}},{"start":{"line":138,"column":56},"end":{"line":138,"column":72}}]},"12":{"loc":{"start":{"line":143,"column":18},"end":{"line":143,"column":94}},"type":"cond-expr","locations":[{"start":{"line":143,"column":46},"end":{"line":143,"column":89}},{"start":{"line":143,"column":92},"end":{"line":143,"column":94}}]},"13":{"loc":{"start":{"line":149,"column":14},"end":{"line":149,"column":37}},"type":"binary-expr","locations":[{"start":{"line":149,"column":14},"end":{"line":149,"column":31}},{"start":{"line":149,"column":35},"end":{"line":149,"column":37}}]},"14":{"loc":{"start":{"line":150,"column":14},"end":{"line":150,"column":38}},"type":"binary-expr","locations":[{"start":{"line":150,"column":14},"end":{"line":150,"column":32}},{"start":{"line":150,"column":36},"end":{"line":150,"column":38}}]},"15":{"loc":{"start":{"line":154,"column":10},"end":{"line":154,"column":38}},"type":"if","locations":[{"start":{"line":154,"column":10},"end":{"line":154,"column":38}}]},"16":{"loc":{"start":{"line":156,"column":23},"end":{"line":156,"column":43}},"type":"binary-expr","locations":[{"start":{"line":156,"column":23},"end":{"line":156,"column":37}},{"start":{"line":156,"column":41},"end":{"line":156,"column":43}}]},"17":{"loc":{"start":{"line":159,"column":32},"end":{"line":159,"column":99}},"type":"binary-expr","locations":[{"start":{"line":159,"column":32},"end":{"line":159,"column":75}},{"start":{"line":159,"column":79},"end":{"line":159,"column":99}}]},"18":{"loc":{"start":{"line":164,"column":25},"end":{"line":164,"column":68}},"type":"binary-expr","locations":[{"start":{"line":164,"column":25},"end":{"line":164,"column":51}},{"start":{"line":164,"column":55},"end":{"line":164,"column":68}}]},"19":{"loc":{"start":{"line":165,"column":30},"end":{"line":165,"column":89}},"type":"binary-expr","locations":[{"start":{"line":165,"column":30},"end":{"line":165,"column":67}},{"start":{"line":165,"column":71},"end":{"line":165,"column":89}}]},"20":{"loc":{"start":{"line":165,"column":31},"end":{"line":165,"column":45}},"type":"binary-expr","locations":[{"start":{"line":165,"column":31},"end":{"line":165,"column":38}},{"start":{"line":165,"column":42},"end":{"line":165,"column":45}}]},"21":{"loc":{"start":{"line":168,"column":24},"end":{"line":168,"column":69}},"type":"cond-expr","locations":[{"start":{"line":168,"column":42},"end":{"line":168,"column":57}},{"start":{"line":168,"column":60},"end":{"line":168,"column":69}}]},"22":{"loc":{"start":{"line":174,"column":10},"end":{"line":180,"column":11}},"type":"if","locations":[{"start":{"line":174,"column":10},"end":{"line":180,"column":11}}]},"23":{"loc":{"start":{"line":174,"column":14},"end":{"line":174,"column":32}},"type":"binary-expr","locations":[{"start":{"line":174,"column":14},"end":{"line":174,"column":21}},{"start":{"line":174,"column":25},"end":{"line":174,"column":32}}]},"24":{"loc":{"start":{"line":177,"column":12},"end":{"line":179,"column":13}},"type":"if","locations":[{"start":{"line":177,"column":12},"end":{"line":179,"column":13}}]},"25":{"loc":{"start":{"line":177,"column":16},"end":{"line":177,"column":62}},"type":"binary-expr","locations":[{"start":{"line":177,"column":16},"end":{"line":177,"column":37}},{"start":{"line":177,"column":41},"end":{"line":177,"column":62}}]},"26":{"loc":{"start":{"line":182,"column":10},"end":{"line":185,"column":11}},"type":"if","locations":[{"start":{"line":182,"column":10},"end":{"line":185,"column":11}}]},"27":{"loc":{"start":{"line":182,"column":14},"end":{"line":182,"column":67}},"type":"binary-expr","locations":[{"start":{"line":182,"column":14},"end":{"line":182,"column":43}},{"start":{"line":182,"column":47},"end":{"line":182,"column":67}}]},"28":{"loc":{"start":{"line":183,"column":57},"end":{"line":183,"column":72}},"type":"binary-expr","locations":[{"start":{"line":183,"column":57},"end":{"line":183,"column":67}},{"start":{"line":183,"column":71},"end":{"line":183,"column":72}}]},"29":{"loc":{"start":{"line":184,"column":12},"end":{"line":184,"column":51}},"type":"if","locations":[{"start":{"line":184,"column":12},"end":{"line":184,"column":51}}]},"30":{"loc":{"start":{"line":220,"column":6},"end":{"line":223,"column":7}},"type":"if","locations":[{"start":{"line":220,"column":6},"end":{"line":223,"column":7}}]},"31":{"loc":{"start":{"line":220,"column":10},"end":{"line":220,"column":54}},"type":"binary-expr","locations":[{"start":{"line":220,"column":10},"end":{"line":220,"column":29}},{"start":{"line":220,"column":33},"end":{"line":220,"column":54}}]}},"s":{"0":1,"1":1,"2":1,"3":1,"4":1,"5":1,"6":2,"7":5,"8":3,"9":3,"10":0,"11":7,"12":0,"13":7,"14":7,"15":23,"16":23,"17":23,"18":23,"19":23,"20":23,"21":23,"22":27,"23":27,"24":27,"25":20,"26":20,"27":20,"28":14,"29":14,"30":3,"31":3,"32":2,"33":14,"34":14,"35":16,"36":1,"37":15,"38":15,"39":15,"40":15,"41":15,"42":15,"43":15,"44":15,"45":15,"46":15,"47":15,"48":15,"49":15,"50":15,"51":10,"52":10,"53":10,"54":10,"55":15,"56":5,"57":5,"58":5,"59":0,"60":15,"61":15,"62":15,"63":20,"64":20,"65":7,"66":7,"67":4,"68":4,"69":3,"70":3,"71":0},"f":{"0":2,"1":5,"2":3,"3":7,"4":23,"5":5},"b":{"0":[3],"1":[3,1],"2":[0,0],"3":[0],"4":[7,3],"5":[1,22],"6":[1,22],"7":[2,21],"8":[3],"9":[14,3,3,3,3],"10":[2],"11":[3,1,1],"12":[1,1],"13":[14,0],"14":[14,0],"15":[1],"16":[15,0],"17":[15,1],"18":[15,1],"19":[15,1],"20":[15,0],"21":[15,0],"22":[10],"23":[15,14],"24":[10],"25":[10,10],"26":[5],"27":[15,10],"28":[5,5],"29":[0],"30":[4],"31":[7,5]}}
,"/Users/bruno.teixeira/Downloads/bsb_price_track/src/apis/rapidapi.ts": {"path":"/Users/bruno.teixeira/Downloads/bsb_price_track/src/apis/rapidapi.ts","statementMap":{"0":{"start":{"line":38,"column":0},"end":{"line":38,"column":7}},"1":{"start":{"line":1,"column":0},"end":{"line":1,"column":44}},"2":{"start":{"line":2,"column":0},"end":{"line":2,"column":35}},"3":{"start":{"line":4,"column":0},"end":{"line":4,"column":52}},"4":{"start":{"line":7,"column":2},"end":{"line":9,"column":3}},"5":{"start":{"line":8,"column":4},"end":{"line":8,"column":65}},"6":{"start":{"line":10,"column":2},"end":{"line":10,"column":58}},"7":{"start":{"line":17,"column":22},"end":{"line":17,"column":74}},"8":{"start":{"line":19,"column":16},"end":{"line":22,"column":2}},"9":{"start":{"line":39,"column":2},"end":{"line":39,"column":58}},"10":{"start":{"line":41,"column":2},"end":{"line":130,"column":3}},"11":{"start":{"line":43,"column":35},"end":{"line":52,"column":6}},"12":{"start":{"line":54,"column":29},"end":{"line":54,"column":79}},"13":{"start":{"line":55,"column":27},"end":{"line":55,"column":80}},"14":{"start":{"line":56,"column":35},"end":{"line":56,"column":77}},"15":{"start":{"line":57,"column":33},"end":{"line":57,"column":73}},"16":{"start":{"line":60,"column":27},"end":{"line":79,"column":6}},"17":{"start":{"line":82,"column":6},"end":{"line":82,"column":50}},"18":{"start":{"line":84,"column":4},"end":{"line":84,"column":78}},"19":{"start":{"line":86,"column":30},"end":{"line":86,"column":32}},"20":{"start":{"line":88,"column":4},"end":{"line":124,"column":5}},"21":{"start":{"line":89,"column":23},"end":{"line":89,"column":38}},"22":{"start":{"line":90,"column":6},"end":{"line":90,"column":48}},"23":{"start":{"line":90,"column":39},"end":{"line":90,"column":48}},"24":{"start":{"line":92,"column":18},"end":{"line":92,"column":32}},"25":{"start":{"line":93,"column":22},"end":{"line":93,"column":57}},"26":{"start":{"line":94,"column":28},"end":{"line":94,"column":81}},"27":{"start":{"line":97,"column":20},"end":{"line":97,"column":34}},"28":{"start":{"line":98,"column":48},"end":{"line":98,"column":70}},"29":{"start":{"line":99,"column":6},"end":{"line":105,"column":7}},"30":{"start":{"line":100,"column":20},"end":{"line":100,"column":43}},"31":{"start":{"line":101,"column":20},"end":{"line":101,"column":41}},"32":{"start":{"line":102,"column":8},"end":{"line":104,"column":9}},"33":{"start":{"line":103,"column":10},"end":{"line":103,"column":81}},"34":{"start":{"line":107,"column":23},"end":{"line":107,"column":58}},"35":{"start":{"line":109,"column":6},"end":{"line":123,"column":9}},"36":{"start":{"line":126,"column":4},"end":{"line":126,"column":19}},"37":{"start":{"line":128,"column":4},"end":{"line":128,"column":67}},"38":{"start":{"line":129,"column":4},"end":{"line":129,"column":14}}},"fnMap":{"0":{"name":"formatError","decl":{"start":{"line":6,"column":9},"end":{"line":6,"column":20}},"loc":{"start":{"line":6,"column":33},"end":{"line":11,"column":1}}},"1":{"name":"searchWithRapidAPI","decl":{"start":{"line":38,"column":22},"end":{"line":38,"column":40}},"loc":{"start":{"line":38,"column":61},"end":{"line":131,"column":1}}}},"branchMap":{"0":{"loc":{"start":{"line":7,"column":2},"end":{"line":9,"column":3}},"type":"if","locations":[{"start":{"line":7,"column":2},"end":{"line":9,"column":3}}]},"1":{"loc":{"start":{"line":8,"column":19},"end":{"line":8,"column":46}},"type":"binary-expr","locations":[{"start":{"line":8,"column":19},"end":{"line":8,"column":39}},{"start":{"line":8,"column":43},"end":{"line":8,"column":46}}]},"2":{"loc":{"start":{"line":10,"column":9},"end":{"line":10,"column":57}},"type":"cond-expr","locations":[{"start":{"line":10,"column":32},"end":{"line":10,"column":43}},{"start":{"line":10,"column":46},"end":{"line":10,"column":57}}]},"3":{"loc":{"start":{"line":54,"column":29},"end":{"line":54,"column":79}},"type":"binary-expr","locations":[{"start":{"line":54,"column":29},"end":{"line":54,"column":62}},{"start":{"line":54,"column":66},"end":{"line":54,"column":79}}]},"4":{"loc":{"start":{"line":55,"column":27},"end":{"line":55,"column":80}},"type":"binary-expr","locations":[{"start":{"line":55,"column":27},"end":{"line":55,"column":58}},{"start":{"line":55,"column":62},"end":{"line":55,"column":80}}]},"5":{"loc":{"start":{"line":56,"column":35},"end":{"line":56,"column":77}},"type":"binary-expr","locations":[{"start":{"line":56,"column":35},"end":{"line":56,"column":71}},{"start":{"line":56,"column":75},"end":{"line":56,"column":77}}]},"6":{"loc":{"start":{"line":57,"column":33},"end":{"line":57,"column":73}},"type":"binary-expr","locations":[{"start":{"line":57,"column":33},"end":{"line":57,"column":67}},{"start":{"line":57,"column":71},"end":{"line":57,"column":73}}]},"7":{"loc":{"start":{"line":71,"column":18},"end":{"line":71,"column":92}},"type":"cond-expr","locations":[{"start":{"line":71,"column":47},"end":{"line":71,"column":80}},{"start":{"line":71,"column":83},"end":{"line":71,"column":92}}]},"8":{"loc":{"start":{"line":82,"column":6},"end":{"line":82,"column":50}},"type":"binary-expr","locations":[{"start":{"line":82,"column":6},"end":{"line":82,"column":44}},{"start":{"line":82,"column":48},"end":{"line":82,"column":50}}]},"9":{"loc":{"start":{"line":90,"column":6},"end":{"line":90,"column":48}},"type":"if","locations":[{"start":{"line":90,"column":6},"end":{"line":90,"column":48}}]},"10":{"loc":{"start":{"line":90,"column":10},"end":{"line":90,"column":37}},"type":"binary-expr","locations":[{"start":{"line":90,"column":10},"end":{"line":90,"column":19}},{"start":{"line":90,"column":23},"end":{"line":90,"column":37}}]},"11":{"loc":{"start":{"line":94,"column":28},"end":{"line":94,"column":81}},"type":"binary-expr","locations":[{"start":{"line":94,"column":28},"end":{"line":94,"column":57}},{"start":{"line":94,"column":61},"end":{"line":94,"column":81}}]},"12":{"loc":{"start":{"line":99,"column":6},"end":{"line":105,"column":7}},"type":"if","locations":[{"start":{"line":99,"column":6},"end":{"line":105,"column":7}}]},"13":{"loc":{"start":{"line":99,"column":10},"end":{"line":99,"column":73}},"type":"binary-expr","locations":[{"start":{"line":99,"column":10},"end":{"line":99,"column":39}},{"start":{"line":99,"column":43},"end":{"line":99,"column":57}},{"start":{"line":99,"column":61},"end":{"line":99,"column":73}}]},"14":{"loc":{"start":{"line":102,"column":8},"end":{"line":104,"column":9}},"type":"if","locations":[{"start":{"line":102,"column":8},"end":{"line":104,"column":9}}]},"15":{"loc":{"start":{"line":102,"column":12},"end":{"line":102,"column":58}},"type":"binary-expr","locations":[{"start":{"line":102,"column":12},"end":{"line":102,"column":33}},{"start":{"line":102,"column":37},"end":{"line":102,"column":58}}]},"16":{"loc":{"start":{"line":110,"column":16},"end":{"line":110,"column":57}},"type":"binary-expr","locations":[{"start":{"line":110,"column":16},"end":{"line":110,"column":40}},{"start":{"line":110,"column":44},"end":{"line":110,"column":57}}]},"17":{"loc":{"start":{"line":111,"column":21},"end":{"line":111,"column":72}},"type":"binary-expr","locations":[{"start":{"line":111,"column":21},"end":{"line":111,"column":50}},{"start":{"line":111,"column":54},"end":{"line":111,"column":72}}]}},"s":{"0":1,"1":1,"2":1,"3":1,"4":1,"5":1,"6":0,"7":1,"8":1,"9":6,"10":6,"11":6,"12":5,"13":5,"14":5,"15":5,"16":5,"17":5,"18":5,"19":5,"20":5,"21":6,"22":6,"23":2,"24":4,"25":4,"26":4,"27":4,"28":4,"29":4,"30":0,"31":0,"32":0,"33":0,"34":4,"35":4,"36":5,"37":1,"38":1},"f":{"0":1,"1":6},"b":{"0":[1],"1":[1,1],"2":[0,0],"3":[5,1],"4":[5,1],"5":[5,1],"6":[5,1],"7":[0,5],"8":[5,0],"9":[2],"10":[6,5],"11":[4,0],"12":[0],"13":[4,4,4],"14":[0],"15":[0,0],"16":[4,0],"17":[4,0]}}
,"/Users/bruno.teixeira/Downloads/bsb_price_track/src/services/currency.ts": {"path":"/Users/bruno.teixeira/Downloads/bsb_price_track/src/services/currency.ts","statementMap":{"0":{"start":{"line":10,"column":0},"end":{"line":10,"column":7}},"1":{"start":{"line":32,"column":0},"end":{"line":32,"column":7}},"2":{"start":{"line":60,"column":0},"end":{"line":60,"column":16}},"3":{"start":{"line":1,"column":0},"end":{"line":1,"column":26}},"4":{"start":{"line":5,"column":25},"end":{"line":5,"column":28}},"5":{"start":{"line":7,"column":61},"end":{"line":7,"column":65}},"6":{"start":{"line":8,"column":21},"end":{"line":8,"column":35}},"7":{"start":{"line":11,"column":2},"end":{"line":13,"column":3}},"8":{"start":{"line":12,"column":4},"end":{"line":12,"column":27}},"9":{"start":{"line":15,"column":2},"end":{"line":29,"column":3}},"10":{"start":{"line":16,"column":21},"end":{"line":18,"column":null}},"11":{"start":{"line":20,"column":25},"end":{"line":20,"column":49}},"12":{"start":{"line":21,"column":4},"end":{"line":21,"column":53}},"13":{"start":{"line":21,"column":15},"end":{"line":21,"column":53}},"14":{"start":{"line":23,"column":4},"end":{"line":23,"column":49}},"15":{"start":{"line":24,"column":4},"end":{"line":24,"column":47}},"16":{"start":{"line":25,"column":4},"end":{"line":25,"column":16}},"17":{"start":{"line":27,"column":4},"end":{"line":27,"column":142}},"18":{"start":{"line":28,"column":4},"end":{"line":28,"column":28}},"19":{"start":{"line":33,"column":2},"end":{"line":33,"column":40}},"20":{"start":{"line":33,"column":26},"end":{"line":33,"column":40}},"21":{"start":{"line":35,"column":2},"end":{"line":38,"column":3}},"22":{"start":{"line":36,"column":17},"end":{"line":36,"column":36}},"23":{"start":{"line":37,"column":4},"end":{"line":37,"column":49}},"24":{"start":{"line":41,"column":2},"end":{"line":57,"column":3}},"25":{"start":{"line":42,"column":21},"end":{"line":44,"column":null}},"26":{"start":{"line":46,"column":30},"end":{"line":46,"column":54}},"27":{"start":{"line":47,"column":4},"end":{"line":47,"column":74}},"28":{"start":{"line":47,"column":20},"end":{"line":47,"column":74}},"29":{"start":{"line":48,"column":4},"end":{"line":48,"column":54}},"30":{"start":{"line":51,"column":28},"end":{"line":53,"column":93}},"31":{"start":{"line":53,"column":19},"end":{"line":53,"column":69}},"32":{"start":{"line":55,"column":20},"end":{"line":55,"column":39}},"33":{"start":{"line":56,"column":4},"end":{"line":56,"column":62}},"34":{"start":{"line":61,"column":2},"end":{"line":64,"column":19}}},"fnMap":{"0":{"name":"getUSDtoBRL","decl":{"start":{"line":10,"column":22},"end":{"line":10,"column":33}},"loc":{"start":{"line":10,"column":33},"end":{"line":30,"column":1}}},"1":{"name":"convertToBRL","decl":{"start":{"line":32,"column":22},"end":{"line":32,"column":34}},"loc":{"start":{"line":32,"column":67},"end":{"line":58,"column":1}}},"2":{"name":"(anonymous_3)","decl":{"start":{"line":53,"column":12},"end":{"line":53,"column":15}},"loc":{"start":{"line":53,"column":19},"end":{"line":53,"column":69}}},"3":{"name":"formatBRL","decl":{"start":{"line":60,"column":16},"end":{"line":60,"column":25}},"loc":{"start":{"line":60,"column":39},"end":{"line":65,"column":1}}}},"branchMap":{"0":{"loc":{"start":{"line":11,"column":2},"end":{"line":13,"column":3}},"type":"if","locations":[{"start":{"line":11,"column":2},"end":{"line":13,"column":3}}]},"1":{"loc":{"start":{"line":11,"column":6},"end":{"line":11,"column":68}},"type":"binary-expr","locations":[{"start":{"line":11,"column":6},"end":{"line":11,"column":16}},{"start":{"line":11,"column":20},"end":{"line":11,"column":68}}]},"2":{"loc":{"start":{"line":21,"column":4},"end":{"line":21,"column":53}},"type":"if","locations":[{"start":{"line":21,"column":4},"end":{"line":21,"column":53}}]},"3":{"loc":{"start":{"line":27,"column":90},"end":{"line":27,"column":138}},"type":"cond-expr","locations":[{"start":{"line":27,"column":113},"end":{"line":27,"column":124}},{"start":{"line":27,"column":127},"end":{"line":27,"column":138}}]},"4":{"loc":{"start":{"line":33,"column":2},"end":{"line":33,"column":40}},"type":"if","locations":[{"start":{"line":33,"column":2},"end":{"line":33,"column":40}}]},"5":{"loc":{"start":{"line":35,"column":2},"end":{"line":38,"column":3}},"type":"if","locations":[{"start":{"line":35,"column":2},"end":{"line":38,"column":3}}]},"6":{"loc":{"start":{"line":47,"column":4},"end":{"line":47,"column":74}},"type":"if","locations":[{"start":{"line":47,"column":4},"end":{"line":47,"column":74}}]},"7":{"loc":{"start":{"line":51,"column":28},"end":{"line":53,"column":93}},"type":"binary-expr","locations":[{"start":{"line":51,"column":28},"end":{"line":53,"column":88}},{"start":{"line":53,"column":92},"end":{"line":53,"column":93}}]}},"s":{"0":10,"1":10,"2":10,"3":10,"4":10,"5":10,"6":10,"7":7,"8":1,"9":6,"10":6,"11":4,"12":4,"13":0,"14":4,"15":4,"16":4,"17":2,"18":2,"19":5,"20":1,"21":4,"22":2,"23":2,"24":2,"25":2,"26":1,"27":1,"28":0,"29":1,"30":1,"31":1,"32":1,"33":1,"34":5},"f":{"0":7,"1":5,"2":1,"3":5},"b":{"0":[1],"1":[7,1],"2":[0],"3":[2,0],"4":[1],"5":[2],"6":[0],"7":[1,0]}}
,"/Users/bruno.teixeira/Downloads/bsb_price_track/src/services/healthCheck.ts": {"path":"/Users/bruno.teixeira/Downloads/bsb_price_track/src/services/healthCheck.ts","statementMap":{"0":{"start":{"line":7,"column":0},"end":{"line":7,"column":7}},"1":{"start":{"line":1,"column":0},"end":{"line":1,"column":20}},"2":{"start":{"line":2,"column":0},"end":{"line":2,"column":24}},"3":{"start":{"line":3,"column":0},"end":{"line":3,"column":45}},"4":{"start":{"line":5,"column":20},"end":{"line":5,"column":70}},"5":{"start":{"line":8,"column":16},"end":{"line":8,"column":54}},"6":{"start":{"line":10,"column":18},"end":{"line":10,"column":20}},"7":{"start":{"line":11,"column":2},"end":{"line":13,"column":3}},"8":{"start":{"line":12,"column":4},"end":{"line":12,"column":82}},"9":{"start":{"line":15,"column":2},"end":{"line":18,"column":3}},"10":{"start":{"line":16,"column":4},"end":{"line":16,"column":58}},"11":{"start":{"line":17,"column":4},"end":{"line":17,"column":11}},"12":{"start":{"line":20,"column":2},"end":{"line":20,"column":26}},"13":{"start":{"line":21,"column":2},"end":{"line":21,"column":63}},"14":{"start":{"line":22,"column":2},"end":{"line":22,"column":79}}},"fnMap":{"0":{"name":"maybeHealthCheck","decl":{"start":{"line":7,"column":22},"end":{"line":7,"column":38}},"loc":{"start":{"line":7,"column":38},"end":{"line":23,"column":1}}}},"branchMap":{"0":{"loc":{"start":{"line":11,"column":2},"end":{"line":13,"column":3}},"type":"if","locations":[{"start":{"line":11,"column":2},"end":{"line":13,"column":3}}]},"1":{"loc":{"start":{"line":12,"column":16},"end":{"line":12,"column":81}},"type":"binary-expr","locations":[{"start":{"line":12,"column":16},"end":{"line":12,"column":75}},{"start":{"line":12,"column":79},"end":{"line":12,"column":81}}]},"2":{"loc":{"start":{"line":15,"column":2},"end":{"line":18,"column":3}},"type":"if","locations":[{"start":{"line":15,"column":2},"end":{"line":18,"column":3}}]}},"s":{"0":1,"1":1,"2":1,"3":1,"4":1,"5":5,"6":5,"7":5,"8":3,"9":5,"10":1,"11":1,"12":4,"13":4,"14":4},"f":{"0":5},"b":{"0":[3],"1":[3,1],"2":[1]}}
,"/Users/bruno.teixeira/Downloads/bsb_price_track/src/services/history.ts": {"path":"/Users/bruno.teixeira/Downloads/bsb_price_track/src/services/history.ts","statementMap":{"0":{"start":{"line":4,"column":0},"end":{"line":4,"column":7}},"1":{"start":{"line":10,"column":0},"end":{"line":10,"column":7}},"2":{"start":{"line":29,"column":0},"end":{"line":29,"column":7}},"3":{"start":{"line":42,"column":0},"end":{"line":42,"column":7}},"4":{"start":{"line":70,"column":0},"end":{"line":70,"column":7}},"5":{"start":{"line":1,"column":0},"end":{"line":1,"column":29}},"6":{"start":{"line":5,"column":13},"end":{"line":5,"column":20}},"7":{"start":{"line":6,"column":17},"end":{"line":6,"column":74}},"8":{"start":{"line":7,"column":2},"end":{"line":7,"column":37}},"9":{"start":{"line":15,"column":13},"end":{"line":15,"column":20}},"10":{"start":{"line":16,"column":17},"end":{"line":23,"column":4}},"11":{"start":{"line":25,"column":14},"end":{"line":25,"column":28}},"12":{"start":{"line":26,"column":2},"end":{"line":26,"column":55}},"13":{"start":{"line":30,"column":13},"end":{"line":30,"column":20}},"14":{"start":{"line":31,"column":17},"end":{"line":31,"column":27}},"15":{"start":{"line":32,"column":2},"end":{"line":32,"column":51}},"16":{"start":{"line":34,"column":17},"end":{"line":37,"column":4}},"17":{"start":{"line":39,"column":2},"end":{"line":39,"column":37}},"18":{"start":{"line":43,"column":13},"end":{"line":43,"column":20}},"19":{"start":{"line":44,"column":2},"end":{"line":58,"column":5}},"20":{"start":{"line":60,"column":17},"end":{"line":60,"column":53}},"21":{"start":{"line":61,"column":2},"end":{"line":63,"column":3}},"22":{"start":{"line":62,"column":4},"end":{"line":62,"column":97}},"23":{"start":{"line":65,"column":22},"end":{"line":65,"column":75}},"24":{"start":{"line":66,"column":16},"end":{"line":66,"column":37}},"25":{"start":{"line":67,"column":2},"end":{"line":67,"column":61}},"26":{"start":{"line":71,"column":19},"end":{"line":71,"column":32}},"27":{"start":{"line":72,"column":2},"end":{"line":72,"column":37}},"28":{"start":{"line":74,"column":27},"end":{"line":74,"column":45}},"29":{"start":{"line":75,"column":2},"end":{"line":75,"column":59}},"30":{"start":{"line":76,"column":2},"end":{"line":76,"column":40}},"31":{"start":{"line":78,"column":28},"end":{"line":78,"column":54}},"32":{"start":{"line":79,"column":2},"end":{"line":79,"column":61}},"33":{"start":{"line":80,"column":2},"end":{"line":80,"column":41}},"34":{"start":{"line":81,"column":26},"end":{"line":81,"column":52}},"35":{"start":{"line":82,"column":2},"end":{"line":82,"column":73}},"36":{"start":{"line":84,"column":13},"end":{"line":84,"column":20}},"37":{"start":{"line":85,"column":17},"end":{"line":91,"column":4}},"38":{"start":{"line":93,"column":15},"end":{"line":93,"column":26}},"39":{"start":{"line":94,"column":19},"end":{"line":94,"column":41}},"40":{"start":{"line":96,"column":2},"end":{"line":122,"column":3}},"41":{"start":{"line":97,"column":15},"end":{"line":97,"column":48}},"42":{"start":{"line":98,"column":21},"end":{"line":98,"column":55}},"43":{"start":{"line":100,"column":4},"end":{"line":108,"column":5}},"44":{"start":{"line":101,"column":6},"end":{"line":107,"column":9}},"45":{"start":{"line":110,"column":17},"end":{"line":110,"column":40}},"46":{"start":{"line":112,"column":4},"end":{"line":121,"column":5}},"47":{"start":{"line":113,"column":6},"end":{"line":113,"column":28}},"48":{"start":{"line":114,"column":6},"end":{"line":116,"column":7}},"49":{"start":{"line":115,"column":8},"end":{"line":115,"column":54}},"50":{"start":{"line":117,"column":11},"end":{"line":121,"column":5}},"51":{"start":{"line":118,"column":6},"end":{"line":120,"column":7}},"52":{"start":{"line":119,"column":8},"end":{"line":119,"column":55}},"53":{"start":{"line":124,"column":42},"end":{"line":124,"column":44}},"54":{"start":{"line":126,"column":2},"end":{"line":147,"column":3}},"55":{"start":{"line":127,"column":27},"end":{"line":127,"column":97}},"56":{"start":{"line":128,"column":28},"end":{"line":128,"column":100}},"57":{"start":{"line":130,"column":54},"end":{"line":130,"column":63}},"58":{"start":{"line":131,"column":4},"end":{"line":136,"column":5}},"59":{"start":{"line":132,"column":19},"end":{"line":132,"column":71}},"60":{"start":{"line":133,"column":6},"end":{"line":135,"column":28}},"61":{"start":{"line":133,"column":23},"end":{"line":133,"column":36}},"62":{"start":{"line":134,"column":11},"end":{"line":135,"column":28}},"63":{"start":{"line":134,"column":29},"end":{"line":134,"column":44}},"64":{"start":{"line":135,"column":11},"end":{"line":135,"column":28}},"65":{"start":{"line":138,"column":4},"end":{"line":146,"column":7}},"66":{"start":{"line":149,"column":2},"end":{"line":149,"column":66}},"67":{"start":{"line":149,"column":34},"end":{"line":149,"column":64}},"68":{"start":{"line":153,"column":2},"end":{"line":162,"column":4}}},"fnMap":{"0":{"name":"loadHistory","decl":{"start":{"line":4,"column":22},"end":{"line":4,"column":33}},"loc":{"start":{"line":4,"column":33},"end":{"line":8,"column":1}}},"1":{"name":"getLastCheapestPrice","decl":{"start":{"line":10,"column":22},"end":{"line":10,"column":42}},"loc":{"start":{"line":13,"column":23},"end":{"line":27,"column":1}}},"2":{"name":"pruneOldHistory","decl":{"start":{"line":29,"column":22},"end":{"line":29,"column":37}},"loc":{"start":{"line":29,"column":59},"end":{"line":40,"column":1}}},"3":{"name":"appendHistory","decl":{"start":{"line":42,"column":22},"end":{"line":42,"column":35}},"loc":{"start":{"line":42,"column":76},"end":{"line":68,"column":1}}},"4":{"name":"getWeeklySummary","decl":{"start":{"line":70,"column":22},"end":{"line":70,"column":38}},"loc":{"start":{"line":70,"column":61},"end":{"line":150,"column":1}}},"5":{"name":"(anonymous_5)","decl":{"start":{"line":149,"column":24},"end":{"line":149,"column":25}},"loc":{"start":{"line":149,"column":34},"end":{"line":149,"column":64}}},"6":{"name":"rowToEntry","decl":{"start":{"line":152,"column":9},"end":{"line":152,"column":19}},"loc":{"start":{"line":152,"column":28},"end":{"line":163,"column":1}}}},"branchMap":{"0":{"loc":{"start":{"line":26,"column":9},"end":{"line":26,"column":54}},"type":"cond-expr","locations":[{"start":{"line":26,"column":16},"end":{"line":26,"column":47}},{"start":{"line":26,"column":50},"end":{"line":26,"column":54}}]},"1":{"loc":{"start":{"line":42,"column":57},"end":{"line":42,"column":76}},"type":"default-arg","locations":[{"start":{"line":42,"column":73},"end":{"line":42,"column":76}}]},"2":{"loc":{"start":{"line":53,"column":6},"end":{"line":53,"column":30}},"type":"binary-expr","locations":[{"start":{"line":53,"column":6},"end":{"line":53,"column":22}},{"start":{"line":53,"column":26},"end":{"line":53,"column":30}}]},"3":{"loc":{"start":{"line":55,"column":6},"end":{"line":55,"column":36}},"type":"binary-expr","locations":[{"start":{"line":55,"column":6},"end":{"line":55,"column":28}},{"start":{"line":55,"column":32},"end":{"line":55,"column":36}}]},"4":{"loc":{"start":{"line":61,"column":2},"end":{"line":63,"column":3}},"type":"if","locations":[{"start":{"line":61,"column":2},"end":{"line":63,"column":3}}]},"5":{"loc":{"start":{"line":70,"column":39},"end":{"line":70,"column":61}},"type":"default-arg","locations":[{"start":{"line":70,"column":51},"end":{"line":70,"column":61}}]},"6":{"loc":{"start":{"line":100,"column":4},"end":{"line":108,"column":5}},"type":"if","locations":[{"start":{"line":100,"column":4},"end":{"line":108,"column":5}}]},"7":{"loc":{"start":{"line":112,"column":4},"end":{"line":121,"column":5}},"type":"if","locations":[{"start":{"line":112,"column":4},"end":{"line":121,"column":5}},{"start":{"line":117,"column":11},"end":{"line":121,"column":5}}]},"8":{"loc":{"start":{"line":112,"column":8},"end":{"line":112,"column":48}},"type":"binary-expr","locations":[{"start":{"line":112,"column":8},"end":{"line":112,"column":30}},{"start":{"line":112,"column":34},"end":{"line":112,"column":48}}]},"9":{"loc":{"start":{"line":114,"column":6},"end":{"line":116,"column":7}},"type":"if","locations":[{"start":{"line":114,"column":6},"end":{"line":116,"column":7}}]},"10":{"loc":{"start":{"line":117,"column":11},"end":{"line":121,"column":5}},"type":"if","locations":[{"start":{"line":117,"column":11},"end":{"line":121,"column":5}}]},"11":{"loc":{"start":{"line":117,"column":15},"end":{"line":117,"column":63}},"type":"binary-expr","locations":[{"start":{"line":117,"column":15},"end":{"line":117,"column":38}},{"start":{"line":117,"column":42},"end":{"line":117,"column":63}}]},"12":{"loc":{"start":{"line":118,"column":6},"end":{"line":120,"column":7}},"type":"if","locations":[{"start":{"line":118,"column":6},"end":{"line":120,"column":7}}]},"13":{"loc":{"start":{"line":127,"column":27},"end":{"line":127,"column":97}},"type":"cond-expr","locations":[{"start":{"line":127,"column":59},"end":{"line":127,"column":90}},{"start":{"line":127,"column":93},"end":{"line":127,"column":97}}]},"14":{"loc":{"start":{"line":128,"column":28},"end":{"line":128,"column":100}},"type":"cond-expr","locations":[{"start":{"line":128,"column":61},"end":{"line":128,"column":93}},{"start":{"line":128,"column":96},"end":{"line":128,"column":100}}]},"15":{"loc":{"start":{"line":131,"column":4},"end":{"line":136,"column":5}},"type":"if","locations":[{"start":{"line":131,"column":4},"end":{"line":136,"column":5}}]},"16":{"loc":{"start":{"line":131,"column":8},"end":{"line":131,"column":59}},"type":"binary-expr","locations":[{"start":{"line":131,"column":8},"end":{"line":131,"column":31}},{"start":{"line":131,"column":35},"end":{"line":131,"column":59}}]},"17":{"loc":{"start":{"line":133,"column":6},"end":{"line":135,"column":28}},"type":"if","locations":[{"start":{"line":133,"column":6},"end":{"line":135,"column":28}},{"start":{"line":134,"column":11},"end":{"line":135,"column":28}}]},"18":{"loc":{"start":{"line":134,"column":11},"end":{"line":135,"column":28}},"type":"if","locations":[{"start":{"line":134,"column":11},"end":{"line":135,"column":28}},{"start":{"line":135,"column":11},"end":{"line":135,"column":28}}]},"19":{"loc":{"start":{"line":160,"column":22},"end":{"line":160,"column":89}},"type":"cond-expr","locations":[{"start":{"line":160,"column":54},"end":{"line":160,"column":82}},{"start":{"line":160,"column":85},"end":{"line":160,"column":89}}]}},"s":{"0":1,"1":1,"2":1,"3":1,"4":1,"5":1,"6":1,"7":1,"8":1,"9":1,"10":1,"11":1,"12":1,"13":1,"14":1,"15":1,"16":1,"17":1,"18":1,"19":1,"20":1,"21":1,"22":0,"23":1,"24":1,"25":1,"26":1,"27":1,"28":1,"29":1,"30":1,"31":1,"32":1,"33":1,"34":1,"35":1,"36":1,"37":1,"38":1,"39":1,"40":1,"41":0,"42":0,"43":0,"44":0,"45":0,"46":0,"47":0,"48":0,"49":0,"50":0,"51":0,"52":0,"53":1,"54":1,"55":0,"56":0,"57":0,"58":0,"59":0,"60":0,"61":0,"62":0,"63":0,"64":0,"65":0,"66":1,"67":0,"68":0},"f":{"0":1,"1":1,"2":1,"3":1,"4":1,"5":0,"6":0},"b":{"0":[0,1],"1":[1],"2":[1,1],"3":[1,0],"4":[0],"5":[1],"6":[0],"7":[0,0],"8":[0,0],"9":[0],"10":[0],"11":[0,0],"12":[0],"13":[0,0],"14":[0,0],"15":[0],"16":[0,0],"17":[0,0],"18":[0,0],"19":[0,0]}}
,"/Users/bruno.teixeira/Downloads/bsb_price_track/src/services/news.ts": {"path":"/Users/bruno.teixeira/Downloads/bsb_price_track/src/services/news.ts","statementMap":{"0":{"start":{"line":83,"column":0},"end":{"line":83,"column":16}},"1":{"start":{"line":114,"column":0},"end":{"line":114,"column":16}},"2":{"start":{"line":120,"column":0},"end":{"line":120,"column":16}},"3":{"start":{"line":131,"column":0},"end":{"line":131,"column":7}},"4":{"start":{"line":143,"column":0},"end":{"line":143,"column":7}},"5":{"start":{"line":163,"column":0},"end":{"line":163,"column":16}},"6":{"start":{"line":174,"column":0},"end":{"line":174,"column":7}},"7":{"start":{"line":190,"column":0},"end":{"line":190,"column":7}},"8":{"start":{"line":233,"column":0},"end":{"line":233,"column":7}},"9":{"start":{"line":1,"column":0},"end":{"line":1,"column":44}},"10":{"start":{"line":2,"column":0},"end":{"line":2,"column":29}},"11":{"start":{"line":5,"column":2},"end":{"line":7,"column":3}},"12":{"start":{"line":6,"column":4},"end":{"line":6,"column":65}},"13":{"start":{"line":8,"column":2},"end":{"line":8,"column":58}},"14":{"start":{"line":11,"column":16},"end":{"line":11,"column":76}},"15":{"start":{"line":12,"column":26},"end":{"line":12,"column":87}},"16":{"start":{"line":13,"column":19},"end":{"line":13,"column":25}},"17":{"start":{"line":14,"column":30},"end":{"line":14,"column":33}},"18":{"start":{"line":15,"column":24},"end":{"line":15,"column":51}},"19":{"start":{"line":16,"column":23},"end":{"line":16,"column":70}},"20":{"start":{"line":17,"column":26},"end":{"line":17,"column":30}},"21":{"start":{"line":19,"column":23},"end":{"line":23,"column":2}},"22":{"start":{"line":42,"column":13},"end":{"line":42,"column":20}},"23":{"start":{"line":43,"column":14},"end":{"line":46,"column":4}},"24":{"start":{"line":47,"column":2},"end":{"line":47,"column":29}},"25":{"start":{"line":51,"column":13},"end":{"line":51,"column":20}},"26":{"start":{"line":52,"column":2},"end":{"line":55,"column":5}},"27":{"start":{"line":61,"column":13},"end":{"line":63,"column":null}},"28":{"start":{"line":65,"column":12},"end":{"line":65,"column":24}},"29":{"start":{"line":66,"column":2},"end":{"line":66,"column":20}},"30":{"start":{"line":66,"column":10},"end":{"line":66,"column":20}},"31":{"start":{"line":67,"column":2},"end":{"line":67,"column":37}},"32":{"start":{"line":71,"column":2},"end":{"line":80,"column":12}},"33":{"start":{"line":84,"column":27},"end":{"line":84,"column":29}},"34":{"start":{"line":85,"column":17},"end":{"line":85,"column":44}},"35":{"start":{"line":88,"column":2},"end":{"line":107,"column":3}},"36":{"start":{"line":89,"column":18},"end":{"line":89,"column":26}},"37":{"start":{"line":90,"column":18},"end":{"line":90,"column":55}},"38":{"start":{"line":91,"column":17},"end":{"line":91,"column":71}},"39":{"start":{"line":92,"column":24},"end":{"line":92,"column":67}},"40":{"start":{"line":93,"column":17},"end":{"line":93,"column":50}},"41":{"start":{"line":94,"column":20},"end":{"line":94,"column":48}},"42":{"start":{"line":96,"column":4},"end":{"line":106,"column":5}},"43":{"start":{"line":97,"column":6},"end":{"line":105,"column":9}},"44":{"start":{"line":109,"column":2},"end":{"line":109,"column":15}},"45":{"start":{"line":115,"column":2},"end":{"line":115,"column":41}},"46":{"start":{"line":115,"column":29},"end":{"line":115,"column":41}},"47":{"start":{"line":116,"column":19},"end":{"line":116,"column":68}},"48":{"start":{"line":117,"column":2},"end":{"line":117,"column":54}},"49":{"start":{"line":117,"column":31},"end":{"line":117,"column":52}},"50":{"start":{"line":121,"column":2},"end":{"line":121,"column":52}},"51":{"start":{"line":121,"column":39},"end":{"line":121,"column":52}},"52":{"start":{"line":122,"column":14},"end":{"line":122,"column":15}},"53":{"start":{"line":123,"column":15},"end":{"line":123,"column":64}},"54":{"start":{"line":124,"column":2},"end":{"line":124,"column":46}},"55":{"start":{"line":124,"column":38},"end":{"line":124,"column":46}},"56":{"start":{"line":125,"column":2},"end":{"line":125,"column":50}},"57":{"start":{"line":125,"column":42},"end":{"line":125,"column":50}},"58":{"start":{"line":126,"column":2},"end":{"line":126,"column":86}},"59":{"start":{"line":126,"column":78},"end":{"line":126,"column":86}},"60":{"start":{"line":127,"column":2},"end":{"line":127,"column":74}},"61":{"start":{"line":127,"column":66},"end":{"line":127,"column":74}},"62":{"start":{"line":128,"column":2},"end":{"line":128,"column":19}},"63":{"start":{"line":132,"column":14},"end":{"line":135,"column":4}},"64":{"start":{"line":136,"column":15},"end":{"line":136,"column":34}},"65":{"start":{"line":137,"column":16},"end":{"line":137,"column":33}},"66":{"start":{"line":138,"column":2},"end":{"line":140,"column":11}},"67":{"start":{"line":144,"column":17},"end":{"line":144,"column":47}},"68":{"start":{"line":145,"column":2},"end":{"line":145,"column":27}},"69":{"start":{"line":145,"column":15},"end":{"line":145,"column":27}},"70":{"start":{"line":146,"column":19},"end":{"line":156,"column":null}},"71":{"start":{"line":158,"column":2},"end":{"line":158,"column":71}},"72":{"start":{"line":164,"column":16},"end":{"line":164,"column":42}},"73":{"start":{"line":165,"column":2},"end":{"line":170,"column":3}},"74":{"start":{"line":166,"column":4},"end":{"line":166,"column":75}},"75":{"start":{"line":168,"column":4},"end":{"line":168,"column":59}},"76":{"start":{"line":168,"column":26},"end":{"line":168,"column":59}},"77":{"start":{"line":169,"column":4},"end":{"line":169,"column":46}},"78":{"start":{"line":171,"column":2},"end":{"line":171,"column":26}},"79":{"start":{"line":175,"column":19},"end":{"line":175,"column":49}},"80":{"start":{"line":176,"column":17},"end":{"line":176,"column":45}},"81":{"start":{"line":177,"column":2},"end":{"line":177,"column":35}},"82":{"start":{"line":177,"column":28},"end":{"line":177,"column":35}},"83":{"start":{"line":179,"column":15},"end":{"line":179,"column":46}},"84":{"start":{"line":180,"column":2},"end":{"line":185,"column":30}},"85":{"start":{"line":191,"column":14},"end":{"line":191,"column":40}},"86":{"start":{"line":192,"column":2},"end":{"line":192,"column":40}},"87":{"start":{"line":195,"column":2},"end":{"line":204,"column":3}},"88":{"start":{"line":196,"column":16},"end":{"line":199,"column":6}},"89":{"start":{"line":200,"column":4},"end":{"line":200,"column":19}},"90":{"start":{"line":202,"column":4},"end":{"line":202,"column":69}},"91":{"start":{"line":203,"column":4},"end":{"line":203,"column":11}},"92":{"start":{"line":206,"column":16},"end":{"line":206,"column":34}},"93":{"start":{"line":207,"column":19},"end":{"line":207,"column":86}},"94":{"start":{"line":207,"column":42},"end":{"line":207,"column":85}},"95":{"start":{"line":209,"column":18},"end":{"line":209,"column":19}},"96":{"start":{"line":210,"column":2},"end":{"line":229,"column":3}},"97":{"start":{"line":211,"column":4},"end":{"line":211,"column":46}},"98":{"start":{"line":211,"column":37},"end":{"line":211,"column":46}},"99":{"start":{"line":213,"column":4},"end":{"line":228,"column":5}},"100":{"start":{"line":215,"column":6},"end":{"line":220,"column":7}},"101":{"start":{"line":216,"column":8},"end":{"line":219,"column":22}},"102":{"start":{"line":217,"column":23},"end":{"line":217,"column":56}},"103":{"start":{"line":218,"column":10},"end":{"line":218,"column":76}},"104":{"start":{"line":222,"column":6},"end":{"line":222,"column":41}},"105":{"start":{"line":223,"column":6},"end":{"line":223,"column":59}},"106":{"start":{"line":224,"column":6},"end":{"line":224,"column":18}},"107":{"start":{"line":225,"column":6},"end":{"line":225,"column":51}},"108":{"start":{"line":227,"column":6},"end":{"line":227,"column":80}},"109":{"start":{"line":230,"column":2},"end":{"line":230,"column":79}},"110":{"start":{"line":234,"column":2},"end":{"line":234,"column":86}},"111":{"start":{"line":235,"column":2},"end":{"line":235,"column":106}}},"fnMap":{"0":{"name":"formatError","decl":{"start":{"line":4,"column":9},"end":{"line":4,"column":20}},"loc":{"start":{"line":4,"column":33},"end":{"line":9,"column":1}}},"1":{"name":"isGuidSeen","decl":{"start":{"line":41,"column":15},"end":{"line":41,"column":25}},"loc":{"start":{"line":41,"column":38},"end":{"line":48,"column":1}}},"2":{"name":"markGuidAsSeen","decl":{"start":{"line":50,"column":15},"end":{"line":50,"column":29}},"loc":{"start":{"line":50,"column":55},"end":{"line":56,"column":1}}},"3":{"name":"extractTag","decl":{"start":{"line":60,"column":9},"end":{"line":60,"column":19}},"loc":{"start":{"line":60,"column":44},"end":{"line":68,"column":1}}},"4":{"name":"stripHtml","decl":{"start":{"line":70,"column":9},"end":{"line":70,"column":18}},"loc":{"start":{"line":70,"column":31},"end":{"line":81,"column":1}}},"5":{"name":"parseRssItems","decl":{"start":{"line":83,"column":16},"end":{"line":83,"column":29}},"loc":{"start":{"line":83,"column":41},"end":{"line":110,"column":1}}},"6":{"name":"isKeywordRelated","decl":{"start":{"line":114,"column":16},"end":{"line":114,"column":32}},"loc":{"start":{"line":114,"column":66},"end":{"line":118,"column":1}}},"7":{"name":"(anonymous_16)","decl":{"start":{"line":117,"column":23},"end":{"line":117,"column":24}},"loc":{"start":{"line":117,"column":31},"end":{"line":117,"column":52}}},"8":{"name":"shouldSummarize","decl":{"start":{"line":120,"column":16},"end":{"line":120,"column":31}},"loc":{"start":{"line":120,"column":45},"end":{"line":129,"column":1}}},"9":{"name":"fetchArticleText","decl":{"start":{"line":131,"column":22},"end":{"line":131,"column":38}},"loc":{"start":{"line":131,"column":50},"end":{"line":141,"column":1}}},"10":{"name":"summarizeArticle","decl":{"start":{"line":143,"column":22},"end":{"line":143,"column":38}},"loc":{"start":{"line":143,"column":73},"end":{"line":159,"column":1}}},"11":{"name":"buildNewsMessage","decl":{"start":{"line":163,"column":16},"end":{"line":163,"column":32}},"loc":{"start":{"line":163,"column":64},"end":{"line":172,"column":1}}},"12":{"name":"sendNewsAlert","decl":{"start":{"line":174,"column":22},"end":{"line":174,"column":35}},"loc":{"start":{"line":174,"column":67},"end":{"line":186,"column":1}}},"13":{"name":"trackRssFeed","decl":{"start":{"line":190,"column":22},"end":{"line":190,"column":34}},"loc":{"start":{"line":190,"column":57},"end":{"line":231,"column":1}}},"14":{"name":"(anonymous_23)","decl":{"start":{"line":207,"column":32},"end":{"line":207,"column":33}},"loc":{"start":{"line":207,"column":42},"end":{"line":207,"column":85}}},"15":{"name":"runNewsTracker","decl":{"start":{"line":233,"column":22},"end":{"line":233,"column":36}},"loc":{"start":{"line":233,"column":36},"end":{"line":236,"column":1}}}},"branchMap":{"0":{"loc":{"start":{"line":5,"column":2},"end":{"line":7,"column":3}},"type":"if","locations":[{"start":{"line":5,"column":2},"end":{"line":7,"column":3}}]},"1":{"loc":{"start":{"line":6,"column":19},"end":{"line":6,"column":46}},"type":"binary-expr","locations":[{"start":{"line":6,"column":19},"end":{"line":6,"column":39}},{"start":{"line":6,"column":43},"end":{"line":6,"column":46}}]},"2":{"loc":{"start":{"line":8,"column":9},"end":{"line":8,"column":57}},"type":"cond-expr","locations":[{"start":{"line":8,"column":32},"end":{"line":8,"column":43}},{"start":{"line":8,"column":46},"end":{"line":8,"column":57}}]},"3":{"loc":{"start":{"line":66,"column":2},"end":{"line":66,"column":20}},"type":"if","locations":[{"start":{"line":66,"column":2},"end":{"line":66,"column":20}}]},"4":{"loc":{"start":{"line":67,"column":10},"end":{"line":67,"column":28}},"type":"binary-expr","locations":[{"start":{"line":67,"column":10},"end":{"line":67,"column":14}},{"start":{"line":67,"column":18},"end":{"line":67,"column":22}},{"start":{"line":67,"column":26},"end":{"line":67,"column":28}}]},"5":{"loc":{"start":{"line":91,"column":17},"end":{"line":91,"column":71}},"type":"binary-expr","locations":[{"start":{"line":91,"column":17},"end":{"line":91,"column":42}},{"start":{"line":91,"column":46},"end":{"line":91,"column":71}}]},"6":{"loc":{"start":{"line":93,"column":17},"end":{"line":93,"column":50}},"type":"binary-expr","locations":[{"start":{"line":93,"column":17},"end":{"line":93,"column":42}},{"start":{"line":93,"column":46},"end":{"line":93,"column":50}}]},"7":{"loc":{"start":{"line":96,"column":4},"end":{"line":106,"column":5}},"type":"if","locations":[{"start":{"line":96,"column":4},"end":{"line":106,"column":5}}]},"8":{"loc":{"start":{"line":96,"column":8},"end":{"line":96,"column":21}},"type":"binary-expr","locations":[{"start":{"line":96,"column":8},"end":{"line":96,"column":13}},{"start":{"line":96,"column":17},"end":{"line":96,"column":21}}]},"9":{"loc":{"start":{"line":101,"column":21},"end":{"line":103,"column":23}},"type":"cond-expr","locations":[{"start":{"line":102,"column":12},"end":{"line":102,"column":71}},{"start":{"line":103,"column":12},"end":{"line":103,"column":23}}]},"10":{"loc":{"start":{"line":115,"column":2},"end":{"line":115,"column":41}},"type":"if","locations":[{"start":{"line":115,"column":2},"end":{"line":115,"column":41}}]},"11":{"loc":{"start":{"line":121,"column":2},"end":{"line":121,"column":52}},"type":"if","locations":[{"start":{"line":121,"column":2},"end":{"line":121,"column":52}}]},"12":{"loc":{"start":{"line":124,"column":2},"end":{"line":124,"column":46}},"type":"if","locations":[{"start":{"line":124,"column":2},"end":{"line":124,"column":46}}]},"13":{"loc":{"start":{"line":125,"column":2},"end":{"line":125,"column":50}},"type":"if","locations":[{"start":{"line":125,"column":2},"end":{"line":125,"column":50}}]},"14":{"loc":{"start":{"line":126,"column":2},"end":{"line":126,"column":86}},"type":"if","locations":[{"start":{"line":126,"column":2},"end":{"line":126,"column":86}}]},"15":{"loc":{"start":{"line":127,"column":2},"end":{"line":127,"column":74}},"type":"if","locations":[{"start":{"line":127,"column":2},"end":{"line":127,"column":74}}]},"16":{"loc":{"start":{"line":138,"column":9},"end":{"line":140,"column":10}},"type":"cond-expr","locations":[{"start":{"line":139,"column":6},"end":{"line":139,"column":55}},{"start":{"line":140,"column":6},"end":{"line":140,"column":10}}]},"17":{"loc":{"start":{"line":145,"column":2},"end":{"line":145,"column":27}},"type":"if","locations":[{"start":{"line":145,"column":2},"end":{"line":145,"column":27}}]},"18":{"loc":{"start":{"line":158,"column":9},"end":{"line":158,"column":70}},"type":"binary-expr","locations":[{"start":{"line":158,"column":9},"end":{"line":158,"column":62}},{"start":{"line":158,"column":66},"end":{"line":158,"column":70}}]},"19":{"loc":{"start":{"line":165,"column":2},"end":{"line":170,"column":3}},"type":"if","locations":[{"start":{"line":165,"column":2},"end":{"line":170,"column":3}},{"start":{"line":167,"column":9},"end":{"line":170,"column":3}}]},"20":{"loc":{"start":{"line":168,"column":4},"end":{"line":168,"column":59}},"type":"if","locations":[{"start":{"line":168,"column":4},"end":{"line":168,"column":59}}]},"21":{"loc":{"start":{"line":177,"column":2},"end":{"line":177,"column":35}},"type":"if","locations":[{"start":{"line":177,"column":2},"end":{"line":177,"column":35}}]},"22":{"loc":{"start":{"line":177,"column":6},"end":{"line":177,"column":26}},"type":"binary-expr","locations":[{"start":{"line":177,"column":6},"end":{"line":177,"column":15}},{"start":{"line":177,"column":19},"end":{"line":177,"column":26}}]},"23":{"loc":{"start":{"line":211,"column":4},"end":{"line":211,"column":46}},"type":"if","locations":[{"start":{"line":211,"column":4},"end":{"line":211,"column":46}}]},"24":{"loc":{"start":{"line":215,"column":6},"end":{"line":220,"column":7}},"type":"if","locations":[{"start":{"line":215,"column":6},"end":{"line":220,"column":7}}]},"25":{"loc":{"start":{"line":218,"column":20},"end":{"line":218,"column":75}},"type":"binary-expr","locations":[{"start":{"line":218,"column":21},"end":{"line":218,"column":61}},{"start":{"line":218,"column":66},"end":{"line":218,"column":75}}]}},"s":{"0":1,"1":1,"2":1,"3":1,"4":1,"5":1,"6":1,"7":1,"8":1,"9":1,"10":1,"11":0,"12":0,"13":0,"14":1,"15":1,"16":1,"17":1,"18":1,"19":1,"20":1,"21":1,"22":2,"23":2,"24":2,"25":1,"26":1,"27":15,"28":15,"29":15,"30":3,"31":12,"32":6,"33":3,"34":3,"35":3,"36":3,"37":3,"38":3,"39":3,"40":3,"41":3,"42":3,"43":3,"44":3,"45":4,"46":0,"47":4,"48":4,"49":4,"50":2,"51":1,"52":1,"53":1,"54":1,"55":0,"56":1,"57":0,"58":1,"59":0,"60":1,"61":1,"62":1,"63":0,"64":0,"65":0,"66":0,"67":0,"68":0,"69":0,"70":0,"71":0,"72":1,"73":1,"74":0,"75":1,"76":1,"77":1,"78":1,"79":1,"80":1,"81":1,"82":0,"83":1,"84":1,"85":2,"86":2,"87":2,"88":2,"89":2,"90":0,"91":0,"92":2,"93":2,"94":2,"95":2,"96":2,"97":2,"98":1,"99":1,"100":1,"101":0,"102":0,"103":0,"104":1,"105":1,"106":1,"107":1,"108":0,"109":2,"110":0,"111":0},"f":{"0":0,"1":2,"2":1,"3":15,"4":6,"5":3,"6":4,"7":4,"8":2,"9":0,"10":0,"11":1,"12":1,"13":2,"14":2,"15":0},"b":{"0":[0],"1":[0,0],"2":[0,0],"3":[3],"4":[12,6,0],"5":[3,0],"6":[3,0],"7":[3],"8":[3,3],"9":[0,3],"10":[0],"11":[1],"12":[0],"13":[0],"14":[0],"15":[1],"16":[0,0],"17":[0],"18":[0,0],"19":[0,1],"20":[1],"21":[0],"22":[1,1],"23":[1],"24":[0],"25":[0,0]}}
,"/Users/bruno.teixeira/Downloads/bsb_price_track/src/services/telegram.ts": {"path":"/Users/bruno.teixeira/Downloads/bsb_price_track/src/services/telegram.ts","statementMap":{"0":{"start":{"line":10,"column":0},"end":{"line":10,"column":7}},"1":{"start":{"line":21,"column":0},"end":{"line":21,"column":7}},"2":{"start":{"line":27,"column":0},"end":{"line":27,"column":7}},"3":{"start":{"line":48,"column":0},"end":{"line":48,"column":7}},"4":{"start":{"line":53,"column":0},"end":{"line":53,"column":7}},"5":{"start":{"line":78,"column":0},"end":{"line":78,"column":7}},"6":{"start":{"line":82,"column":0},"end":{"line":82,"column":7}},"7":{"start":{"line":87,"column":0},"end":{"line":87,"column":7}},"8":{"start":{"line":1,"column":0},"end":{"line":1,"column":26}},"9":{"start":{"line":2,"column":0},"end":{"line":2,"column":35}},"10":{"start":{"line":4,"column":0},"end":{"line":4,"column":39}},"11":{"start":{"line":6,"column":17},"end":{"line":6,"column":74}},"12":{"start":{"line":7,"column":19},"end":{"line":7,"column":25}},"13":{"start":{"line":11,"column":17},"end":{"line":11,"column":55}},"14":{"start":{"line":12,"column":2},"end":{"line":17,"column":30}},"15":{"start":{"line":22,"column":14},"end":{"line":22,"column":83}},"16":{"start":{"line":23,"column":2},"end":{"line":23,"column":65}},"17":{"start":{"line":28,"column":16},"end":{"line":28,"column":43}},"18":{"start":{"line":29,"column":16},"end":{"line":29,"column":101}},"19":{"start":{"line":31,"column":16},"end":{"line":43,"column":19}},"20":{"start":{"line":45,"column":2},"end":{"line":45,"column":52}},"21":{"start":{"line":50,"column":2},"end":{"line":50,"column":101}},"22":{"start":{"line":63,"column":2},"end":{"line":63,"column":26}},"23":{"start":{"line":63,"column":19},"end":{"line":63,"column":26}},"24":{"start":{"line":65,"column":16},"end":{"line":73,"column":4}},"25":{"start":{"line":75,"column":2},"end":{"line":75,"column":52}},"26":{"start":{"line":79,"column":2},"end":{"line":79,"column":80}},"27":{"start":{"line":84,"column":2},"end":{"line":84,"column":104}},"28":{"start":{"line":88,"column":16},"end":{"line":92,"column":4}},"29":{"start":{"line":94,"column":2},"end":{"line":107,"column":3}},"30":{"start":{"line":95,"column":23},"end":{"line":95,"column":81}},"31":{"start":{"line":96,"column":4},"end":{"line":96,"column":34}},"32":{"start":{"line":97,"column":4},"end":{"line":97,"column":102}},"33":{"start":{"line":98,"column":4},"end":{"line":98,"column":104}},"34":{"start":{"line":99,"column":4},"end":{"line":105,"column":5}},"35":{"start":{"line":100,"column":19},"end":{"line":100,"column":55}},"36":{"start":{"line":101,"column":18},"end":{"line":101,"column":50}},"37":{"start":{"line":102,"column":6},"end":{"line":102,"column":105}},"38":{"start":{"line":104,"column":6},"end":{"line":104,"column":67}},"39":{"start":{"line":106,"column":4},"end":{"line":106,"column":19}},"40":{"start":{"line":109,"column":2},"end":{"line":109,"column":60}},"41":{"start":{"line":110,"column":2},"end":{"line":110,"column":52}}},"fnMap":{"0":{"name":"sendMessage","decl":{"start":{"line":10,"column":22},"end":{"line":10,"column":33}},"loc":{"start":{"line":10,"column":78},"end":{"line":18,"column":1}}},"1":{"name":"sendHealthCheck","decl":{"start":{"line":21,"column":22},"end":{"line":21,"column":37}},"loc":{"start":{"line":21,"column":68},"end":{"line":24,"column":1}}},"2":{"name":"sendFlightAlert","decl":{"start":{"line":27,"column":22},"end":{"line":27,"column":37}},"loc":{"start":{"line":27,"column":107},"end":{"line":46,"column":1}}},"3":{"name":"sendSummary","decl":{"start":{"line":48,"column":22},"end":{"line":48,"column":33}},"loc":{"start":{"line":48,"column":118},"end":{"line":51,"column":1}}},"4":{"name":"sendDateRangeSummary","decl":{"start":{"line":53,"column":22},"end":{"line":53,"column":42}},"loc":{"start":{"line":61,"column":32},"end":{"line":76,"column":1}}},"5":{"name":"sendErrorAlert","decl":{"start":{"line":78,"column":22},"end":{"line":78,"column":36}},"loc":{"start":{"line":78,"column":99},"end":{"line":80,"column":1}}},"6":{"name":"sendAntiSpamNotice","decl":{"start":{"line":82,"column":22},"end":{"line":82,"column":40}},"loc":{"start":{"line":82,"column":121},"end":{"line":85,"column":1}}},"7":{"name":"sendWeeklyReport","decl":{"start":{"line":87,"column":22},"end":{"line":87,"column":38}},"loc":{"start":{"line":87,"column":87},"end":{"line":111,"column":1}}}},"branchMap":{"0":{"loc":{"start":{"line":11,"column":17},"end":{"line":11,"column":55}},"type":"binary-expr","locations":[{"start":{"line":11,"column":17},"end":{"line":11,"column":29}},{"start":{"line":11,"column":33},"end":{"line":11,"column":55}}]},"1":{"loc":{"start":{"line":27,"column":54},"end":{"line":27,"column":75}},"type":"default-arg","locations":[{"start":{"line":27,"column":70},"end":{"line":27,"column":75}}]},"2":{"loc":{"start":{"line":28,"column":16},"end":{"line":28,"column":43}},"type":"cond-expr","locations":[{"start":{"line":28,"column":32},"end":{"line":28,"column":36}},{"start":{"line":28,"column":39},"end":{"line":28,"column":43}}]},"3":{"loc":{"start":{"line":29,"column":16},"end":{"line":29,"column":101}},"type":"cond-expr","locations":[{"start":{"line":29,"column":32},"end":{"line":29,"column":67}},{"start":{"line":29,"column":70},"end":{"line":29,"column":101}}]},"4":{"loc":{"start":{"line":35,"column":11},"end":{"line":35,"column":81}},"type":"cond-expr","locations":[{"start":{"line":35,"column":46},"end":{"line":35,"column":62}},{"start":{"line":35,"column":65},"end":{"line":35,"column":81}}]},"5":{"loc":{"start":{"line":37,"column":4},"end":{"line":37,"column":61}},"type":"cond-expr","locations":[{"start":{"line":37,"column":24},"end":{"line":37,"column":56}},{"start":{"line":37,"column":59},"end":{"line":37,"column":61}}]},"6":{"loc":{"start":{"line":38,"column":4},"end":{"line":38,"column":48}},"type":"cond-expr","locations":[{"start":{"line":38,"column":21},"end":{"line":38,"column":43}},{"start":{"line":38,"column":46},"end":{"line":38,"column":48}}]},"7":{"loc":{"start":{"line":63,"column":2},"end":{"line":63,"column":26}},"type":"if","locations":[{"start":{"line":63,"column":2},"end":{"line":63,"column":26}}]},"8":{"loc":{"start":{"line":66,"column":23},"end":{"line":66,"column":86}},"type":"cond-expr","locations":[{"start":{"line":66,"column":51},"end":{"line":66,"column":67}},{"start":{"line":66,"column":70},"end":{"line":66,"column":86}}]},"9":{"loc":{"start":{"line":70,"column":4},"end":{"line":72,"column":131}},"type":"cond-expr","locations":[{"start":{"line":71,"column":8},"end":{"line":71,"column":92}},{"start":{"line":72,"column":8},"end":{"line":72,"column":131}}]},"10":{"loc":{"start":{"line":95,"column":23},"end":{"line":95,"column":81}},"type":"cond-expr","locations":[{"start":{"line":95,"column":44},"end":{"line":95,"column":48}},{"start":{"line":95,"column":51},"end":{"line":95,"column":81}}]},"11":{"loc":{"start":{"line":95,"column":51},"end":{"line":95,"column":81}},"type":"cond-expr","locations":[{"start":{"line":95,"column":70},"end":{"line":95,"column":74}},{"start":{"line":95,"column":77},"end":{"line":95,"column":81}}]},"12":{"loc":{"start":{"line":97,"column":38},"end":{"line":97,"column":98}},"type":"cond-expr","locations":[{"start":{"line":97,"column":57},"end":{"line":97,"column":84}},{"start":{"line":97,"column":87},"end":{"line":97,"column":98}}]},"13":{"loc":{"start":{"line":98,"column":38},"end":{"line":98,"column":100}},"type":"cond-expr","locations":[{"start":{"line":98,"column":58},"end":{"line":98,"column":86}},{"start":{"line":98,"column":89},"end":{"line":98,"column":100}}]},"14":{"loc":{"start":{"line":99,"column":4},"end":{"line":105,"column":5}},"type":"if","locations":[{"start":{"line":99,"column":4},"end":{"line":105,"column":5}},{"start":{"line":103,"column":11},"end":{"line":105,"column":5}}]},"15":{"loc":{"start":{"line":99,"column":8},"end":{"line":99,"column":45}},"type":"binary-expr","locations":[{"start":{"line":99,"column":8},"end":{"line":99,"column":24}},{"start":{"line":99,"column":28},"end":{"line":99,"column":45}}]},"16":{"loc":{"start":{"line":102,"column":44},"end":{"line":102,"column":62}},"type":"cond-expr","locations":[{"start":{"line":102,"column":54},"end":{"line":102,"column":57}},{"start":{"line":102,"column":60},"end":{"line":102,"column":62}}]}},"s":{"0":1,"1":1,"2":1,"3":1,"4":1,"5":1,"6":1,"7":1,"8":1,"9":1,"10":1,"11":1,"12":1,"13":4,"14":4,"15":0,"16":0,"17":2,"18":2,"19":2,"20":2,"21":1,"22":1,"23":0,"24":1,"25":1,"26":1,"27":0,"28":0,"29":0,"30":0,"31":0,"32":0,"33":0,"34":0,"35":0,"36":0,"37":0,"38":0,"39":0,"40":0,"41":0},"f":{"0":4,"1":0,"2":2,"3":1,"4":1,"5":1,"6":0,"7":0},"b":{"0":[4,4],"1":[1],"2":[1,1],"3":[1,1],"4":[0,2],"5":[0,2],"6":[0,2],"7":[0],"8":[0,1],"9":[1,0],"10":[0,0],"11":[0,0],"12":[0,0],"13":[0,0],"14":[0,0],"15":[0,0],"16":[0,0]}}
,"/Users/bruno.teixeira/Downloads/bsb_price_track/src/services/tracker.ts": {"path":"/Users/bruno.teixeira/Downloads/bsb_price_track/src/services/tracker.ts","statementMap":{"0":{"start":{"line":11,"column":0},"end":{"line":11,"column":7}},"1":{"start":{"line":1,"column":0},"end":{"line":1,"column":35}},"2":{"start":{"line":3,"column":0},"end":{"line":3,"column":48}},"3":{"start":{"line":4,"column":0},"end":{"line":4,"column":54}},"4":{"start":{"line":5,"column":0},"end":{"line":5,"column":83}},"5":{"start":{"line":6,"column":0},"end":{"line":6,"column":64}},"6":{"start":{"line":7,"column":0},"end":{"line":7,"column":43}},"7":{"start":{"line":8,"column":0},"end":{"line":8,"column":55}},"8":{"start":{"line":12,"column":2},"end":{"line":12,"column":62}},"9":{"start":{"line":15,"column":21},"end":{"line":15,"column":47}},"10":{"start":{"line":16,"column":2},"end":{"line":16,"column":90}},"11":{"start":{"line":19,"column":32},"end":{"line":19,"column":47}},"12":{"start":{"line":22,"column":2},"end":{"line":36,"column":3}},"13":{"start":{"line":23,"column":4},"end":{"line":35,"column":5}},"14":{"start":{"line":24,"column":6},"end":{"line":24,"column":43}},"15":{"start":{"line":24,"column":34},"end":{"line":24,"column":43}},"16":{"start":{"line":25,"column":6},"end":{"line":34,"column":9}},"17":{"start":{"line":41,"column":2},"end":{"line":47,"column":3}},"18":{"start":{"line":42,"column":4},"end":{"line":46,"column":5}},"19":{"start":{"line":43,"column":6},"end":{"line":43,"column":32}},"20":{"start":{"line":45,"column":6},"end":{"line":45,"column":91}},"21":{"start":{"line":49,"column":2},"end":{"line":49,"column":61}},"22":{"start":{"line":53,"column":31},"end":{"line":59,"column":4}},"23":{"start":{"line":61,"column":16},"end":{"line":61,"column":54}},"24":{"start":{"line":62,"column":2},"end":{"line":62,"column":112}},"25":{"start":{"line":64,"column":26},"end":{"line":64,"column":28}},"26":{"start":{"line":65,"column":2},"end":{"line":70,"column":3}},"27":{"start":{"line":66,"column":4},"end":{"line":66,"column":41}},"28":{"start":{"line":68,"column":4},"end":{"line":68,"column":80}},"29":{"start":{"line":69,"column":4},"end":{"line":69,"column":11}},"30":{"start":{"line":73,"column":2},"end":{"line":73,"column":42}},"31":{"start":{"line":75,"column":26},"end":{"line":75,"column":95}},"32":{"start":{"line":75,"column":76},"end":{"line":75,"column":86}},"33":{"start":{"line":77,"column":2},"end":{"line":92,"column":5}},"34":{"start":{"line":85,"column":31},"end":{"line":91,"column":6}},"35":{"start":{"line":94,"column":2},"end":{"line":104,"column":3}},"36":{"start":{"line":96,"column":22},"end":{"line":96,"column":103}},"37":{"start":{"line":100,"column":4},"end":{"line":103,"column":5}},"38":{"start":{"line":101,"column":25},"end":{"line":101,"column":74}},"39":{"start":{"line":101,"column":47},"end":{"line":101,"column":70}},"40":{"start":{"line":102,"column":6},"end":{"line":102,"column":62}},"41":{"start":{"line":108,"column":2},"end":{"line":116,"column":3}},"42":{"start":{"line":109,"column":4},"end":{"line":113,"column":6}},"43":{"start":{"line":110,"column":12},"end":{"line":110,"column":35}},"44":{"start":{"line":115,"column":4},"end":{"line":115,"column":44}},"45":{"start":{"line":120,"column":60},"end":{"line":120,"column":74}},"46":{"start":{"line":121,"column":17},"end":{"line":121,"column":24}},"47":{"start":{"line":123,"column":2},"end":{"line":125,"column":3}},"48":{"start":{"line":124,"column":4},"end":{"line":124,"column":102}},"49":{"start":{"line":124,"column":36},"end":{"line":124,"column":100}},"50":{"start":{"line":124,"column":77},"end":{"line":124,"column":99}},"51":{"start":{"line":126,"column":2},"end":{"line":128,"column":3}},"52":{"start":{"line":127,"column":4},"end":{"line":127,"column":82}},"53":{"start":{"line":127,"column":36},"end":{"line":127,"column":80}},"54":{"start":{"line":129,"column":2},"end":{"line":131,"column":3}},"55":{"start":{"line":130,"column":4},"end":{"line":130,"column":117}},"56":{"start":{"line":130,"column":36},"end":{"line":130,"column":115}},"57":{"start":{"line":132,"column":2},"end":{"line":132,"column":18}}},"fnMap":{"0":{"name":"runTracker","decl":{"start":{"line":11,"column":22},"end":{"line":11,"column":32}},"loc":{"start":{"line":11,"column":32},"end":{"line":50,"column":1}}},"1":{"name":"processAlert","decl":{"start":{"line":52,"column":15},"end":{"line":52,"column":27}},"loc":{"start":{"line":52,"column":44},"end":{"line":105,"column":1}}},"2":{"name":"(anonymous_2)","decl":{"start":{"line":75,"column":71},"end":{"line":75,"column":72}},"loc":{"start":{"line":75,"column":76},"end":{"line":75,"column":86}}},"3":{"name":"(anonymous_3)","decl":{"start":{"line":85,"column":25},"end":{"line":85,"column":26}},"loc":{"start":{"line":85,"column":31},"end":{"line":91,"column":6}}},"4":{"name":"(anonymous_4)","decl":{"start":{"line":101,"column":38},"end":{"line":101,"column":39}},"loc":{"start":{"line":101,"column":47},"end":{"line":101,"column":70}}},"5":{"name":"fetchFlights","decl":{"start":{"line":107,"column":15},"end":{"line":107,"column":27}},"loc":{"start":{"line":107,"column":48},"end":{"line":117,"column":1}}},"6":{"name":"(anonymous_6)","decl":{"start":{"line":110,"column":6},"end":{"line":110,"column":9}},"loc":{"start":{"line":110,"column":12},"end":{"line":110,"column":35}}},"7":{"name":"applyAdvancedFilters","decl":{"start":{"line":119,"column":9},"end":{"line":119,"column":29}},"loc":{"start":{"line":119,"column":47},"end":{"line":133,"column":1}}},"8":{"name":"(anonymous_8)","decl":{"start":{"line":124,"column":31},"end":{"line":124,"column":32}},"loc":{"start":{"line":124,"column":36},"end":{"line":124,"column":100}}},"9":{"name":"(anonymous_9)","decl":{"start":{"line":124,"column":72},"end":{"line":124,"column":73}},"loc":{"start":{"line":124,"column":77},"end":{"line":124,"column":99}}},"10":{"name":"(anonymous_10)","decl":{"start":{"line":127,"column":31},"end":{"line":127,"column":32}},"loc":{"start":{"line":127,"column":36},"end":{"line":127,"column":80}}},"11":{"name":"(anonymous_11)","decl":{"start":{"line":130,"column":31},"end":{"line":130,"column":32}},"loc":{"start":{"line":130,"column":36},"end":{"line":130,"column":115}}}},"branchMap":{"0":{"loc":{"start":{"line":24,"column":6},"end":{"line":24,"column":43}},"type":"if","locations":[{"start":{"line":24,"column":6},"end":{"line":24,"column":43}}]},"1":{"loc":{"start":{"line":75,"column":26},"end":{"line":75,"column":95}},"type":"cond-expr","locations":[{"start":{"line":75,"column":47},"end":{"line":75,"column":88}},{"start":{"line":75,"column":91},"end":{"line":75,"column":95}}]},"2":{"loc":{"start":{"line":94,"column":2},"end":{"line":104,"column":3}},"type":"if","locations":[{"start":{"line":94,"column":2},"end":{"line":104,"column":3}}]},"3":{"loc":{"start":{"line":94,"column":6},"end":{"line":94,"column":63}},"type":"binary-expr","locations":[{"start":{"line":94,"column":6},"end":{"line":94,"column":21}},{"start":{"line":94,"column":25},"end":{"line":94,"column":63}}]},"4":{"loc":{"start":{"line":100,"column":4},"end":{"line":103,"column":5}},"type":"if","locations":[{"start":{"line":100,"column":4},"end":{"line":103,"column":5}}]},"5":{"loc":{"start":{"line":100,"column":8},"end":{"line":100,"column":85}},"type":"binary-expr","locations":[{"start":{"line":100,"column":8},"end":{"line":100,"column":18}},{"start":{"line":100,"column":22},"end":{"line":100,"column":85}}]},"6":{"loc":{"start":{"line":123,"column":2},"end":{"line":125,"column":3}},"type":"if","locations":[{"start":{"line":123,"column":2},"end":{"line":125,"column":3}}]},"7":{"loc":{"start":{"line":124,"column":36},"end":{"line":124,"column":100}},"type":"binary-expr","locations":[{"start":{"line":124,"column":36},"end":{"line":124,"column":45}},{"start":{"line":124,"column":49},"end":{"line":124,"column":100}}]},"8":{"loc":{"start":{"line":126,"column":2},"end":{"line":128,"column":3}},"type":"if","locations":[{"start":{"line":126,"column":2},"end":{"line":128,"column":3}}]},"9":{"loc":{"start":{"line":127,"column":36},"end":{"line":127,"column":80}},"type":"binary-expr","locations":[{"start":{"line":127,"column":36},"end":{"line":127,"column":57}},{"start":{"line":127,"column":61},"end":{"line":127,"column":80}}]},"10":{"loc":{"start":{"line":129,"column":2},"end":{"line":131,"column":3}},"type":"if","locations":[{"start":{"line":129,"column":2},"end":{"line":131,"column":3}}]},"11":{"loc":{"start":{"line":130,"column":36},"end":{"line":130,"column":115}},"type":"binary-expr","locations":[{"start":{"line":130,"column":36},"end":{"line":130,"column":67}},{"start":{"line":130,"column":71},"end":{"line":130,"column":115}}]}},"s":{"0":1,"1":1,"2":1,"3":1,"4":1,"5":1,"6":1,"7":1,"8":2,"9":2,"10":2,"11":2,"12":2,"13":2,"14":2,"15":0,"16":2,"17":2,"18":3,"19":3,"20":0,"21":2,"22":3,"23":3,"24":3,"25":3,"26":3,"27":3,"28":0,"29":0,"30":3,"31":3,"32":3,"33":3,"34":3,"35":3,"36":2,"37":2,"38":2,"39":0,"40":2,"41":3,"42":3,"43":3,"44":0,"45":3,"46":3,"47":3,"48":0,"49":0,"50":0,"51":3,"52":0,"53":0,"54":3,"55":0,"56":0,"57":3},"f":{"0":2,"1":3,"2":3,"3":3,"4":0,"5":3,"6":3,"7":3,"8":0,"9":0,"10":0,"11":0},"b":{"0":[0],"1":[3,0],"2":[2],"3":[3,3],"4":[2],"5":[2,0],"6":[0],"7":[0,0],"8":[0],"9":[0,0],"10":[0],"11":[0,0]}}
,"/Users/bruno.teixeira/Downloads/bsb_price_track/src/services/user.ts": {"path":"/Users/bruno.teixeira/Downloads/bsb_price_track/src/services/user.ts","statementMap":{"0":{"start":{"line":32,"column":0},"end":{"line":32,"column":7}},"1":{"start":{"line":45,"column":0},"end":{"line":45,"column":7}},"2":{"start":{"line":62,"column":0},"end":{"line":62,"column":7}},"3":{"start":{"line":73,"column":0},"end":{"line":73,"column":7}},"4":{"start":{"line":82,"column":0},"end":{"line":82,"column":7}},"5":{"start":{"line":91,"column":0},"end":{"line":91,"column":7}},"6":{"start":{"line":111,"column":0},"end":{"line":111,"column":7}},"7":{"start":{"line":131,"column":0},"end":{"line":131,"column":7}},"8":{"start":{"line":141,"column":0},"end":{"line":141,"column":7}},"9":{"start":{"line":151,"column":0},"end":{"line":151,"column":7}},"10":{"start":{"line":1,"column":0},"end":{"line":1,"column":29}},"11":{"start":{"line":33,"column":13},"end":{"line":33,"column":20}},"12":{"start":{"line":34,"column":2},"end":{"line":41,"column":5}},"13":{"start":{"line":46,"column":13},"end":{"line":46,"column":20}},"14":{"start":{"line":47,"column":17},"end":{"line":50,"column":4}},"15":{"start":{"line":51,"column":14},"end":{"line":51,"column":28}},"16":{"start":{"line":52,"column":2},"end":{"line":52,"column":24}},"17":{"start":{"line":52,"column":12},"end":{"line":52,"column":24}},"18":{"start":{"line":53,"column":2},"end":{"line":58,"column":4}},"19":{"start":{"line":63,"column":13},"end":{"line":63,"column":20}},"20":{"start":{"line":64,"column":17},"end":{"line":67,"column":4}},"21":{"start":{"line":68,"column":14},"end":{"line":68,"column":28}},"22":{"start":{"line":69,"column":2},"end":{"line":69,"column":55}},"23":{"start":{"line":74,"column":13},"end":{"line":74,"column":20}},"24":{"start":{"line":75,"column":2},"end":{"line":78,"column":5}},"25":{"start":{"line":83,"column":13},"end":{"line":83,"column":20}},"26":{"start":{"line":84,"column":2},"end":{"line":87,"column":5}},"27":{"start":{"line":92,"column":13},"end":{"line":92,"column":20}},"28":{"start":{"line":93,"column":17},"end":{"line":106,"column":4}},"29":{"start":{"line":107,"column":2},"end":{"line":107,"column":40}},"30":{"start":{"line":112,"column":13},"end":{"line":112,"column":20}},"31":{"start":{"line":113,"column":17},"end":{"line":116,"column":4}},"32":{"start":{"line":117,"column":2},"end":{"line":127,"column":6}},"33":{"start":{"line":117,"column":33},"end":{"line":127,"column":4}},"34":{"start":{"line":132,"column":13},"end":{"line":132,"column":20}},"35":{"start":{"line":133,"column":17},"end":{"line":136,"column":4}},"36":{"start":{"line":137,"column":2},"end":{"line":137,"column":41}},"37":{"start":{"line":142,"column":13},"end":{"line":142,"column":20}},"38":{"start":{"line":143,"column":17},"end":{"line":146,"column":4}},"39":{"start":{"line":147,"column":2},"end":{"line":147,"column":41}},"40":{"start":{"line":152,"column":13},"end":{"line":152,"column":20}},"41":{"start":{"line":154,"column":17},"end":{"line":158,"column":4}},"42":{"start":{"line":159,"column":2},"end":{"line":169,"column":6}},"43":{"start":{"line":159,"column":33},"end":{"line":169,"column":4}}},"fnMap":{"0":{"name":"saveUser","decl":{"start":{"line":32,"column":22},"end":{"line":32,"column":30}},"loc":{"start":{"line":32,"column":84},"end":{"line":42,"column":1}}},"1":{"name":"getUserInfo","decl":{"start":{"line":45,"column":22},"end":{"line":45,"column":33}},"loc":{"start":{"line":45,"column":48},"end":{"line":59,"column":1}}},"2":{"name":"isUserAuthorized","decl":{"start":{"line":62,"column":22},"end":{"line":62,"column":38}},"loc":{"start":{"line":62,"column":53},"end":{"line":70,"column":1}}},"3":{"name":"authorizeUser","decl":{"start":{"line":73,"column":22},"end":{"line":73,"column":35}},"loc":{"start":{"line":73,"column":50},"end":{"line":79,"column":1}}},"4":{"name":"rejectUser","decl":{"start":{"line":82,"column":22},"end":{"line":82,"column":32}},"loc":{"start":{"line":82,"column":47},"end":{"line":88,"column":1}}},"5":{"name":"addAlert","decl":{"start":{"line":91,"column":22},"end":{"line":91,"column":30}},"loc":{"start":{"
[...]
44,"column":93}},"type":"if","locations":[{"start":{"line":244,"column":2},"end":{"line":244,"column":93}}]},"23":{"loc":{"start":{"line":254,"column":15},"end":{"line":254,"column":53}},"type":"cond-expr","locations":[{"start":{"line":254,"column":29},"end":{"line":254,"column":41}},{"start":{"line":254,"column":44},"end":{"line":254,"column":53}}]},"24":{"loc":{"start":{"line":263,"column":31},"end":{"line":263,"column":76}},"type":"cond-expr","locations":[{"start":{"line":263,"column":44},"end":{"line":263,"column":71}},{"start":{"line":263,"column":74},"end":{"line":263,"column":76}}]},"25":{"loc":{"start":{"line":270,"column":2},"end":{"line":273,"column":3}},"type":"if","locations":[{"start":{"line":270,"column":2},"end":{"line":273,"column":3}}]},"26":{"loc":{"start":{"line":278,"column":40},"end":{"line":278,"column":89}},"type":"cond-expr","locations":[{"start":{"line":278,"column":56},"end":{"line":278,"column":84}},{"start":{"line":278,"column":87},"end":{"line":278,"column":89}}]},"27":{"loc":{"start":{"line":288,"column":2},"end":{"line":291,"column":3}},"type":"if","locations":[{"start":{"line":288,"column":2},"end":{"line":291,"column":3}}]},"28":{"loc":{"start":{"line":296,"column":2},"end":{"line":299,"column":3}},"type":"if","locations":[{"start":{"line":296,"column":2},"end":{"line":299,"column":3}}]},"29":{"loc":{"start":{"line":296,"column":6},"end":{"line":296,"column":34}},"type":"binary-expr","locations":[{"start":{"line":296,"column":6},"end":{"line":296,"column":15}},{"start":{"line":296,"column":19},"end":{"line":296,"column":34}}]},"30":{"loc":{"start":{"line":304,"column":4},"end":{"line":306,"column":57}},"type":"cond-expr","locations":[{"start":{"line":305,"column":8},"end":{"line":305,"column":68}},{"start":{"line":306,"column":8},"end":{"line":306,"column":57}}]},"31":{"loc":{"start":{"line":314,"column":2},"end":{"line":323,"column":3}},"type":"if","locations":[{"start":{"line":314,"column":2},"end":{"line":323,"column":3}}]},"32":{"loc":{"start":{"line":320,"column":6},"end":{"line":320,"column":19}},"type":"binary-expr","locations":[{"start":{"line":320,"column":6},"end":{"line":320,"column":13}},{"start":{"line":320,"column":17},"end":{"line":320,"column":19}}]},"33":{"loc":{"start":{"line":326,"column":2},"end":{"line":326,"column":25}},"type":"if","locations":[{"start":{"line":326,"column":2},"end":{"line":326,"column":25}}]},"34":{"loc":{"start":{"line":329,"column":2},"end":{"line":329,"column":42}},"type":"if","locations":[{"start":{"line":329,"column":2},"end":{"line":329,"column":42}}]},"35":{"loc":{"start":{"line":340,"column":2},"end":{"line":343,"column":3}},"type":"if","locations":[{"start":{"line":340,"column":2},"end":{"line":343,"column":3}}]},"36":{"loc":{"start":{"line":347,"column":2},"end":{"line":350,"column":3}},"type":"if","locations":[{"start":{"line":347,"column":2},"end":{"line":350,"column":3}}]},"37":{"loc":{"start":{"line":353,"column":4},"end":{"line":375,"column":5}},"type":"if","locations":[{"start":{"line":353,"column":4},"end":{"line":375,"column":5}},{"start":{"line":355,"column":11},"end":{"line":375,"column":5}}]},"38":{"loc":{"start":{"line":355,"column":11},"end":{"line":375,"column":5}},"type":"if","locations":[{"start":{"line":355,"column":11},"end":{"line":375,"column":5}},{"start":{"line":357,"column":11},"end":{"line":375,"column":5}}]},"39":{"loc":{"start":{"line":357,"column":11},"end":{"line":375,"column":5}},"type":"if","locations":[{"start":{"line":357,"column":11},"end":{"line":375,"column":5}},{"start":{"line":365,"column":11},"end":{"line":375,"column":5}}]},"40":{"loc":{"start":{"line":359,"column":6},"end":{"line":364,"column":7}},"type":"if","locations":[{"start":{"line":359,"column":6},"end":{"line":364,"column":7}},{"start":{"line":361,"column":13},"end":{"line":364,"column":7}}]},"41":{"loc":{"start":{"line":363,"column":32},"end":{"line":363,"column":131}},"type":"cond-expr","locations":[{"start":{"line":363,"column":37},"end":{"line":363,"column":79}},{"start":{"line":363,"column":82},"end":{"line":363,"column":131}}]},"42":{"loc":{"start":{"line":365,"column":11},"end":{"line":375,"column":5}},"type":"if","locations":[{"start":{"line":365,"column":11},"end":{"line":375,"column":5}},{"start":{"line":367,"column":11},"end":{"line":375,"column":5}}]},"43":{"loc":{"start":{"line":367,"column":11},"end":{"line":375,"column":5}},"type":"if","locations":[{"start":{"line":367,"column":11},"end":{"line":375,"column":5}},{"start":{"line":369,"column":11},"end":{"line":375,"column":5}}]},"44":{"loc":{"start":{"line":369,"column":11},"end":{"line":375,"column":5}},"type":"if","locations":[{"start":{"line":369,"column":11},"end":{"line":375,"column":5}},{"start":{"line":372,"column":11},"end":{"line":375,"column":5}}]},"45":{"loc":{"start":{"line":372,"column":11},"end":{"line":375,"column":5}},"type":"if","locations":[{"start":{"line":372,"column":11},"end":{"line":375,"column":5}}]}},"s":{"0":1,"1":1,"2":1,"3":1,"4":1,"5":1,"6":1,"7":1,"8":1,"9":1,"10":1,"11":1,"12":1,"13":11,"14":11,"15":0,"16":1,"17":1,"18":1,"19":0,"20":0,"21":4,"22":4,"23":2,"24":2,"25":1,"26":1,"27":1,"28":1,"29":5,"30":5,"31":5,"32":5,"33":1,"34":1,"35":1,"36":1,"37":4,"38":1,"39":1,"40":3,"41":1,"42":1,"43":2,"44":2,"45":1,"46":4,"47":1,"48":1,"49":3,"50":3,"51":3,"52":3,"53":1,"54":1,"55":2,"56":1,"57":1,"58":1,"59":1,"60":1,"61":1,"62":1,"63":1,"64":1,"65":1,"66":0,"67":0,"68":0,"69":0,"70":0,"71":1,"72":0,"73":0,"74":1,"75":1,"76":1,"77":1,"78":1,"79":1,"80":1,"81":1,"82":1,"83":0,"84":1,"85":1,"86":1,"87":0,"88":0,"89":0,"90":0,"91":0,"92":0,"93":0,"94":0,"95":0,"96":0,"97":0,"98":0,"99":1,"100":0,"101":0,"102":1,"103":1,"104":1,"105":0,"106":0,"107":1,"108":1,"109":15,"110":4,"111":4,"112":4,"113":11,"114":11,"115":0,"116":11,"117":2,"118":9,"119":9,"120":9,"121":9,"122":9,"123":9,"124":9,"125":5,"126":5,"127":4,"128":4,"129":1,"130":1,"131":3,"132":3,"133":1,"134":2,"135":0,"136":2,"137":1,"138":1,"139":0,"140":1,"141":1,"142":1,"143":1,"144":0,"145":0,"146":0,"147":0,"148":0,"149":0,"150":0,"151":0,"152":0,"153":0,"154":0,"155":0,"156":0,"157":0,"158":0,"159":0,"160":0,"161":0,"162":0,"163":0,"164":0,"165":0,"166":0},"f":{"0":11,"1":1,"2":4,"3":2,"4":1,"5":5,"6":4,"7":0,"8":1,"9":0,"10":1,"11":15,"12":0,"13":0,"14":0,"15":0,"16":0,"17":0},"b":{"0":[1,1],"1":[0,0],"2":[1,0],"3":[0,0],"4":[4,0],"5":[1,0],"6":[1,0],"7":[1],"8":[1],"9":[1],"10":[1],"11":[1],"12":[1],"13":[3,3,2],"14":[1,1],"15":[1],"16":[1],"17":[0],"18":[0],"19":[0,1],"20":[0,1],"21":[1],"22":[0],"23":[0,1],"24":[0,1],"25":[0],"26":[0,0],"27":[0],"28":[0],"29":[1,1],"30":[1,0],"31":[4],"32":[4,0],"33":[0],"34":[2],"35":[5],"36":[1],"37":[1,2],"38":[0,2],"39":[1,1],"40":[0,1],"41":[1,0],"42":[1,0],"43":[0,0],"44":[0,0],"45":[0]}}
,"/Users/bruno.teixeira/Downloads/bsb_price_track/src/services/webhook_legacy.ts": {"path":"/Users/bruno.teixeira/Downloads/bsb_price_track/src/services/webhook_legacy.ts","statementMap":{"0":{"start":{"line":9,"column":0},"end":{"line":9,"column":7}},"1":{"start":{"line":1,"column":0},"end":{"line":1,"column":35}},"2":{"start":{"line":3,"column":0},"end":{"line":3,"column":48}},"3":{"start":{"line":4,"column":0},"end":{"line":4,"column":54}},"4":{"start":{"line":6,"column":0},"end":{"line":6,"column":39}},"5":{"start":{"line":7,"column":0},"end":{"line":7,"column":38}},"6":{"start":{"line":10,"column":2},"end":{"line":13,"column":3}},"7":{"start":{"line":11,"column":4},"end":{"line":11,"column":76}},"8":{"start":{"line":12,"column":4},"end":{"line":12,"column":11}},"9":{"start":{"line":15,"column":15},"end":{"line":15,"column":40}},"10":{"start":{"line":16,"column":2},"end":{"line":16,"column":92}},"11":{"start":{"line":18,"column":31},"end":{"line":24,"column":4}},"12":{"start":{"line":27,"column":2},"end":{"line":36,"column":3}},"13":{"start":{"line":28,"column":4},"end":{"line":28,"column":44}},"14":{"start":{"line":30,"column":4},"end":{"line":35,"column":5}},"15":{"start":{"line":31,"column":6},"end":{"line":31,"column":49}},"16":{"start":{"line":33,"column":6},"end":{"line":33,"column":91}},"17":{"start":{"line":34,"column":6},"end":{"line":34,"column":13}},"18":{"start":{"line":38,"column":2},"end":{"line":41,"column":3}},"19":{"start":{"line":39,"column":4},"end":{"line":39,"column":96}},"20":{"start":{"line":40,"column":4},"end":{"line":40,"column":11}},"21":{"start":{"line":43,"column":17},"end":{"line":43,"column":81}},"22":{"start":{"line":43,"column":45},"end":{"line":43,"column":68}},"23":{"start":{"line":44,"column":16},"end":{"line":47,"column":4}},"24":{"start":{"line":49,"column":2},"end":{"line":51,"column":3}},"25":{"start":{"line":50,"column":4},"end":{"line":50,"column":82}},"26":{"start":{"line":53,"column":2},"end":{"line":53,"column":44}}},"fnMap":{"0":{"name":"handleBuscar","decl":{"start":{"line":9,"column":22},"end":{"line":9,"column":34}},"loc":{"start":{"line":9,"column":70},"end":{"line":54,"column":1}}},"1":{"name":"(anonymous_1)","decl":{"start":{"line":43,"column":35},"end":{"line":43,"column":36}},"loc":{"start":{"line":43,"column":45},"end":{"line":43,"column":68}}}},"branchMap":{"0":{"loc":{"start":{"line":10,"column":2},"end":{"line":13,"column":3}},"type":"if","locations":[{"start":{"line":10,"column":2},"end":{"line":13,"column":3}}]},"1":{"loc":{"start":{"line":38,"column":2},"end":{"line":41,"column":3}},"type":"if","locations":[{"start":{"line":38,"column":2},"end":{"line":41,"column":3}}]},"2":{"loc":{"start":{"line":50,"column":44},"end":{"line":50,"column":78}},"type":"cond-expr","locations":[{"start":{"line":50,"column":56},"end":{"line":50,"column":73}},{"start":{"line":50,"column":76},"end":{"line":50,"column":78}}]}},"s":{"0":0,"1":0,"2":0,"3":0,"4":0,"5":0,"6":0,"7":0,"8":0,"9":0,"10":0,"11":0,"12":0,"13":0,"14":0,"15":0,"16":0,"17":0,"18":0,"19":0,"20":0,"21":0,"22":0,"23":0,"24":0,"25":0,"26":0},"f":{"0":0,"1":0},"b":{"0":[0],"1":[0],"2":[0,0]}}
,"/Users/bruno.teixeira/Downloads/bsb_price_track/src/services/weeklyReport.ts": {"path":"/Users/bruno.teixeira/Downloads/bsb_price_track/src/services/weeklyReport.ts","statementMap":{"0":{"start":{"line":4,"column":0},"end":{"line":4,"column":16}},"1":{"start":{"line":8,"column":0},"end":{"line":8,"column":7}},"2":{"start":{"line":1,"column":0},"end":{"line":1,"column":45}},"3":{"start":{"line":2,"column":0},"end":{"line":2,"column":46}},"4":{"start":{"line":5,"column":2},"end":{"line":5,"column":29}},"5":{"start":{"line":9,"column":2},"end":{"line":9,"column":61}},"6":{"start":{"line":10,"column":20},"end":{"line":10,"column":44}},"7":{"start":{"line":11,"column":2},"end":{"line":11,"column":88}},"8":{"start":{"line":12,"column":2},"end":{"line":12,"column":36}},"9":{"start":{"line":13,"column":2},"end":{"line":13,"column":61}}},"fnMap":{"0":{"name":"isSunday","decl":{"start":{"line":4,"column":16},"end":{"line":4,"column":24}},"loc":{"start":{"line":4,"column":48},"end":{"line":6,"column":1}}},"1":{"name":"runWeeklyReport","decl":{"start":{"line":8,"column":22},"end":{"line":8,"column":37}},"loc":{"start":{"line":8,"column":37},"end":{"line":14,"column":1}}}},"branchMap":{"0":{"loc":{"start":{"line":4,"column":25},"end":{"line":4,"column":48}},"type":"default-arg","locations":[{"start":{"line":4,"column":38},"end":{"line":4,"column":48}}]}},"s":{"0":1,"1":1,"2":1,"3":1,"4":3,"5":2,"6":2,"7":2,"8":2,"9":2},"f":{"0":3,"1":2},"b":{"0":[0]}}
,"/Users/bruno.teixeira/Downloads/bsb_price_track/src/utils/dates.ts": {"path":"/Users/bruno.teixeira/Downloads/bsb_price_track/src/utils/dates.ts","statementMap":{"0":{"start":{"line":1,"column":0},"end":{"line":1,"column":16}},"1":{"start":{"line":2,"column":26},"end":{"line":2,"column":28}},"2":{"start":{"line":3,"column":15},"end":{"line":3,"column":44}},"3":{"start":{"line":4,"column":2},"end":{"line":8,"column":3}},"4":{"start":{"line":4,"column":15},"end":{"line":4,"column":16}},"5":{"start":{"line":5,"column":14},"end":{"line":5,"column":28}},"6":{"start":{"line":6,"column":4},"end":{"line":6,"column":37}},"7":{"start":{"line":7,"column":4},"end":{"line":7,"column":46}},"8":{"start":{"line":9,"column":2},"end":{"line":9,"column":15}}},"fnMap":{"0":{"name":"generateDateRange","decl":{"start":{"line":1,"column":16},"end":{"line":1,"column":33}},"loc":{"start":{"line":1,"column":60},"end":{"line":10,"column":1}}}},"branchMap":{},"s":{"0":1,"1":6,"2":6,"3":6,"4":6,"5":41,"6":41,"7":41,"8":6},"f":{"0":6},"b":{}}
,"/Users/bruno.teixeira/Downloads/bsb_price_track/src/utils/priceHistory.ts": {"path":"/Users/bruno.teixeira/Downloads/bsb_price_track/src/utils/priceHistory.ts","statementMap":{"0":{"start":{"line":14,"column":0},"end":{"line":14,"column":16}},"1":{"start":{"line":67,"column":0},"end":{"line":67,"column":16}},"2":{"start":{"line":19,"column":19},"end":{"line":19,"column":53}},"3":{"start":{"line":22,"column":17},"end":{"line":24,"column":32}},"4":{"start":{"line":23,"column":22},"end":{"line":23,"column":43}},"5":{"start":{"line":24,"column":20},"end":{"line":24,"column":31}},"6":{"start":{"line":26,"column":2},"end":{"line":26,"column":37}},"7":{"start":{"line":26,"column":25},"end":{"line":26,"column":37}},"8":{"start":{"line":28,"column":21},"end":{"line":28,"column":33}},"9":{"start":{"line":29,"column":20},"end":{"line":29,"column":48}},"10":{"start":{"line":31,"column":2},"end":{"line":31,"column":36}},"11":{"start":{"line":31,"column":24},"end":{"line":31,"column":36}},"12":{"start":{"line":33,"column":14},"end":{"line":33,"column":71}},"13":{"start":{"line":36,"column":4},"end":{"line":36,"column":49}},"14":{"start":{"line":38,"column":2},"end":{"line":38,"column":28}},"15":{"start":{"line":41,"column":16},"end":{"line":49,"column":2}},"16":{"start":{"line":68,"column":2},"end":{"line":68,"column":38}},"17":{"start":{"line":68,"column":26},"end":{"line":68,"column":38}},"18":{"start":{"line":71,"column":17},"end":{"line":71,"column":44}},"19":{"start":{"line":72,"column":2},"end":{"line":76,"column":3}},"20":{"start":{"line":73,"column":21},"end":{"line":73,"column":52}},"21":{"start":{"line":74,"column":4},"end":{"line":74,"column":56}},"22":{"start":{"line":74,"column":31},"end":{"line":74,"column":56}},"23":{"start":{"line":75,"column":4},"end":{"line":75,"column":38}},"24":{"start":{"line":79,"column":2},"end":{"line":79,"column":35}},"25":{"start":{"line":79,"column":23},"end":{"line":79,"column":35}},"26":{"start":{"line":81,"column":16},"end":{"line":81,"column":18}},"27":{"start":{"line":82,"column":16},"end":{"line":82,"column":24}},"28":{"start":{"line":84,"column":2},"end":{"line":90,"column":3}},"29":{"start":{"line":85,"column":16},"end":{"line":85,"column":69}},"30":{"start":{"line":85,"column":42},"end":{"line":85,"column":49}},"31":{"start":{"line":86,"column":4},"end":{"line":89,"column":5}},"32":{"start":{"line":87,"column":6},"end":{"line":87,"column":20}},"33":{"start":{"line":88,"column":6},"end":{"line":88,"column":20}},"34":{"start":{"line":92,"column":2},"end":{"line":96,"column":4}}},"fnMap":{"0":{"name":"calcTrend","decl":{"start":{"line":14,"column":16},"end":{"line":14,"column":25}},"loc":{"start":{"line":17,"column":28},"end":{"line":39,"column":1}}},"1":{"name":"(anonymous_1)","decl":{"start":{"line":23,"column":12},"end":{"line":23,"column":13}},"loc":{"start":{"line":23,"column":22},"end":{"line":23,"column":43}}},"2":{"name":"(anonymous_2)","decl":{"start":{"line":24,"column":10},"end":{"line":24,"column":11}},"loc":{"start":{"line":24,"column":20},"end":{"line":24,"column":31}}},"3":{"name":"bestDayOfWeek","decl":{"start":{"line":67,"column":16},"end":{"line":67,"column":29}},"loc":{"start":{"line":67,"column":57},"end":{"line":97,"column":1}}},"4":{"name":"(anonymous_4)","decl":{"start":{"line":85,"column":30},"end":{"line":85,"column":31}},"loc":{"start":{"line":85,"column":42},"end":{"line":85,"column":49}}}},"branchMap":{"0":{"loc":{"start":{"line":16,"column":2},"end":{"line":16,"column":10}},"type":"default-arg","locations":[{"start":{"line":16,"column":9},"end":{"line":16,"column":10}}]},"1":{"loc":{"start":{"line":17,"column":2},"end":{"line":17,"column":28}},"type":"default-arg","locations":[{"start":{"line":17,"column":18},"end":{"line":17,"column":28}}]},"2":{"loc":{"start":{"line":26,"column":2},"end":{"line":26,"column":37}},"type":"if","locations":[{"start":{"line":26,"column":2},"end":{"line":26,"column":37}}]},"3":{"loc":{"start":{"line":31,"column":2},"end":{"line":31,"column":36}},"type":"if","locations":[{"start":{"line":31,"column":2},"end":{"line":31,"column":36}}]},"4":{"loc":{"start":{"line":36,"column":4},"end":{"line":36,"column":49}},"type":"cond-expr","locations":[{"start":{"line":36,"column":14},"end":{"line":36,"column":18}},{"start":{"line":36,"column":21},"end":{"line":36,"column":49}}]},"5":{"loc":{"start":{"line":36,"column":21},"end":{"line":36,"column":49}},"type":"cond-expr","locations":[{"start":{"line":36,"column":32},"end":{"line":36,"column":38}},{"start":{"line":36,"column":41},"end":{"line":36,"column":49}}]},"6":{"loc":{"start":{"line":68,"column":2},"end":{"line":68,"column":38}},"type":"if","locations":[{"start":{"line":68,"column":2},"end":{"line":68,"column":38}}]},"7":{"loc":{"start":{"line":74,"column":4},"end":{"line":74,"column":56}},"type":"if","locations":[{"start":{"line":74,"column":4},"end":{"line":74,"column":56}}]},"8":{"loc":{"start":{"line":79,"column":2},"end":{"line":79,"column":35}},"type":"if","locations":[{"start":{"line":79,"column":2},"end":{"line":79,"column":35}}]},"9":{"loc":{"start":{"line":86,"column":4},"end":{"line":89,"column":5}},"type":"if","locations":[{"start":{"line":86,"column":4},"end":{"line":89,"column":5}}]}},"s":{"0":1,"1":1,"2":10,"3":10,"4":25,"5":11,"6":10,"7":2,"8":8,"9":8,"10":8,"11":1,"12":7,"13":7,"14":7,"15":1,"16":7,"17":1,"18":6,"19":6,"20":16,"21":16,"22":12,"23":16,"24":6,"25":1,"26":5,"27":5,"28":5,"29":11,"30":13,"31":11,"32":6,"33":6,"34":5},"f":{"0":10,"1":25,"2":11,"3":7,"4":13},"b":{"0":[0],"1":[0],"2":[2],"3":[1],"4":[3,4],"5":[3,1],"6":[1],"7":[12],"8":[1],"9":[6]}}
,"/Users/bruno.teixeira/Downloads/bsb_price_track/src/utils/retry.ts": {"path":"/Users/bruno.teixeira/Downloads/bsb_price_track/src/utils/retry.ts","statementMap":{"0":{"start":{"line":1,"column":0},"end":{"line":1,"column":7}},"1":{"start":{"line":6,"column":49},"end":{"line":6,"column":86}},"2":{"start":{"line":6,"column":68},"end":{"line":6,"column":85}},"3":{"start":{"line":9,"column":2},"end":{"line":19,"column":3}},"4":{"start":{"line":9,"column":21},"end":{"line":9,"column":22}},"5":{"start":{"line":10,"column":4},"end":{"line":18,"column":5}},"6":{"start":{"line":11,"column":6},"end":{"line":11,"column":24}},"7":{"start":{"line":13,"column":6},"end":{"line":13,"column":20}},"8":{"start":{"line":14,"column":6},"end":{"line":14,"column":30}},"9":{"start":{"line":15,"column":6},"end":{"line":17,"column":7}},"10":{"start":{"line":16,"column":8},"end":{"line":16,"column":56}},"11":{"start":{"line":20,"column":2},"end":{"line":20,"column":16}}},"fnMap":{"0":{"name":"withRetry","decl":{"start":{"line":1,"column":22},"end":{"line":1,"column":31}},"loc":{"start":{"line":6,"column":86},"end":{"line":21,"column":1}}},"1":{"name":"(anonymous_1)","decl":{"start":{"line":6,"column":41},"end":{"line":6,"column":42}},"loc":{"start":{"line":6,"column":49},"end":{"line":6,"column":86}}},"2":{"name":"(anonymous_2)","decl":{"start":{"line":6,"column":61},"end":{"line":6,"column":62}},"loc":{"start":{"line":6,"column":68},"end":{"line":6,"column":85}}}},"branchMap":{"0":{"loc":{"start":{"line":6,"column":2},"end":{"line":6,"column":86}},"type":"default-arg","locations":[{"start":{"line":6,"column":41},"end":{"line":6,"column":86}}]},"1":{"loc":{"start":{"line":15,"column":6},"end":{"line":17,"column":7}},"type":"if","locations":[{"start":{"line":15,"column":6},"end":{"line":17,"column":7}}]}},"s":{"0":1,"1":1,"2":1,"3":7,"4":7,"5":15,"6":15,"7":10,"8":10,"9":10,"10":8,"11":2},"f":{"0":7,"1":1,"2":1},"b":{"0":[1],"1":[8]}}
}
