TN:
SF:src/apis/apify.ts
FN:29,searchWithApify
FNF:1
FNH:1
FNDA:9,searchWithApify
DA:1,1
DA:2,1
DA:4,1
DA:6,1
DA:29,1
DA:30,9
DA:32,9
DA:33,9
DA:55,8
DA:58,8
DA:60,8
DA:61,7
DA:66,7
DA:67,8
DA:69,7
DA:70,7
DA:71,7
DA:72,7
DA:73,7
DA:76,7
DA:79,7
DA:81,7
DA:97,8
DA:98,8
DA:100,1
DA:101,1
LF:26
LH:26
BRDA:39,0,0,1
BRDA:39,0,1,8
BRDA:62,1,0,7
BRDA:62,1,1,0
BRDA:63,2,0,7
BRDA:63,2,1,0
BRDA:67,3,0,1
BRDA:70,4,0,7
BRDA:70,4,1,1
BRDA:72,5,0,7
BRDA:72,5,1,1
BRDA:73,6,0,7
BRDA:73,6,1,1
BRF:13
BRH:11
end_of_record
TN:
SF:src/apis/rapidapi.ts
FN:29,searchWithRapidAPI
FNF:1
FNH:1
FNDA:6,searchWithRapidAPI
DA:1,1
DA:2,1
DA:4,1
DA:10,1
DA:12,1
DA:29,1
DA:30,6
DA:32,6
DA:34,6
DA:45,5
DA:46,5
DA:47,5
DA:48,5
DA:51,5
DA:72,5
DA:74,5
DA:76,5
DA:78,5
DA:79,6
DA:80,6
DA:82,4
DA:83,4
DA:84,4
DA:86,4
DA:88,4
DA:103,5
DA:105,1
DA:106,1
LF:28
LH:28
BRDA:45,0,0,5
BRDA:45,0,1,1
BRDA:46,1,0,5
BRDA:46,1,1,1
BRDA:47,2,0,5
BRDA:47,2,1,1
BRDA:48,3,0,5
BRDA:48,3,1,1
BRDA:72,4,0,5
BRDA:72,4,1,0
BRDA:80,5,0,2
BRDA:80,6,0,6
BRDA:80,6,1,5
BRDA:84,7,0,4
BRDA:84,7,1,0
BRDA:89,8,0,4
BRDA:89,8,1,0
BRDA:90,9,0,4
BRDA:90,9,1,0
BRF:19
BRH:15
end_of_record
TN:
SF:src/services/currency.ts
FN:10,getUSDtoBRL
FN:32,convertToBRL
FN:53,(anonymous_3)
FN:60,formatBRL
FNF:4
FNH:4
FNDA:7,getUSDtoBRL
FNDA:5,convertToBRL
FNDA:1,(anonymous_3)
FNDA:19,formatBRL
DA:1,10
DA:5,10
DA:7,10
DA:8,10
DA:10,10
DA:11,7
DA:12,1
DA:15,6
DA:16,6
DA:20,4
DA:21,4
DA:23,4
DA:24,4
DA:25,4
DA:27,2
DA:28,2
DA:32,10
DA:33,5
DA:35,4
DA:36,2
DA:37,2
DA:41,2
DA:42,2
DA:46,1
DA:47,1
DA:48,1
DA:51,1
DA:53,1
DA:55,1
DA:56,1
DA:60,10
DA:61,19
LF:32
LH:32
BRDA:11,0,0,1
BRDA:11,1,0,7
BRDA:11,1,1,1
BRDA:21,2,0,0
BRDA:33,3,0,1
BRDA:35,4,0,2
BRDA:47,5,0,0
BRDA:51,6,0,1
BRDA:51,6,1,0
BRF:9
BRH:6
end_of_record
TN:
SF:src/services/healthCheck.ts
FN:7,maybeHealthCheck
FNF:1
FNH:1
FNDA:5,maybeHealthCheck
DA:1,1
DA:2,1
DA:3,1
DA:5,1
DA:7,1
DA:8,5
DA:10,5
DA:11,5
DA:12,3
DA:15,5
DA:16,1
DA:17,1
DA:20,4
DA:21,4
DA:22,4
LF:15
LH:15
BRDA:11,0,0,3
BRDA:12,1,0,3
BRDA:12,1,1,1
BRDA:15,2,0,1
BRF:4
BRH:4
end_of_record
TN:
SF:src/services/history.ts
FN:7,loadHistory
FN:12,appendHistory
FNF:2
FNH:2
FNDA:12,loadHistory
FNDA:5,appendHistory
DA:1,1
DA:2,1
DA:5,1
DA:7,1
DA:8,12
DA:9,7
DA:12,1
DA:13,5
DA:14,5
DA:15,5
DA:16,5
DA:17,5
LF:12
LH:12
BRDA:8,0,0,5
BRF:1
BRH:1
end_of_record
TN:
SF:src/services/telegram.ts
FN:8,formatDate
FN:13,buildMessage
FN:41,sendFlightAlert
FN:58,sendErrorAlert
FN:78,sendHealthCheck
FN:93,sendDateRangeSummary
FN:117,sendSummary
FNF:7
FNH:6
FNDA:9,formatDate
FNDA:6,buildMessage
FNDA:6,sendFlightAlert
FNDA:2,sendErrorAlert
FNDA:0,sendHealthCheck
FNDA:5,sendDateRangeSummary
FNDA:2,sendSummary
DA:1,1
DA:2,1
DA:4,1
DA:6,1
DA:9,9
DA:10,9
DA:14,6
DA:16,6
DA:24,6
DA:25,2
DA:28,6
DA:29,1
DA:32,6
DA:33,6
DA:34,6
DA:35,6
DA:36,6
DA:38,6
DA:41,1
DA:42,6
DA:44,6
DA:45,6
DA:51,5
DA:53,1
DA:54,1
DA:58,1
DA:59,2
DA:60,2
DA:66,2
DA:67,2
DA:72,1
DA:74,1
DA:78,1
DA:79,0
DA:80,0
DA:81,0
DA:82,0
DA:87,0
DA:89,0
DA:93,1
DA:100,5
DA:101,5
DA:102,5
DA:106,5
DA:107,5
DA:113,0
DA:117,1
DA:118,2
DA:119,2
DA:123,2
DA:124,2
DA:129,0
LF:52
LH:44
BRDA:14,0,0,1
BRDA:14,0,1,5
BRDA:24,1,0,2
BRDA:28,2,0,1
BRDA:98,3,0,3
BRDA:100,4,0,1
BRDA:100,4,1,4
BRDA:101,5,0,5
BRDA:101,5,1,2
BRDA:102,6,0,4
BRDA:102,6,1,1
BRDA:104,7,0,1
BRDA:104,7,1,0
BRDA:118,8,0,0
BRDA:118,8,1,2
BRDA:119,9,0,1
BRDA:119,9,1,1
BRF:17
BRH:15
end_of_record
TN:
SF:src/services/tracker.ts
FN:10,runTracker
FN:30,fetchFlights
FN:33,(anonymous_2)
FN:36,(anonymous_3)
FN:49,searchAndNotify
FN:71,(anonymous_5)
FN:72,(anonymous_6)
FN:82,(anonymous_7)
FN:83,(anonymous_8)
FN:94,searchDateRange
FN:121,(anonymous_10)
FN:122,(anonymous_11)
FN:132,(anonymous_12)
FN:143,(anonymous_13)
FNF:14
FNH:13
FNDA:17,runTracker
FNDA:26,fetchFlights
FNDA:53,(anonymous_2)
FNDA:40,(anonymous_3)
FNDA:12,searchAndNotify
FNDA:14,(anonymous_5)
FNDA:14,(anonymous_6)
FNDA:14,(anonymous_7)
FNDA:4,(anonymous_8)
FNDA:6,searchDateRange
FNDA:7,(anonymous_10)
FNDA:7,(anonymous_11)
FNDA:0,(anonymous_12)
FNDA:3,(anonymous_13)
DA:1,1
DA:3,1
DA:4,1
DA:5,1
DA:6,1
DA:7,1
DA:8,1
DA:10,1
DA:11,17
DA:13,17
DA:14,18
DA:22,18
DA:23,12
DA:25,6
DA:31,26
DA:32,26
DA:33,53
DA:37,40
DA:39,13
DA:40,13
DA:42,13
DA:43,13
DA:44,4
DA:45,4
DA:50,12
DA:51,12
DA:52,12
DA:54,12
DA:56,12
DA:57,12
DA:59,2
DA:60,2
DA:61,2
DA:64,10
DA:71,14
DA:72,14
DA:81,10
DA:82,14
DA:83,4
DA:85,10
DA:87,10
DA:88,10
DA:91,10
DA:95,6
DA:96,6
DA:98,6
DA:99,6
DA:101,6
DA:102,14
DA:103,14
DA:105,14
DA:106,14
DA:107,14
DA:109,7
DA:110,7
DA:111,7
DA:114,7
DA:121,7
DA:122,7
DA:131,7
DA:132,7
DA:136,6
DA:137,2
DA:138,2
DA:142,4
DA:143,3
DA:146,4
DA:147,3
DA:150,4
LF:69
LH:69
BRDA:22,0,0,12
BRDA:22,0,1,6
BRDA:71,1,0,9
BRDA:71,1,1,1
BRDA:121,2,0,7
BRDA:121,2,1,0
BRDA:131,3,0,7
BRDA:132,4,0,0
BRDA:132,4,1,0
BRDA:136,5,0,2
BRDA:142,6,0,4
BRDA:142,6,1,0
BRDA:143,7,0,1
BRDA:143,7,1,2
BRDA:146,8,0,3
BRDA:146,9,0,4
BRDA:146,9,1,4
BRF:17
BRH:13
end_of_record
TN:
SF:src/utils/dates.ts
FN:1,generateDateRange
FNF:1
FNH:1
FNDA:23,generateDateRange
DA:1,2
DA:2,23
DA:3,23
DA:4,23
DA:5,66
DA:6,66
DA:7,66
DA:9,23
LF:8
LH:8
BRF:0
BRH:0
end_of_record
TN:
SF:src/utils/retry.ts
FN:1,withRetry
FN:6,(anonymous_1)
FN:6,(anonymous_2)
FNF:3
FNH:3
FNDA:33,withRetry
FNDA:1,(anonymous_1)
FNDA:1,(anonymous_2)
DA:1,2
DA:6,1
DA:9,33
DA:10,68
DA:11,68
DA:13,50
DA:14,50
DA:15,50
DA:16,35
DA:20,15
LF:10
LH:10
BRDA:6,0,0,1
BRDA:15,1,0,35
BRF:2
BRH:2
end_of_record
