TN:
SF:src/apis/apify.ts
FN:35,searchWithApify
FNF:1
FNH:1
FNDA:9,searchWithApify
DA:1,1
DA:2,1
DA:4,1
DA:6,1
DA:35,1
DA:36,9
DA:38,9
DA:40,9
DA:63,8
DA:64,8
DA:66,8
DA:67,1
DA:71,7
DA:79,7
DA:82,7
DA:84,7
DA:85,6
DA:90,6
DA:91,7
DA:93,6
DA:94,6
DA:95,6
DA:96,6
DA:97,6
DA:100,6
DA:103,6
DA:105,6
DA:121,7
DA:122,7
DA:124,2
DA:125,2
LF:31
LH:31
BRDA:46,0,0,0
BRDA:46,0,1,9
BRDA:66,1,0,1
BRDA:86,2,0,6
BRDA:86,2,1,0
BRDA:87,3,0,6
BRDA:87,3,1,0
BRDA:91,4,0,1
BRDA:94,5,0,6
BRDA:94,5,1,1
BRDA:96,6,0,6
BRDA:96,6,1,1
BRDA:97,7,0,6
BRDA:97,7,1,1
BRF:14
BRH:11
end_of_record
TN:
SF:src/apis/rapidapi.ts
FN:29,searchWithRapidAPI
FNF:1
FNH:1
FNDA:6,searchWithRapidAPI
DA:1,1
DA:2,1
DA:4,1
DA:10,1
DA:12,1
DA:29,1
DA:30,6
DA:32,6
DA:34,6
DA:45,5
DA:46,5
DA:47,5
DA:48,5
DA:51,5
DA:72,5
DA:74,5
DA:76,5
DA:78,5
DA:79,6
DA:80,6
DA:82,4
DA:83,4
DA:84,4
DA:86,4
DA:88,4
DA:103,5
DA:105,1
DA:106,1
LF:28
LH:28
BRDA:45,0,0,5
BRDA:45,0,1,1
BRDA:46,1,0,5
BRDA:46,1,1,1
BRDA:47,2,0,5
BRDA:47,2,1,1
BRDA:48,3,0,5
BRDA:48,3,1,1
BRDA:72,4,0,5
BRDA:72,4,1,0
BRDA:80,5,0,2
BRDA:80,6,0,6
BRDA:80,6,1,5
BRDA:84,7,0,4
BRDA:84,7,1,0
BRDA:89,8,0,4
BRDA:89,8,1,0
BRDA:90,9,0,4
BRDA:90,9,1,0
BRF:19
BRH:15
end_of_record
TN:
SF:src/services/currency.ts
FN:10,getUSDtoBRL
FN:32,convertToBRL
FN:53,(anonymous_3)
FN:60,formatBRL
FNF:4
FNH:4
FNDA:7,getUSDtoBRL
FNDA:5,convertToBRL
FNDA:1,(anonymous_3)
FNDA:19,formatBRL
DA:1,10
DA:5,10
DA:7,10
DA:8,10
DA:10,10
DA:11,7
DA:12,1
DA:15,6
DA:16,6
DA:20,4
DA:21,4
DA:23,4
DA:24,4
DA:25,4
DA:27,2
DA:28,2
DA:32,10
DA:33,5
DA:35,4
DA:36,2
DA:37,2
DA:41,2
DA:42,2
DA:46,1
DA:47,1
DA:48,1
DA:51,1
DA:53,1
DA:55,1
DA:56,1
DA:60,10
DA:61,19
LF:32
LH:32
BRDA:11,0,0,1
BRDA:11,1,0,7
BRDA:11,1,1,1
BRDA:21,2,0,0
BRDA:33,3,0,1
BRDA:35,4,0,2
BRDA:47,5,0,0
BRDA:51,6,0,1
BRDA:51,6,1,0
BRF:9
BRH:6
end_of_record
TN:
SF:src/services/healthCheck.ts
FN:7,maybeHealthCheck
FNF:1
FNH:1
FNDA:5,maybeHealthCheck
DA:1,1
DA:2,1
DA:3,1
DA:5,1
DA:7,1
DA:8,5
DA:10,5
DA:11,5
DA:12,3
DA:15,5
DA:16,1
DA:17,1
DA:20,4
DA:21,4
DA:22,4
LF:15
LH:15
BRDA:11,0,0,3
BRDA:12,1,0,3
BRDA:12,1,1,1
BRDA:15,2,0,1
BRF:4
BRH:4
end_of_record
TN:
SF:src/services/history.ts
FN:7,loadHistory
FN:12,appendHistory
FNF:2
FNH:2
FNDA:12,loadHistory
FNDA:5,appendHistory
DA:1,1
DA:2,1
DA:5,1
DA:7,1
DA:8,12
DA:9,7
DA:12,1
DA:13,5
DA:14,5
DA:15,5
DA:16,5
DA:17,5
LF:12
LH:12
BRDA:8,0,0,5
BRF:1
BRH:1
end_of_record
TN:
SF:src/services/telegram.ts
FN:8,formatDate
FN:13,buildMessage
FN:41,sendFlightAlert
FN:58,sendHealthCheck
FN:73,sendDateRangeSummary
FN:97,sendSummary
FNF:6
FNH:5
FNDA:9,formatDate
FNDA:6,buildMessage
FNDA:6,sendFlightAlert
FNDA:0,sendHealthCheck
FNDA:5,sendDateRangeSummary
FNDA:2,sendSummary
DA:1,1
DA:2,1
DA:4,1
DA:6,1
DA:9,9
DA:10,9
DA:14,6
DA:16,6
DA:24,6
DA:25,2
DA:28,6
DA:29,1
DA:32,6
DA:33,6
DA:34,6
DA:35,6
DA:36,6
DA:38,6
DA:41,1
DA:42,6
DA:44,6
DA:45,6
DA:51,5
DA:53,1
DA:54,1
DA:58,1
DA:59,0
DA:60,0
DA:61,0
DA:62,0
DA:67,0
DA:69,0
DA:73,1
DA:80,5
DA:81,5
DA:82,5
DA:86,5
DA:87,5
DA:93,0
DA:97,1
DA:98,2
DA:99,2
DA:103,2
DA:104,2
DA:109,0
LF:45
LH:37
BRDA:14,0,0,1
BRDA:14,0,1,5
BRDA:24,1,0,2
BRDA:28,2,0,1
BRDA:78,3,0,3
BRDA:80,4,0,1
BRDA:80,4,1,4
BRDA:81,5,0,5
BRDA:81,5,1,2
BRDA:82,6,0,4
BRDA:82,6,1,1
BRDA:84,7,0,1
BRDA:84,7,1,0
BRDA:98,8,0,0
BRDA:98,8,1,2
BRDA:99,9,0,1
BRDA:99,9,1,1
BRF:17
BRH:15
end_of_record
TN:
SF:src/services/tracker.ts
FN:10,runTracker
FN:30,fetchFlights
FN:33,(anonymous_2)
FN:36,(anonymous_3)
FN:49,searchAndNotify
FN:70,(anonymous_5)
FN:71,(anonymous_6)
FN:81,(anonymous_7)
FN:82,(anonymous_8)
FN:93,searchDateRange
FN:118,(anonymous_10)
FN:119,(anonymous_11)
FN:129,(anonymous_12)
FN:135,(anonymous_13)
FNF:14
FNH:13
FNDA:14,runTracker
FNDA:20,fetchFlights
FNDA:35,(anonymous_2)
FNDA:22,(anonymous_3)
FNDA:11,searchAndNotify
FNDA:14,(anonymous_5)
FNDA:14,(anonymous_6)
FNDA:14,(anonymous_7)
FNDA:4,(anonymous_8)
FNDA:4,searchDateRange
FNDA:6,(anonymous_10)
FNDA:6,(anonymous_11)
FNDA:0,(anonymous_12)
FNDA:3,(anonymous_13)
DA:1,1
DA:3,1
DA:4,1
DA:5,1
DA:6,1
DA:7,1
DA:8,1
DA:10,1
DA:11,14
DA:13,14
DA:14,15
DA:22,15
DA:23,11
DA:25,4
DA:31,20
DA:32,20
DA:33,35
DA:37,22
DA:39,13
DA:40,13
DA:42,7
DA:43,7
DA:44,3
DA:45,3
DA:50,11
DA:51,11
DA:52,11
DA:54,11
DA:56,11
DA:57,11
DA:59,1
DA:60,1
DA:63,10
DA:70,14
DA:71,14
DA:80,10
DA:81,14
DA:82,4
DA:84,10
DA:86,10
DA:87,10
DA:90,10
DA:94,4
DA:95,4
DA:97,4
DA:99,4
DA:100,9
DA:101,9
DA:103,9
DA:104,9
DA:105,9
DA:107,3
DA:108,3
DA:111,6
DA:118,6
DA:119,6
DA:128,6
DA:129,6
DA:134,4
DA:135,3
DA:138,4
DA:139,2
DA:142,4
LF:63
LH:63
BRDA:22,0,0,11
BRDA:22,0,1,4
BRDA:70,1,0,9
BRDA:70,1,1,1
BRDA:118,2,0,6
BRDA:118,2,1,0
BRDA:128,3,0,6
BRDA:129,4,0,0
BRDA:129,4,1,0
BRDA:134,5,0,3
BRDA:134,5,1,1
BRDA:135,6,0,1
BRDA:135,6,1,2
BRDA:138,7,0,2
BRDA:138,8,0,4
BRDA:138,8,1,3
BRF:16
BRH:13
end_of_record
TN:
SF:src/utils/dates.ts
FN:1,generateDateRange
FNF:1
FNH:1
FNDA:20,generateDateRange
DA:1,2
DA:2,20
DA:3,20
DA:4,20
DA:5,60
DA:6,60
DA:7,60
DA:9,20
LF:8
LH:8
BRF:0
BRH:0
end_of_record
TN:
SF:src/utils/retry.ts
FN:1,withRetry
FN:6,(anonymous_1)
FN:6,(anonymous_2)
FNF:3
FNH:3
FNDA:27,withRetry
FNDA:1,(anonymous_1)
FNDA:1,(anonymous_2)
DA:1,2
DA:6,1
DA:9,27
DA:10,50
DA:11,50
DA:13,32
DA:14,32
DA:15,32
DA:16,23
DA:20,9
LF:10
LH:10
BRDA:6,0,0,1
BRDA:15,1,0,23
BRF:2
BRH:2
end_of_record
